-- The C compiler identification is GNU 11.4.0
-- The CXX compiler identification is GNU 11.4.0
-- Detecting C compiler ABI info
-- Detecting C compiler ABI info - done
-- Check for working C compiler: /usr/bin/cc - skipped
-- Detecting C compile features
-- Detecting C compile features - done
-- Detecting CXX compiler ABI info
-- Detecting CXX compiler ABI info - done
-- Check for working CXX compiler: /usr/bin/c++ - skipped
-- Detecting CXX compile features
-- Detecting CXX compile features - done
-- Found ament_cmake: 1.3.8 (/opt/ros/humble/share/ament_cmake/cmake)
-- Found Python3: /usr/bin/python3 (found version "3.10.12") found components: Interpreter 
-- Found rclcpp: 16.0.8 (/opt/ros/humble/share/rclcpp/cmake)
-- Found rosidl_generator_c: 3.1.5 (/opt/ros/humble/share/rosidl_generator_c/cmake)
-- Found rosidl_adapter: 3.1.5 (/opt/ros/humble/share/rosidl_adapter/cmake)
-- Found rosidl_generator_cpp: 3.1.5 (/opt/ros/humble/share/rosidl_generator_cpp/cmake)
-- Using all available rosidl_typesupport_c: rosidl_typesupport_fastrtps_c;rosidl_typesupport_introspection_c
-- Using all available rosidl_typesupport_cpp: rosidl_typesupport_fastrtps_cpp;rosidl_typesupport_introspection_cpp
-- Found rmw_implementation_cmake: 6.1.1 (/opt/ros/humble/share/rmw_implementation_cmake/cmake)
-- Found rmw_fastrtps_cpp: 6.2.6 (/opt/ros/humble/share/rmw_fastrtps_cpp/cmake)
-- Found OpenSSL: /usr/lib/x86_64-linux-gnu/libcrypto.so (found version "3.0.2")  
-- Found FastRTPS: /opt/ros/humble/include  
-- Using RMW implementation 'rmw_fastrtps_cpp' as default
-- Looking for pthread.h
-- Looking for pthread.h - found
-- Performing Test CMAKE_HAVE_LIBC_PTHREAD
-- Performing Test CMAKE_HAVE_LIBC_PTHREAD - Success
-- Found Threads: TRUE  
-- Found sensor_msgs: 4.2.3 (/opt/ros/humble/share/sensor_msgs/cmake)
-- Configuring done
-- Generating done
-- Build files have been written to: /home/berkay/Desktop/custom_robot/build/lidar_driver
[ 50%] [32mBuilding CXX object CMakeFiles/lidar_subscriber_node.dir/src/lidar_subscriber.cpp.o[0m
In file included from [01m[K/opt/ros/humble/include/rclcpp/rclcpp/logging.hpp:24[m[K,
                 from [01m[K/opt/ros/humble/include/rclcpp/rclcpp/client.hpp:40[m[K,
                 from [01m[K/opt/ros/humble/include/rclcpp/rclcpp/callback_group.hpp:24[m[K,
                 from [01m[K/opt/ros/humble/include/rclcpp/rclcpp/any_executable.hpp:20[m[K,
                 from [01m[K/opt/ros/humble/include/rclcpp/rclcpp/memory_strategy.hpp:25[m[K,
                 from [01m[K/opt/ros/humble/include/rclcpp/rclcpp/memory_strategies.hpp:18[m[K,
                 from [01m[K/opt/ros/humble/include/rclcpp/rclcpp/executor_options.hpp:20[m[K,
                 from [01m[K/opt/ros/humble/include/rclcpp/rclcpp/executor.hpp:37[m[K,
                 from [01m[K/opt/ros/humble/include/rclcpp/rclcpp/executors/multi_threaded_executor.hpp:25[m[K,
                 from [01m[K/opt/ros/humble/include/rclcpp/rclcpp/executors.hpp:21[m[K,
                 from [01m[K/opt/ros/humble/include/rclcpp/rclcpp/rclcpp.hpp:155[m[K,
                 from [01m[K/home/berkay/Desktop/custom_robot/src/lidar_driver/src/lidar_subscriber.cpp:1[m[K:
[01m[K/home/berkay/Desktop/custom_robot/src/lidar_driver/src/lidar_subscriber.cpp:[m[K In member function ‘[01m[Kvoid LidarSubscriber::callbackLidarData(sensor_msgs::msg::LaserScan_<std::allocator<void> >::SharedPtr)[m[K’:
[01m[K/home/berkay/Desktop/custom_robot/src/lidar_driver/src/lidar_subscriber.cpp:19:41:[m[K [01;35m[Kwarning: [m[Kformat ‘[01m[K%d[m[K’ expects argument of type ‘[01m[Kint[m[K’, but argument 5 has type ‘[01m[Kstd::vector<float>::size_type[m[K’ {aka ‘[01m[Klong unsigned int[m[K’} [[01;35m[K]8;;https://gcc.gnu.org/onlinedocs/gcc/Warning-Options.html#index-Wformat=-Wformat=]8;;[m[K]
   19 |         RCLCPP_INFO(this->get_logger(), [01;35m[K"%d"[m[K,[32m[Kdata.size()[m[K);
      |                                         [01;35m[K^~~~[m[K [32m[K~~~~~~~~~~~[m[K
      |                                                       [32m[K|[m[K
      |                                                       [32m[Kstd::vector<float>::size_type {aka long unsigned int}[m[K
[01m[K/home/berkay/Desktop/custom_robot/src/lidar_driver/src/lidar_subscriber.cpp:19:43:[m[K [01;36m[Knote: [m[Kformat string is defined here
   19 |         RCLCPP_INFO(this->get_logger(), "[01;36m[K%d[m[K",data.size());
      |                                          [01;36m[K~^[m[K
      |                                           [01;36m[K|[m[K
      |                                           [01;36m[Kint[m[K
      |                                          [32m[K%ld[m[K
[100%] [32m[1mLinking CXX executable lidar_subscriber_node[0m
[100%] Built target lidar_subscriber_node
-- Install configuration: ""
-- Installing: /home/berkay/Desktop/custom_robot/install/lidar_driver/lib/lidar_driver/lidar_subscriber_node
-- Set runtime path of "/home/berkay/Desktop/custom_robot/install/lidar_driver/lib/lidar_driver/lidar_subscriber_node" to ""
-- Installing: /home/berkay/Desktop/custom_robot/install/lidar_driver/share/ament_index/resource_index/package_run_dependencies/lidar_driver
-- Installing: /home/berkay/Desktop/custom_robot/install/lidar_driver/share/ament_index/resource_index/parent_prefix_path/lidar_driver
-- Installing: /home/berkay/Desktop/custom_robot/install/lidar_driver/share/lidar_driver/environment/ament_prefix_path.sh
-- Installing: /home/berkay/Desktop/custom_robot/install/lidar_driver/share/lidar_driver/environment/ament_prefix_path.dsv
-- Installing: /home/berkay/Desktop/custom_robot/install/lidar_driver/share/lidar_driver/environment/path.sh
-- Installing: /home/berkay/Desktop/custom_robot/install/lidar_driver/share/lidar_driver/environment/path.dsv
-- Installing: /home/berkay/Desktop/custom_robot/install/lidar_driver/share/lidar_driver/local_setup.bash
-- Installing: /home/berkay/Desktop/custom_robot/install/lidar_driver/share/lidar_driver/local_setup.sh
-- Installing: /home/berkay/Desktop/custom_robot/install/lidar_driver/share/lidar_driver/local_setup.zsh
-- Installing: /home/berkay/Desktop/custom_robot/install/lidar_driver/share/lidar_driver/local_setup.dsv
-- Installing: /home/berkay/Desktop/custom_robot/install/lidar_driver/share/lidar_driver/package.dsv
-- Installing: /home/berkay/Desktop/custom_robot/install/lidar_driver/share/ament_index/resource_index/packages/lidar_driver
-- Installing: /home/berkay/Desktop/custom_robot/install/lidar_driver/share/lidar_driver/cmake/lidar_driverConfig.cmake
-- Installing: /home/berkay/Desktop/custom_robot/install/lidar_driver/share/lidar_driver/cmake/lidar_driverConfig-version.cmake
-- Installing: /home/berkay/Desktop/custom_robot/install/lidar_driver/share/lidar_driver/package.xml
