[0.154s] Invoking command in '/home/berkay/Desktop/custom_robot/build/custom_robot_description': CMAKE_PREFIX_PATH=${CMAKE_PREFIX_PATH}:/home/berkay/ros2_ws/install/my_package_python:/opt/ros/humble /usr/bin/cmake --build /home/berkay/Desktop/custom_robot/build/custom_robot_description -- -j16 -l16
[0.195s] Invoked command in '/home/berkay/Desktop/custom_robot/build/custom_robot_description' returned '0': CMAKE_PREFIX_PATH=${CMAKE_PREFIX_PATH}:/home/berkay/ros2_ws/install/my_package_python:/opt/ros/humble /usr/bin/cmake --build /home/berkay/Desktop/custom_robot/build/custom_robot_description -- -j16 -l16
[0.230s] Invoking command in '/home/berkay/Desktop/custom_robot/build/custom_robot_description': CMAKE_PREFIX_PATH=${CMAKE_PREFIX_PATH}:/home/berkay/ros2_ws/install/my_package_python:/opt/ros/humble /usr/bin/cmake --install /home/berkay/Desktop/custom_robot/build/custom_robot_description
[0.238s] -- Install configuration: ""
[0.238s] -- Up-to-date: /home/berkay/Desktop/custom_robot/install/custom_robot_description/share/custom_robot_description//urdf
[0.239s] -- Up-to-date: /home/berkay/Desktop/custom_robot/install/custom_robot_description/share/custom_robot_description//urdf/lidar.xacro
[0.239s] -- Up-to-date: /home/berkay/Desktop/custom_robot/install/custom_robot_description/share/custom_robot_description//urdf/mobile_base_gazebo.xacro
[0.239s] -- Up-to-date: /home/berkay/Desktop/custom_robot/install/custom_robot_description/share/custom_robot_description//urdf/common_properties.xacro
[0.239s] -- Up-to-date: /home/berkay/Desktop/custom_robot/install/custom_robot_description/share/custom_robot_description//urdf/mobile_base.xacro
[0.239s] -- Up-to-date: /home/berkay/Desktop/custom_robot/install/custom_robot_description/share/custom_robot_description//urdf/camera.xacro
[0.239s] -- Installing: /home/berkay/Desktop/custom_robot/install/custom_robot_description/share/custom_robot_description//urdf/my_robot.urdf.xacro
[0.239s] -- Up-to-date: /home/berkay/Desktop/custom_robot/install/custom_robot_description/share/custom_robot_description//launch
[0.240s] -- Up-to-date: /home/berkay/Desktop/custom_robot/install/custom_robot_description/share/custom_robot_description//launch/display.launch.xml
[0.240s] -- Up-to-date: /home/berkay/Desktop/custom_robot/install/custom_robot_description/share/custom_robot_description//rviz
[0.240s] -- Up-to-date: /home/berkay/Desktop/custom_robot/install/custom_robot_description/share/custom_robot_description//rviz/urdf_config.rviz
[0.240s] -- Up-to-date: /home/berkay/Desktop/custom_robot/install/custom_robot_description/share/ament_index/resource_index/package_run_dependencies/custom_robot_description
[0.240s] -- Up-to-date: /home/berkay/Desktop/custom_robot/install/custom_robot_description/share/ament_index/resource_index/parent_prefix_path/custom_robot_description
[0.240s] -- Up-to-date: /home/berkay/Desktop/custom_robot/install/custom_robot_description/share/custom_robot_description/environment/ament_prefix_path.sh
[0.240s] -- Up-to-date: /home/berkay/Desktop/custom_robot/install/custom_robot_description/share/custom_robot_description/environment/ament_prefix_path.dsv
[0.241s] -- Up-to-date: /home/berkay/Desktop/custom_robot/install/custom_robot_description/share/custom_robot_description/environment/path.sh
[0.241s] -- Up-to-date: /home/berkay/Desktop/custom_robot/install/custom_robot_description/share/custom_robot_description/environment/path.dsv
[0.242s] -- Up-to-date: /home/berkay/Desktop/custom_robot/install/custom_robot_description/share/custom_robot_description/local_setup.bash
[0.242s] -- Up-to-date: /home/berkay/Desktop/custom_robot/install/custom_robot_description/share/custom_robot_description/local_setup.sh
[0.242s] -- Up-to-date: /home/berkay/Desktop/custom_robot/install/custom_robot_description/share/custom_robot_description/local_setup.zsh
[0.242s] -- Up-to-date: /home/berkay/Desktop/custom_robot/install/custom_robot_description/share/custom_robot_description/local_setup.dsv
[0.243s] -- Installing: /home/berkay/Desktop/custom_robot/install/custom_robot_description/share/custom_robot_description/package.dsv
[0.243s] -- Up-to-date: /home/berkay/Desktop/custom_robot/install/custom_robot_description/share/ament_index/resource_index/packages/custom_robot_description
[0.243s] -- Up-to-date: /home/berkay/Desktop/custom_robot/install/custom_robot_description/share/custom_robot_description/cmake/custom_robot_descriptionConfig.cmake
[0.244s] -- Up-to-date: /home/berkay/Desktop/custom_robot/install/custom_robot_description/share/custom_robot_description/cmake/custom_robot_descriptionConfig-version.cmake
[0.244s] -- Up-to-date: /home/berkay/Desktop/custom_robot/install/custom_robot_description/share/custom_robot_description/package.xml
[0.244s] Invoked command in '/home/berkay/Desktop/custom_robot/build/custom_robot_description' returned '0': CMAKE_PREFIX_PATH=${CMAKE_PREFIX_PATH}:/home/berkay/ros2_ws/install/my_package_python:/opt/ros/humble /usr/bin/cmake --install /home/berkay/Desktop/custom_robot/build/custom_robot_description
