[0.090s] Invoking command in '/home/berkay/Desktop/custom_robot/build/lidar_driver': CMAKE_PREFIX_PATH=${CMAKE_PREFIX_PATH}:/home/berkay/ros2_ws/install/my_package_python:/opt/ros/humble /usr/bin/cmake --build /home/berkay/Desktop/custom_robot/build/lidar_driver -- -j16 -l16
[0.115s] -- Found ament_cmake: 1.3.8 (/opt/ros/humble/share/ament_cmake/cmake)
[0.223s] -- Found rclcpp: 16.0.8 (/opt/ros/humble/share/rclcpp/cmake)
[0.250s] -- Found rosidl_generator_c: 3.1.5 (/opt/ros/humble/share/rosidl_generator_c/cmake)
[0.252s] -- Found rosidl_adapter: 3.1.5 (/opt/ros/humble/share/rosidl_adapter/cmake)
[0.257s] -- Found rosidl_generator_cpp: 3.1.5 (/opt/ros/humble/share/rosidl_generator_cpp/cmake)
[0.268s] -- Using all available rosidl_typesupport_c: rosidl_typesupport_fastrtps_c;rosidl_typesupport_introspection_c
[0.281s] -- Using all available rosidl_typesupport_cpp: rosidl_typesupport_fastrtps_cpp;rosidl_typesupport_introspection_cpp
[0.328s] -- Found rmw_implementation_cmake: 6.1.1 (/opt/ros/humble/share/rmw_implementation_cmake/cmake)
[0.330s] -- Found rmw_fastrtps_cpp: 6.2.6 (/opt/ros/humble/share/rmw_fastrtps_cpp/cmake)
[0.451s] -- Using RMW implementation 'rmw_fastrtps_cpp' as default
[0.583s] -- Found sensor_msgs: 4.2.3 (/opt/ros/humble/share/sensor_msgs/cmake)
[0.700s] [31mCMake Error at CMakeLists.txt:12 (find_package):
[0.700s]   By not providing "Findfstream.cmake" in CMAKE_MODULE_PATH this project has
[0.701s]   asked CMake to find a package configuration file provided by "fstream", but
[0.701s]   CMake did not find one.
[0.701s] 
[0.701s]   Could not find a package configuration file provided by "fstream" with any
[0.701s]   of the following names:
[0.701s] 
[0.701s]     fstreamConfig.cmake
[0.701s]     fstream-config.cmake
[0.701s] 
[0.701s]   Add the installation prefix of "fstream" to CMAKE_PREFIX_PATH or set
[0.701s]   "fstream_DIR" to a directory containing one of the above files.  If
[0.701s]   "fstream" provides a separate development package or SDK, be sure it has
[0.701s]   been installed.
[0.701s] 
[0.701s] [0m
[0.701s] -- Configuring incomplete, errors occurred!
[0.701s] See also "/home/berkay/Desktop/custom_robot/build/lidar_driver/CMakeFiles/CMakeOutput.log".
[0.707s] gmake: *** [Makefile:267: cmake_check_build_system] Error 1
[0.709s] Invoked command in '/home/berkay/Desktop/custom_robot/build/lidar_driver' returned '2': CMAKE_PREFIX_PATH=${CMAKE_PREFIX_PATH}:/home/berkay/ros2_ws/install/my_package_python:/opt/ros/humble /usr/bin/cmake --build /home/berkay/Desktop/custom_robot/build/lidar_driver -- -j16 -l16
