[0.826s] DEBUG:colcon:Command line arguments: ['/usr/bin/colcon', 'build']
[0.826s] DEBUG:colcon:Parsed command line arguments: Namespace(log_base=None, log_level=None, verb_name='build', build_base='build', install_base='install', merge_install=False, symlink_install=False, test_result_base=None, continue_on_error=False, executor='parallel', parallel_workers=16, event_handlers=None, ignore_user_meta=False, metas=['./colcon.meta'], base_paths=['.'], packages_ignore=None, packages_ignore_regex=None, paths=None, packages_up_to=None, packages_up_to_regex=None, packages_above=None, packages_above_and_dependencies=None, packages_above_depth=None, packages_select_by_dep=None, packages_skip_by_dep=None, packages_skip_up_to=None, packages_select_build_failed=False, packages_skip_build_finished=False, packages_select_test_failures=False, packages_skip_test_passed=False, packages_select=None, packages_skip=None, packages_select_regex=None, packages_skip_regex=None, packages_start=None, packages_end=None, allow_overriding=[], cmake_args=None, cmake_target=None, cmake_target_skip_unavailable=False, cmake_clean_cache=False, cmake_clean_first=False, cmake_force_configure=False, ament_cmake_args=None, catkin_cmake_args=None, catkin_skip_building_tests=False, verb_parser=<colcon_defaults.argument_parser.defaults.DefaultArgumentsDecorator object at 0x7fb6adfac490>, verb_extension=<colcon_core.verb.build.BuildVerb object at 0x7fb6adf857e0>, main=<bound method BuildVerb.main of <colcon_core.verb.build.BuildVerb object at 0x7fb6adf857e0>>)
[0.871s] Level 1:colcon.colcon_core.package_discovery:discover_packages(colcon_meta) check parameters
[0.871s] Level 1:colcon.colcon_core.package_discovery:discover_packages(recursive) check parameters
[0.871s] Level 1:colcon.colcon_core.package_discovery:discover_packages(ignore) check parameters
[0.871s] Level 1:colcon.colcon_core.package_discovery:discover_packages(path) check parameters
[0.871s] Level 1:colcon.colcon_core.package_discovery:discover_packages(colcon_meta) discover
[0.871s] Level 1:colcon.colcon_core.package_discovery:discover_packages(recursive) discover
[0.871s] INFO:colcon.colcon_core.package_discovery:Crawling recursively for packages in '/home/berkay/Desktop/custom_robot'
[0.871s] Level 1:colcon.colcon_core.package_identification:_identify(.) by extensions ['ignore', 'ignore_ament_install']
[0.871s] Level 1:colcon.colcon_core.package_identification:_identify(.) by extension 'ignore'
[0.871s] Level 1:colcon.colcon_core.package_identification:_identify(.) by extension 'ignore_ament_install'
[0.871s] Level 1:colcon.colcon_core.package_identification:_identify(.) by extensions ['colcon_pkg']
[0.871s] Level 1:colcon.colcon_core.package_identification:_identify(.) by extension 'colcon_pkg'
[0.871s] Level 1:colcon.colcon_core.package_identification:_identify(.) by extensions ['colcon_meta']
[0.871s] Level 1:colcon.colcon_core.package_identification:_identify(.) by extension 'colcon_meta'
[0.871s] Level 1:colcon.colcon_core.package_identification:_identify(.) by extensions ['ros']
[0.871s] Level 1:colcon.colcon_core.package_identification:_identify(.) by extension 'ros'
[0.880s] Level 1:colcon.colcon_core.package_identification:_identify(.) by extensions ['cmake', 'python']
[0.881s] Level 1:colcon.colcon_core.package_identification:_identify(.) by extension 'cmake'
[0.881s] Level 1:colcon.colcon_core.package_identification:_identify(.) by extension 'python'
[0.881s] Level 1:colcon.colcon_core.package_identification:_identify(.) by extensions ['python_setup_py']
[0.881s] Level 1:colcon.colcon_core.package_identification:_identify(.) by extension 'python_setup_py'
[0.881s] Level 1:colcon.colcon_core.package_identification:_identify(build) by extensions ['ignore', 'ignore_ament_install']
[0.881s] Level 1:colcon.colcon_core.package_identification:_identify(build) by extension 'ignore'
[0.881s] Level 1:colcon.colcon_core.package_identification:_identify(build) ignored
[0.881s] Level 1:colcon.colcon_core.package_identification:_identify(install) by extensions ['ignore', 'ignore_ament_install']
[0.881s] Level 1:colcon.colcon_core.package_identification:_identify(install) by extension 'ignore'
[0.881s] Level 1:colcon.colcon_core.package_identification:_identify(install) ignored
[0.881s] Level 1:colcon.colcon_core.package_identification:_identify(log) by extensions ['ignore', 'ignore_ament_install']
[0.881s] Level 1:colcon.colcon_core.package_identification:_identify(log) by extension 'ignore'
[0.881s] Level 1:colcon.colcon_core.package_identification:_identify(log) ignored
[0.881s] Level 1:colcon.colcon_core.package_identification:_identify(src) by extensions ['ignore', 'ignore_ament_install']
[0.882s] Level 1:colcon.colcon_core.package_identification:_identify(src) by extension 'ignore'
[0.882s] Level 1:colcon.colcon_core.package_identification:_identify(src) by extension 'ignore_ament_install'
[0.882s] Level 1:colcon.colcon_core.package_identification:_identify(src) by extensions ['colcon_pkg']
[0.882s] Level 1:colcon.colcon_core.package_identification:_identify(src) by extension 'colcon_pkg'
[0.882s] Level 1:colcon.colcon_core.package_identification:_identify(src) by extensions ['colcon_meta']
[0.882s] Level 1:colcon.colcon_core.package_identification:_identify(src) by extension 'colcon_meta'
[0.882s] Level 1:colcon.colcon_core.package_identification:_identify(src) by extensions ['ros']
[0.882s] Level 1:colcon.colcon_core.package_identification:_identify(src) by extension 'ros'
[0.882s] Level 1:colcon.colcon_core.package_identification:_identify(src) by extensions ['cmake', 'python']
[0.882s] Level 1:colcon.colcon_core.package_identification:_identify(src) by extension 'cmake'
[0.882s] Level 1:colcon.colcon_core.package_identification:_identify(src) by extension 'python'
[0.882s] Level 1:colcon.colcon_core.package_identification:_identify(src) by extensions ['python_setup_py']
[0.882s] Level 1:colcon.colcon_core.package_identification:_identify(src) by extension 'python_setup_py'
[0.882s] Level 1:colcon.colcon_core.package_identification:_identify(src/camera_driver) by extensions ['ignore', 'ignore_ament_install']
[0.882s] Level 1:colcon.colcon_core.package_identification:_identify(src/camera_driver) by extension 'ignore'
[0.882s] Level 1:colcon.colcon_core.package_identification:_identify(src/camera_driver) by extension 'ignore_ament_install'
[0.882s] Level 1:colcon.colcon_core.package_identification:_identify(src/camera_driver) by extensions ['colcon_pkg']
[0.882s] Level 1:colcon.colcon_core.package_identification:_identify(src/camera_driver) by extension 'colcon_pkg'
[0.882s] Level 1:colcon.colcon_core.package_identification:_identify(src/camera_driver) by extensions ['colcon_meta']
[0.882s] Level 1:colcon.colcon_core.package_identification:_identify(src/camera_driver) by extension 'colcon_meta'
[0.882s] Level 1:colcon.colcon_core.package_identification:_identify(src/camera_driver) by extensions ['ros']
[0.882s] Level 1:colcon.colcon_core.package_identification:_identify(src/camera_driver) by extension 'ros'
[0.884s] DEBUG:colcon.colcon_core.package_identification:Package 'src/camera_driver' with type 'ros.ament_cmake' and name 'camera_driver'
[0.885s] Level 1:colcon.colcon_core.package_identification:_identify(src/custom_robot_bringup) by extensions ['ignore', 'ignore_ament_install']
[0.885s] Level 1:colcon.colcon_core.package_identification:_identify(src/custom_robot_bringup) by extension 'ignore'
[0.885s] Level 1:colcon.colcon_core.package_identification:_identify(src/custom_robot_bringup) by extension 'ignore_ament_install'
[0.885s] Level 1:colcon.colcon_core.package_identification:_identify(src/custom_robot_bringup) by extensions ['colcon_pkg']
[0.885s] Level 1:colcon.colcon_core.package_identification:_identify(src/custom_robot_bringup) by extension 'colcon_pkg'
[0.885s] Level 1:colcon.colcon_core.package_identification:_identify(src/custom_robot_bringup) by extensions ['colcon_meta']
[0.885s] Level 1:colcon.colcon_core.package_identification:_identify(src/custom_robot_bringup) by extension 'colcon_meta'
[0.885s] Level 1:colcon.colcon_core.package_identification:_identify(src/custom_robot_bringup) by extensions ['ros']
[0.885s] Level 1:colcon.colcon_core.package_identification:_identify(src/custom_robot_bringup) by extension 'ros'
[0.885s] DEBUG:colcon.colcon_core.package_identification:Package 'src/custom_robot_bringup' with type 'ros.ament_cmake' and name 'custom_robot_bringup'
[0.885s] Level 1:colcon.colcon_core.package_identification:_identify(src/custom_robot_description) by extensions ['ignore', 'ignore_ament_install']
[0.885s] Level 1:colcon.colcon_core.package_identification:_identify(src/custom_robot_description) by extension 'ignore'
[0.885s] Level 1:colcon.colcon_core.package_identification:_identify(src/custom_robot_description) by extension 'ignore_ament_install'
[0.886s] Level 1:colcon.colcon_core.package_identification:_identify(src/custom_robot_description) by extensions ['colcon_pkg']
[0.886s] Level 1:colcon.colcon_core.package_identification:_identify(src/custom_robot_description) by extension 'colcon_pkg'
[0.886s] Level 1:colcon.colcon_core.package_identification:_identify(src/custom_robot_description) by extensions ['colcon_meta']
[0.886s] Level 1:colcon.colcon_core.package_identification:_identify(src/custom_robot_description) by extension 'colcon_meta'
[0.886s] Level 1:colcon.colcon_core.package_identification:_identify(src/custom_robot_description) by extensions ['ros']
[0.886s] Level 1:colcon.colcon_core.package_identification:_identify(src/custom_robot_description) by extension 'ros'
[0.886s] DEBUG:colcon.colcon_core.package_identification:Package 'src/custom_robot_description' with type 'ros.ament_cmake' and name 'custom_robot_description'
[0.886s] Level 1:colcon.colcon_core.package_discovery:discover_packages(recursive) using defaults
[0.886s] Level 1:colcon.colcon_core.package_discovery:discover_packages(ignore) discover
[0.886s] Level 1:colcon.colcon_core.package_discovery:discover_packages(ignore) using defaults
[0.886s] Level 1:colcon.colcon_core.package_discovery:discover_packages(path) discover
[0.886s] Level 1:colcon.colcon_core.package_discovery:discover_packages(path) using defaults
[0.966s] Level 1:colcon.colcon_core.package_discovery:discover_packages(prefix_path) check parameters
[0.966s] Level 1:colcon.colcon_core.package_discovery:discover_packages(prefix_path) discover
[0.992s] DEBUG:colcon.colcon_installed_package_information.package_discovery:Found 3 installed packages in /home/berkay/Desktop/my_turtle_catcher/install
[1.004s] DEBUG:colcon.colcon_installed_package_information.package_discovery:Found 3 installed packages in /home/berkay/Desktop/custom_robot/install
[1.017s] DEBUG:colcon.colcon_installed_package_information.package_discovery:Found 2 installed packages in /home/berkay/ros2_ws/install
[1.030s] DEBUG:colcon.colcon_installed_package_information.package_discovery:Found 399 installed packages in /opt/ros/humble
[1.032s] Level 1:colcon.colcon_core.package_discovery:discover_packages(prefix_path) using defaults
[1.127s] Level 5:colcon.colcon_core.verb:set package 'camera_driver' build argument 'cmake_args' from command line to 'None'
[1.127s] Level 5:colcon.colcon_core.verb:set package 'camera_driver' build argument 'cmake_target' from command line to 'None'
[1.127s] Level 5:colcon.colcon_core.verb:set package 'camera_driver' build argument 'cmake_target_skip_unavailable' from command line to 'False'
[1.127s] Level 5:colcon.colcon_core.verb:set package 'camera_driver' build argument 'cmake_clean_cache' from command line to 'False'
[1.127s] Level 5:colcon.colcon_core.verb:set package 'camera_driver' build argument 'cmake_clean_first' from command line to 'False'
[1.127s] Level 5:colcon.colcon_core.verb:set package 'camera_driver' build argument 'cmake_force_configure' from command line to 'False'
[1.127s] Level 5:colcon.colcon_core.verb:set package 'camera_driver' build argument 'ament_cmake_args' from command line to 'None'
[1.127s] Level 5:colcon.colcon_core.verb:set package 'camera_driver' build argument 'catkin_cmake_args' from command line to 'None'
[1.127s] Level 5:colcon.colcon_core.verb:set package 'camera_driver' build argument 'catkin_skip_building_tests' from command line to 'False'
[1.127s] DEBUG:colcon.colcon_core.verb:Building package 'camera_driver' with the following arguments: {'ament_cmake_args': None, 'build_base': '/home/berkay/Desktop/custom_robot/build/camera_driver', 'catkin_cmake_args': None, 'catkin_skip_building_tests': False, 'cmake_args': None, 'cmake_clean_cache': False, 'cmake_clean_first': False, 'cmake_force_configure': False, 'cmake_target': None, 'cmake_target_skip_unavailable': False, 'install_base': '/home/berkay/Desktop/custom_robot/install/camera_driver', 'merge_install': False, 'path': '/home/berkay/Desktop/custom_robot/src/camera_driver', 'symlink_install': False, 'test_result_base': None}
[1.139s] Level 5:colcon.colcon_core.verb:set package 'custom_robot_description' build argument 'cmake_args' from command line to 'None'
[1.139s] Level 5:colcon.colcon_core.verb:set package 'custom_robot_description' build argument 'cmake_target' from command line to 'None'
[1.139s] Level 5:colcon.colcon_core.verb:set package 'custom_robot_description' build argument 'cmake_target_skip_unavailable' from command line to 'False'
[1.139s] Level 5:colcon.colcon_core.verb:set package 'custom_robot_description' build argument 'cmake_clean_cache' from command line to 'False'
[1.139s] Level 5:colcon.colcon_core.verb:set package 'custom_robot_description' build argument 'cmake_clean_first' from command line to 'False'
[1.139s] Level 5:colcon.colcon_core.verb:set package 'custom_robot_description' build argument 'cmake_force_configure' from command line to 'False'
[1.139s] Level 5:colcon.colcon_core.verb:set package 'custom_robot_description' build argument 'ament_cmake_args' from command line to 'None'
[1.139s] Level 5:colcon.colcon_core.verb:set package 'custom_robot_description' build argument 'catkin_cmake_args' from command line to 'None'
[1.139s] Level 5:colcon.colcon_core.verb:set package 'custom_robot_description' build argument 'catkin_skip_building_tests' from command line to 'False'
[1.139s] DEBUG:colcon.colcon_core.verb:Building package 'custom_robot_description' with the following arguments: {'ament_cmake_args': None, 'build_base': '/home/berkay/Desktop/custom_robot/build/custom_robot_description', 'catkin_cmake_args': None, 'catkin_skip_building_tests': False, 'cmake_args': None, 'cmake_clean_cache': False, 'cmake_clean_first': False, 'cmake_force_configure': False, 'cmake_target': None, 'cmake_target_skip_unavailable': False, 'install_base': '/home/berkay/Desktop/custom_robot/install/custom_robot_description', 'merge_install': False, 'path': '/home/berkay/Desktop/custom_robot/src/custom_robot_description', 'symlink_install': False, 'test_result_base': None}
[1.151s] Level 5:colcon.colcon_core.verb:set package 'custom_robot_bringup' build argument 'cmake_args' from command line to 'None'
[1.151s] Level 5:colcon.colcon_core.verb:set package 'custom_robot_bringup' build argument 'cmake_target' from command line to 'None'
[1.151s] Level 5:colcon.colcon_core.verb:set package 'custom_robot_bringup' build argument 'cmake_target_skip_unavailable' from command line to 'False'
[1.151s] Level 5:colcon.colcon_core.verb:set package 'custom_robot_bringup' build argument 'cmake_clean_cache' from command line to 'False'
[1.151s] Level 5:colcon.colcon_core.verb:set package 'custom_robot_bringup' build argument 'cmake_clean_first' from command line to 'False'
[1.151s] Level 5:colcon.colcon_core.verb:set package 'custom_robot_bringup' build argument 'cmake_force_configure' from command line to 'False'
[1.151s] Level 5:colcon.colcon_core.verb:set package 'custom_robot_bringup' build argument 'ament_cmake_args' from command line to 'None'
[1.151s] Level 5:colcon.colcon_core.verb:set package 'custom_robot_bringup' build argument 'catkin_cmake_args' from command line to 'None'
[1.151s] Level 5:colcon.colcon_core.verb:set package 'custom_robot_bringup' build argument 'catkin_skip_building_tests' from command line to 'False'
[1.151s] DEBUG:colcon.colcon_core.verb:Building package 'custom_robot_bringup' with the following arguments: {'ament_cmake_args': None, 'build_base': '/home/berkay/Desktop/custom_robot/build/custom_robot_bringup', 'catkin_cmake_args': None, 'catkin_skip_building_tests': False, 'cmake_args': None, 'cmake_clean_cache': False, 'cmake_clean_first': False, 'cmake_force_configure': False, 'cmake_target': None, 'cmake_target_skip_unavailable': False, 'install_base': '/home/berkay/Desktop/custom_robot/install/custom_robot_bringup', 'merge_install': False, 'path': '/home/berkay/Desktop/custom_robot/src/custom_robot_bringup', 'symlink_install': False, 'test_result_base': None}
[1.164s] INFO:colcon.colcon_core.executor:Executing jobs using 'parallel' executor
[1.176s] DEBUG:colcon.colcon_parallel_executor.executor.parallel:run_until_complete
[1.177s] INFO:colcon.colcon_ros.task.ament_cmake.build:Building ROS package in '/home/berkay/Desktop/custom_robot/src/custom_robot_description' with build type 'ament_cmake'
[1.177s] INFO:colcon.colcon_cmake.task.cmake.build:Building CMake package in '/home/berkay/Desktop/custom_robot/src/custom_robot_description'
[1.190s] INFO:colcon.colcon_core.plugin_system:Skipping extension 'colcon_core.shell.bat': Not used on non-Windows systems
[1.190s] INFO:colcon.colcon_core.shell:Skip shell extension 'powershell' for command environment: Not usable outside of PowerShell
[1.191s] DEBUG:colcon.colcon_core.shell:Skip shell extension 'dsv' for command environment
[1.253s] INFO:colcon.colcon_ros.task.ament_cmake.build:Building ROS package in '/home/berkay/Desktop/custom_robot/src/camera_driver' with build type 'ament_cmake'
[1.253s] INFO:colcon.colcon_cmake.task.cmake.build:Building CMake package in '/home/berkay/Desktop/custom_robot/src/camera_driver'
[1.265s] INFO:colcon.colcon_core.shell:Skip shell extension 'powershell' for command environment: Not usable outside of PowerShell
[1.265s] DEBUG:colcon.colcon_core.shell:Skip shell extension 'dsv' for command environment
[1.333s] DEBUG:colcon.colcon_core.event_handler.log_command:Invoking command in '/home/berkay/Desktop/custom_robot/build/custom_robot_description': CMAKE_PREFIX_PATH=${CMAKE_PREFIX_PATH}:/home/berkay/ros2_ws/install/my_package_python:/opt/ros/humble /usr/bin/cmake --build /home/berkay/Desktop/custom_robot/build/custom_robot_description -- -j16 -l16
[1.335s] DEBUG:colcon.colcon_core.event_handler.log_command:Invoking command in '/home/berkay/Desktop/custom_robot/build/camera_driver': CMAKE_PREFIX_PATH=${CMAKE_PREFIX_PATH}:/home/berkay/ros2_ws/install/my_package_python:/opt/ros/humble /usr/bin/cmake --build /home/berkay/Desktop/custom_robot/build/camera_driver -- -j16 -l16
[1.372s] DEBUG:colcon.colcon_core.event_handler.log_command:Invoked command in '/home/berkay/Desktop/custom_robot/build/custom_robot_description' returned '0': CMAKE_PREFIX_PATH=${CMAKE_PREFIX_PATH}:/home/berkay/ros2_ws/install/my_package_python:/opt/ros/humble /usr/bin/cmake --build /home/berkay/Desktop/custom_robot/build/custom_robot_description -- -j16 -l16
[1.408s] DEBUG:colcon.colcon_core.event_handler.log_command:Invoking command in '/home/berkay/Desktop/custom_robot/build/custom_robot_description': CMAKE_PREFIX_PATH=${CMAKE_PREFIX_PATH}:/home/berkay/ros2_ws/install/my_package_python:/opt/ros/humble /usr/bin/cmake --install /home/berkay/Desktop/custom_robot/build/custom_robot_description
[1.409s] DEBUG:colcon.colcon_core.event_handler.log_command:Invoked command in '/home/berkay/Desktop/custom_robot/build/camera_driver' returned '0': CMAKE_PREFIX_PATH=${CMAKE_PREFIX_PATH}:/home/berkay/ros2_ws/install/my_package_python:/opt/ros/humble /usr/bin/cmake --build /home/berkay/Desktop/custom_robot/build/camera_driver -- -j16 -l16
[1.432s] Level 1:colcon.colcon_core.environment:create_environment_scripts_only(custom_robot_description)
[1.432s] DEBUG:colcon.colcon_core.event_handler.log_command:Invoked command in '/home/berkay/Desktop/custom_robot/build/custom_robot_description' returned '0': CMAKE_PREFIX_PATH=${CMAKE_PREFIX_PATH}:/home/berkay/ros2_ws/install/my_package_python:/opt/ros/humble /usr/bin/cmake --install /home/berkay/Desktop/custom_robot/build/custom_robot_description
[1.447s] Level 1:colcon.colcon_core.environment:checking '/home/berkay/Desktop/custom_robot/install/custom_robot_description' for CMake module files
[1.447s] Level 1:colcon.colcon_core.environment:checking '/home/berkay/Desktop/custom_robot/install/custom_robot_description' for CMake config files
[1.448s] Level 1:colcon.colcon_core.shell:create_environment_hook('custom_robot_description', 'cmake_prefix_path')
[1.460s] INFO:colcon.colcon_core.shell:Creating environment hook '/home/berkay/Desktop/custom_robot/install/custom_robot_description/share/custom_robot_description/hook/cmake_prefix_path.ps1'
[1.461s] INFO:colcon.colcon_core.shell:Creating environment descriptor '/home/berkay/Desktop/custom_robot/install/custom_robot_description/share/custom_robot_description/hook/cmake_prefix_path.dsv'
[1.461s] INFO:colcon.colcon_core.shell:Creating environment hook '/home/berkay/Desktop/custom_robot/install/custom_robot_description/share/custom_robot_description/hook/cmake_prefix_path.sh'
[1.462s] Level 1:colcon.colcon_core.environment:checking '/home/berkay/Desktop/custom_robot/install/custom_robot_description/bin'
[1.462s] Level 1:colcon.colcon_core.environment:checking '/home/berkay/Desktop/custom_robot/install/custom_robot_description/lib/pkgconfig/custom_robot_description.pc'
[1.462s] Level 1:colcon.colcon_core.environment:checking '/home/berkay/Desktop/custom_robot/install/custom_robot_description/lib/python3.10/site-packages'
[1.462s] Level 1:colcon.colcon_core.environment:checking '/home/berkay/Desktop/custom_robot/install/custom_robot_description/bin'
[1.475s] INFO:colcon.colcon_core.shell:Creating package script '/home/berkay/Desktop/custom_robot/install/custom_robot_description/share/custom_robot_description/package.ps1'
[1.475s] INFO:colcon.colcon_core.shell:Creating package descriptor '/home/berkay/Desktop/custom_robot/install/custom_robot_description/share/custom_robot_description/package.dsv'
[1.476s] INFO:colcon.colcon_core.shell:Creating package script '/home/berkay/Desktop/custom_robot/install/custom_robot_description/share/custom_robot_description/package.sh'
[1.476s] INFO:colcon.colcon_core.shell:Creating package script '/home/berkay/Desktop/custom_robot/install/custom_robot_description/share/custom_robot_description/package.bash'
[1.477s] INFO:colcon.colcon_core.shell:Creating package script '/home/berkay/Desktop/custom_robot/install/custom_robot_description/share/custom_robot_description/package.zsh'
[1.478s] Level 1:colcon.colcon_core.environment:create_file_with_runtime_dependencies(/home/berkay/Desktop/custom_robot/install/custom_robot_description/share/colcon-core/packages/custom_robot_description)
[1.480s] DEBUG:colcon.colcon_core.event_handler.log_command:Invoking command in '/home/berkay/Desktop/custom_robot/build/camera_driver': CMAKE_PREFIX_PATH=${CMAKE_PREFIX_PATH}:/home/berkay/ros2_ws/install/my_package_python:/opt/ros/humble /usr/bin/cmake --install /home/berkay/Desktop/custom_robot/build/camera_driver
[1.502s] Level 1:colcon.colcon_core.environment:create_environment_scripts_only(camera_driver)
[1.502s] DEBUG:colcon.colcon_core.event_handler.log_command:Invoked command in '/home/berkay/Desktop/custom_robot/build/camera_driver' returned '0': CMAKE_PREFIX_PATH=${CMAKE_PREFIX_PATH}:/home/berkay/ros2_ws/install/my_package_python:/opt/ros/humble /usr/bin/cmake --install /home/berkay/Desktop/custom_robot/build/camera_driver
[1.516s] Level 1:colcon.colcon_core.environment:checking '/home/berkay/Desktop/custom_robot/install/camera_driver' for CMake module files
[1.516s] Level 1:colcon.colcon_core.environment:checking '/home/berkay/Desktop/custom_robot/install/camera_driver' for CMake config files
[1.516s] Level 1:colcon.colcon_core.shell:create_environment_hook('camera_driver', 'cmake_prefix_path')
[1.529s] INFO:colcon.colcon_core.shell:Creating environment hook '/home/berkay/Desktop/custom_robot/install/camera_driver/share/camera_driver/hook/cmake_prefix_path.ps1'
[1.529s] INFO:colcon.colcon_core.shell:Creating environment descriptor '/home/berkay/Desktop/custom_robot/install/camera_driver/share/camera_driver/hook/cmake_prefix_path.dsv'
[1.530s] INFO:colcon.colcon_core.shell:Creating environment hook '/home/berkay/Desktop/custom_robot/install/camera_driver/share/camera_driver/hook/cmake_prefix_path.sh'
[1.530s] Level 1:colcon.colcon_core.environment:checking '/home/berkay/Desktop/custom_robot/install/camera_driver/lib'
[1.530s] Level 1:colcon.colcon_core.environment:checking '/home/berkay/Desktop/custom_robot/install/camera_driver/bin'
[1.530s] Level 1:colcon.colcon_core.environment:checking '/home/berkay/Desktop/custom_robot/install/camera_driver/lib/pkgconfig/camera_driver.pc'
[1.531s] Level 1:colcon.colcon_core.environment:checking '/home/berkay/Desktop/custom_robot/install/camera_driver/lib/python3.10/site-packages'
[1.531s] Level 1:colcon.colcon_core.environment:checking '/home/berkay/Desktop/custom_robot/install/camera_driver/bin'
[1.544s] INFO:colcon.colcon_core.shell:Creating package script '/home/berkay/Desktop/custom_robot/install/camera_driver/share/camera_driver/package.ps1'
[1.544s] INFO:colcon.colcon_core.shell:Creating package descriptor '/home/berkay/Desktop/custom_robot/install/camera_driver/share/camera_driver/package.dsv'
[1.544s] INFO:colcon.colcon_core.shell:Creating package script '/home/berkay/Desktop/custom_robot/install/camera_driver/share/camera_driver/package.sh'
[1.545s] INFO:colcon.colcon_core.shell:Creating package script '/home/berkay/Desktop/custom_robot/install/camera_driver/share/camera_driver/package.bash'
[1.545s] INFO:colcon.colcon_core.shell:Creating package script '/home/berkay/Desktop/custom_robot/install/camera_driver/share/camera_driver/package.zsh'
[1.545s] Level 1:colcon.colcon_core.environment:create_file_with_runtime_dependencies(/home/berkay/Desktop/custom_robot/install/camera_driver/share/colcon-core/packages/camera_driver)
[1.560s] Level 1:colcon.colcon_core.environment:create_environment_scripts_only(custom_robot_description)
[1.573s] Level 1:colcon.colcon_core.environment:checking '/home/berkay/Desktop/custom_robot/install/custom_robot_description' for CMake module files
[1.573s] Level 1:colcon.colcon_core.environment:checking '/home/berkay/Desktop/custom_robot/install/custom_robot_description' for CMake config files
[1.574s] Level 1:colcon.colcon_core.shell:create_environment_hook('custom_robot_description', 'cmake_prefix_path')
[1.586s] INFO:colcon.colcon_core.shell:Creating environment hook '/home/berkay/Desktop/custom_robot/install/custom_robot_description/share/custom_robot_description/hook/cmake_prefix_path.ps1'
[1.586s] INFO:colcon.colcon_core.shell:Creating environment descriptor '/home/berkay/Desktop/custom_robot/install/custom_robot_description/share/custom_robot_description/hook/cmake_prefix_path.dsv'
[1.587s] INFO:colcon.colcon_core.shell:Creating environment hook '/home/berkay/Desktop/custom_robot/install/custom_robot_description/share/custom_robot_description/hook/cmake_prefix_path.sh'
[1.587s] Level 1:colcon.colcon_core.environment:checking '/home/berkay/Desktop/custom_robot/install/custom_robot_description/bin'
[1.587s] Level 1:colcon.colcon_core.environment:checking '/home/berkay/Desktop/custom_robot/install/custom_robot_description/lib/pkgconfig/custom_robot_description.pc'
[1.587s] Level 1:colcon.colcon_core.environment:checking '/home/berkay/Desktop/custom_robot/install/custom_robot_description/lib/python3.10/site-packages'
[1.588s] Level 1:colcon.colcon_core.environment:checking '/home/berkay/Desktop/custom_robot/install/custom_robot_description/bin'
[1.600s] INFO:colcon.colcon_core.shell:Creating package script '/home/berkay/Desktop/custom_robot/install/custom_robot_description/share/custom_robot_description/package.ps1'
[1.600s] INFO:colcon.colcon_core.shell:Creating package descriptor '/home/berkay/Desktop/custom_robot/install/custom_robot_description/share/custom_robot_description/package.dsv'
[1.601s] INFO:colcon.colcon_core.shell:Creating package script '/home/berkay/Desktop/custom_robot/install/custom_robot_description/share/custom_robot_description/package.sh'
[1.601s] INFO:colcon.colcon_core.shell:Creating package script '/home/berkay/Desktop/custom_robot/install/custom_robot_description/share/custom_robot_description/package.bash'
[1.601s] INFO:colcon.colcon_core.shell:Creating package script '/home/berkay/Desktop/custom_robot/install/custom_robot_description/share/custom_robot_description/package.zsh'
[1.602s] Level 1:colcon.colcon_core.environment:create_file_with_runtime_dependencies(/home/berkay/Desktop/custom_robot/install/custom_robot_description/share/colcon-core/packages/custom_robot_description)
[1.602s] INFO:colcon.colcon_ros.task.ament_cmake.build:Building ROS package in '/home/berkay/Desktop/custom_robot/src/custom_robot_bringup' with build type 'ament_cmake'
[1.603s] INFO:colcon.colcon_cmake.task.cmake.build:Building CMake package in '/home/berkay/Desktop/custom_robot/src/custom_robot_bringup'
[1.616s] INFO:colcon.colcon_core.shell:Skip shell extension 'powershell' for command environment: Not usable outside of PowerShell
[1.616s] DEBUG:colcon.colcon_core.shell:Skip shell extension 'dsv' for command environment
[1.694s] Level 1:colcon.colcon_core.environment:create_environment_scripts_only(camera_driver)
[1.706s] Level 1:colcon.colcon_core.environment:checking '/home/berkay/Desktop/custom_robot/install/camera_driver' for CMake module files
[1.706s] Level 1:colcon.colcon_core.environment:checking '/home/berkay/Desktop/custom_robot/install/camera_driver' for CMake config files
[1.707s] Level 1:colcon.colcon_core.shell:create_environment_hook('camera_driver', 'cmake_prefix_path')
[1.719s] INFO:colcon.colcon_core.shell:Creating environment hook '/home/berkay/Desktop/custom_robot/install/camera_driver/share/camera_driver/hook/cmake_prefix_path.ps1'
[1.720s] INFO:colcon.colcon_core.shell:Creating environment descriptor '/home/berkay/Desktop/custom_robot/install/camera_driver/share/camera_driver/hook/cmake_prefix_path.dsv'
[1.720s] INFO:colcon.colcon_core.shell:Creating environment hook '/home/berkay/Desktop/custom_robot/install/camera_driver/share/camera_driver/hook/cmake_prefix_path.sh'
[1.720s] Level 1:colcon.colcon_core.environment:checking '/home/berkay/Desktop/custom_robot/install/camera_driver/lib'
[1.721s] Level 1:colcon.colcon_core.environment:checking '/home/berkay/Desktop/custom_robot/install/camera_driver/bin'
[1.721s] Level 1:colcon.colcon_core.environment:checking '/home/berkay/Desktop/custom_robot/install/camera_driver/lib/pkgconfig/camera_driver.pc'
[1.721s] Level 1:colcon.colcon_core.environment:checking '/home/berkay/Desktop/custom_robot/install/camera_driver/lib/python3.10/site-packages'
[1.721s] Level 1:colcon.colcon_core.environment:checking '/home/berkay/Desktop/custom_robot/install/camera_driver/bin'
[1.734s] INFO:colcon.colcon_core.shell:Creating package script '/home/berkay/Desktop/custom_robot/install/camera_driver/share/camera_driver/package.ps1'
[1.734s] INFO:colcon.colcon_core.shell:Creating package descriptor '/home/berkay/Desktop/custom_robot/install/camera_driver/share/camera_driver/package.dsv'
[1.734s] INFO:colcon.colcon_core.shell:Creating package script '/home/berkay/Desktop/custom_robot/install/camera_driver/share/camera_driver/package.sh'
[1.735s] INFO:colcon.colcon_core.shell:Creating package script '/home/berkay/Desktop/custom_robot/install/camera_driver/share/camera_driver/package.bash'
[1.735s] INFO:colcon.colcon_core.shell:Creating package script '/home/berkay/Desktop/custom_robot/install/camera_driver/share/camera_driver/package.zsh'
[1.735s] Level 1:colcon.colcon_core.environment:create_file_with_runtime_dependencies(/home/berkay/Desktop/custom_robot/install/camera_driver/share/colcon-core/packages/camera_driver)
[1.738s] DEBUG:colcon.colcon_core.event_handler.log_command:Invoking command in '/home/berkay/Desktop/custom_robot/build/custom_robot_bringup': AMENT_PREFIX_PATH=/home/berkay/Desktop/custom_robot/install/custom_robot_description:${AMENT_PREFIX_PATH} CMAKE_PREFIX_PATH=/home/berkay/Desktop/custom_robot/install/custom_robot_description:/home/berkay/Desktop/my_turtle_catcher/install/my_turtle_catcher_launcher:/home/berkay/Desktop/my_turtle_catcher/install/my_turtle_catch_them:/home/berkay/Desktop/my_turtle_catcher/install/my_turtle_catcher_data_types:/home/berkay/ros2_ws/install/my_package:/home/berkay/ros2_ws/install/my_package_python:/opt/ros/humble /usr/bin/cmake --build /home/berkay/Desktop/custom_robot/build/custom_robot_bringup -- -j16 -l16
[1.783s] DEBUG:colcon.colcon_core.event_handler.log_command:Invoked command in '/home/berkay/Desktop/custom_robot/build/custom_robot_bringup' returned '0': AMENT_PREFIX_PATH=/home/berkay/Desktop/custom_robot/install/custom_robot_description:${AMENT_PREFIX_PATH} CMAKE_PREFIX_PATH=/home/berkay/Desktop/custom_robot/install/custom_robot_description:/home/berkay/Desktop/my_turtle_catcher/install/my_turtle_catcher_launcher:/home/berkay/Desktop/my_turtle_catcher/install/my_turtle_catch_them:/home/berkay/Desktop/my_turtle_catcher/install/my_turtle_catcher_data_types:/home/berkay/ros2_ws/install/my_package:/home/berkay/ros2_ws/install/my_package_python:/opt/ros/humble /usr/bin/cmake --build /home/berkay/Desktop/custom_robot/build/custom_robot_bringup -- -j16 -l16
[1.808s] DEBUG:colcon.colcon_core.event_handler.log_command:Invoking command in '/home/berkay/Desktop/custom_robot/build/custom_robot_bringup': AMENT_PREFIX_PATH=/home/berkay/Desktop/custom_robot/install/custom_robot_description:${AMENT_PREFIX_PATH} CMAKE_PREFIX_PATH=/home/berkay/Desktop/custom_robot/install/custom_robot_description:/home/berkay/Desktop/my_turtle_catcher/install/my_turtle_catcher_launcher:/home/berkay/Desktop/my_turtle_catcher/install/my_turtle_catch_them:/home/berkay/Desktop/my_turtle_catcher/install/my_turtle_catcher_data_types:/home/berkay/ros2_ws/install/my_package:/home/berkay/ros2_ws/install/my_package_python:/opt/ros/humble /usr/bin/cmake --install /home/berkay/Desktop/custom_robot/build/custom_robot_bringup
[1.832s] Level 1:colcon.colcon_core.environment:create_environment_scripts_only(custom_robot_bringup)
[1.833s] DEBUG:colcon.colcon_core.event_handler.log_command:Invoked command in '/home/berkay/Desktop/custom_robot/build/custom_robot_bringup' returned '0': AMENT_PREFIX_PATH=/home/berkay/Desktop/custom_robot/install/custom_robot_description:${AMENT_PREFIX_PATH} CMAKE_PREFIX_PATH=/home/berkay/Desktop/custom_robot/install/custom_robot_description:/home/berkay/Desktop/my_turtle_catcher/install/my_turtle_catcher_launcher:/home/berkay/Desktop/my_turtle_catcher/install/my_turtle_catch_them:/home/berkay/Desktop/my_turtle_catcher/install/my_turtle_catcher_data_types:/home/berkay/ros2_ws/install/my_package:/home/berkay/ros2_ws/install/my_package_python:/opt/ros/humble /usr/bin/cmake --install /home/berkay/Desktop/custom_robot/build/custom_robot_bringup
[1.845s] Level 1:colcon.colcon_core.environment:checking '/home/berkay/Desktop/custom_robot/install/custom_robot_bringup' for CMake module files
[1.845s] Level 1:colcon.colcon_core.environment:checking '/home/berkay/Desktop/custom_robot/install/custom_robot_bringup' for CMake config files
[1.846s] Level 1:colcon.colcon_core.shell:create_environment_hook('custom_robot_bringup', 'cmake_prefix_path')
[1.858s] INFO:colcon.colcon_core.shell:Creating environment hook '/home/berkay/Desktop/custom_robot/install/custom_robot_bringup/share/custom_robot_bringup/hook/cmake_prefix_path.ps1'
[1.858s] INFO:colcon.colcon_core.shell:Creating environment descriptor '/home/berkay/Desktop/custom_robot/install/custom_robot_bringup/share/custom_robot_bringup/hook/cmake_prefix_path.dsv'
[1.858s] INFO:colcon.colcon_core.shell:Creating environment hook '/home/berkay/Desktop/custom_robot/install/custom_robot_bringup/share/custom_robot_bringup/hook/cmake_prefix_path.sh'
[1.859s] Level 1:colcon.colcon_core.environment:checking '/home/berkay/Desktop/custom_robot/install/custom_robot_bringup/bin'
[1.859s] Level 1:colcon.colcon_core.environment:checking '/home/berkay/Desktop/custom_robot/install/custom_robot_bringup/lib/pkgconfig/custom_robot_bringup.pc'
[1.859s] Level 1:colcon.colcon_core.environment:checking '/home/berkay/Desktop/custom_robot/install/custom_robot_bringup/lib/python3.10/site-packages'
[1.859s] Level 1:colcon.colcon_core.environment:checking '/home/berkay/Desktop/custom_robot/install/custom_robot_bringup/bin'
[1.871s] INFO:colcon.colcon_core.shell:Creating package script '/home/berkay/Desktop/custom_robot/install/custom_robot_bringup/share/custom_robot_bringup/package.ps1'
[1.871s] INFO:colcon.colcon_core.shell:Creating package descriptor '/home/berkay/Desktop/custom_robot/install/custom_robot_bringup/share/custom_robot_bringup/package.dsv'
[1.872s] INFO:colcon.colcon_core.shell:Creating package script '/home/berkay/Desktop/custom_robot/install/custom_robot_bringup/share/custom_robot_bringup/package.sh'
[1.872s] INFO:colcon.colcon_core.shell:Creating package script '/home/berkay/Desktop/custom_robot/install/custom_robot_bringup/share/custom_robot_bringup/package.bash'
[1.872s] INFO:colcon.colcon_core.shell:Creating package script '/home/berkay/Desktop/custom_robot/install/custom_robot_bringup/share/custom_robot_bringup/package.zsh'
[1.872s] Level 1:colcon.colcon_core.environment:create_file_with_runtime_dependencies(/home/berkay/Desktop/custom_robot/install/custom_robot_bringup/share/colcon-core/packages/custom_robot_bringup)
[1.910s] Level 1:colcon.colcon_core.environment:create_environment_scripts_only(custom_robot_bringup)
[1.922s] Level 1:colcon.colcon_core.environment:checking '/home/berkay/Desktop/custom_robot/install/custom_robot_bringup' for CMake module files
[1.923s] Level 1:colcon.colcon_core.environment:checking '/home/berkay/Desktop/custom_robot/install/custom_robot_bringup' for CMake config files
[1.923s] Level 1:colcon.colcon_core.shell:create_environment_hook('custom_robot_bringup', 'cmake_prefix_path')
[1.935s] INFO:colcon.colcon_core.shell:Creating environment hook '/home/berkay/Desktop/custom_robot/install/custom_robot_bringup/share/custom_robot_bringup/hook/cmake_prefix_path.ps1'
[1.936s] INFO:colcon.colcon_core.shell:Creating environment descriptor '/home/berkay/Desktop/custom_robot/install/custom_robot_bringup/share/custom_robot_bringup/hook/cmake_prefix_path.dsv'
[1.936s] INFO:colcon.colcon_core.shell:Creating environment hook '/home/berkay/Desktop/custom_robot/install/custom_robot_bringup/share/custom_robot_bringup/hook/cmake_prefix_path.sh'
[1.937s] Level 1:colcon.colcon_core.environment:checking '/home/berkay/Desktop/custom_robot/install/custom_robot_bringup/bin'
[1.937s] Level 1:colcon.colcon_core.environment:checking '/home/berkay/Desktop/custom_robot/install/custom_robot_bringup/lib/pkgconfig/custom_robot_bringup.pc'
[1.937s] Level 1:colcon.colcon_core.environment:checking '/home/berkay/Desktop/custom_robot/install/custom_robot_bringup/lib/python3.10/site-packages'
[1.937s] Level 1:colcon.colcon_core.environment:checking '/home/berkay/Desktop/custom_robot/install/custom_robot_bringup/bin'
[1.951s] INFO:colcon.colcon_core.shell:Creating package script '/home/berkay/Desktop/custom_robot/install/custom_robot_bringup/share/custom_robot_bringup/package.ps1'
[1.951s] INFO:colcon.colcon_core.shell:Creating package descriptor '/home/berkay/Desktop/custom_robot/install/custom_robot_bringup/share/custom_robot_bringup/package.dsv'
[1.951s] INFO:colcon.colcon_core.shell:Creating package script '/home/berkay/Desktop/custom_robot/install/custom_robot_bringup/share/custom_robot_bringup/package.sh'
[1.952s] INFO:colcon.colcon_core.shell:Creating package script '/home/berkay/Desktop/custom_robot/install/custom_robot_bringup/share/custom_robot_bringup/package.bash'
[1.952s] INFO:colcon.colcon_core.shell:Creating package script '/home/berkay/Desktop/custom_robot/install/custom_robot_bringup/share/custom_robot_bringup/package.zsh'
[1.952s] Level 1:colcon.colcon_core.environment:create_file_with_runtime_dependencies(/home/berkay/Desktop/custom_robot/install/custom_robot_bringup/share/colcon-core/packages/custom_robot_bringup)
[1.953s] DEBUG:colcon.colcon_parallel_executor.executor.parallel:closing loop
[1.953s] DEBUG:colcon.colcon_parallel_executor.executor.parallel:loop closed
[1.953s] DEBUG:colcon.colcon_parallel_executor.executor.parallel:run_until_complete finished with '0'
[1.953s] DEBUG:colcon.colcon_core.event_reactor:joining thread
[1.969s] INFO:colcon.colcon_core.plugin_system:Skipping extension 'colcon_notification.desktop_notification.terminal_notifier': Not used on non-Darwin systems
[1.969s] INFO:colcon.colcon_core.plugin_system:Skipping extension 'colcon_notification.desktop_notification.win32': Not used on non-Windows systems
[1.969s] INFO:colcon.colcon_notification.desktop_notification:Sending desktop notification using 'notify2'
[1.978s] DEBUG:colcon.colcon_core.event_reactor:joined thread
[1.991s] INFO:colcon.colcon_core.shell:Creating prefix script '/home/berkay/Desktop/custom_robot/install/local_setup.ps1'
[1.992s] INFO:colcon.colcon_core.shell:Creating prefix util module '/home/berkay/Desktop/custom_robot/install/_local_setup_util_ps1.py'
[1.992s] INFO:colcon.colcon_core.shell:Creating prefix chain script '/home/berkay/Desktop/custom_robot/install/setup.ps1'
[2.005s] INFO:colcon.colcon_core.shell:Creating prefix script '/home/berkay/Desktop/custom_robot/install/local_setup.sh'
[2.006s] INFO:colcon.colcon_core.shell:Creating prefix util module '/home/berkay/Desktop/custom_robot/install/_local_setup_util_sh.py'
[2.006s] INFO:colcon.colcon_core.shell:Creating prefix chain script '/home/berkay/Desktop/custom_robot/install/setup.sh'
[2.019s] INFO:colcon.colcon_core.shell:Creating prefix script '/home/berkay/Desktop/custom_robot/install/local_setup.bash'
[2.020s] INFO:colcon.colcon_core.shell:Creating prefix chain script '/home/berkay/Desktop/custom_robot/install/setup.bash'
[2.033s] INFO:colcon.colcon_core.shell:Creating prefix script '/home/berkay/Desktop/custom_robot/install/local_setup.zsh'
[2.033s] INFO:colcon.colcon_core.shell:Creating prefix chain script '/home/berkay/Desktop/custom_robot/install/setup.zsh'
