[0.084s] Invoking command in '/home/berkay/Desktop/custom_robot/build/camera_driver': CMAKE_PREFIX_PATH=${CMAKE_PREFIX_PATH}:/home/berkay/ros2_ws/install/my_package_python:/opt/ros/humble /usr/bin/cmake /home/berkay/Desktop/custom_robot/src/camera_driver -DAMENT_CMAKE_SYMLINK_INSTALL=1 -DCMAKE_INSTALL_PREFIX=/home/berkay/Desktop/custom_robot/install/camera_driver
[0.095s] -- Found ament_cmake: 1.3.8 (/opt/ros/humble/share/ament_cmake/cmake)
[0.206s] -- Override CMake install command with custom implementation using symlinks instead of copying resources
[0.212s] -- Found rclcpp: 16.0.8 (/opt/ros/humble/share/rclcpp/cmake)
[0.237s] -- Found rosidl_generator_c: 3.1.5 (/opt/ros/humble/share/rosidl_generator_c/cmake)
[0.239s] -- Found rosidl_adapter: 3.1.5 (/opt/ros/humble/share/rosidl_adapter/cmake)
[0.244s] -- Found rosidl_generator_cpp: 3.1.5 (/opt/ros/humble/share/rosidl_generator_cpp/cmake)
[0.254s] -- Using all available rosidl_typesupport_c: rosidl_typesupport_fastrtps_c;rosidl_typesupport_introspection_c
[0.266s] -- Using all available rosidl_typesupport_cpp: rosidl_typesupport_fastrtps_cpp;rosidl_typesupport_introspection_cpp
[0.313s] -- Found rmw_implementation_cmake: 6.1.1 (/opt/ros/humble/share/rmw_implementation_cmake/cmake)
[0.314s] -- Found rmw_fastrtps_cpp: 6.2.6 (/opt/ros/humble/share/rmw_fastrtps_cpp/cmake)
[0.431s] -- Using RMW implementation 'rmw_fastrtps_cpp' as default
[0.555s] -- Found sensor_msgs: 4.2.3 (/opt/ros/humble/share/sensor_msgs/cmake)
[0.653s] -- Found image_transport: 3.1.9 (/opt/ros/humble/share/image_transport/cmake)
[0.684s] -- Found cv_bridge: 3.2.1 (/opt/ros/humble/share/cv_bridge/cmake)
[0.756s] -- Configuring done
[0.771s] -- Generating done
[0.774s] -- Build files have been written to: /home/berkay/Desktop/custom_robot/build/camera_driver
[0.782s] Invoked command in '/home/berkay/Desktop/custom_robot/build/camera_driver' returned '0': CMAKE_PREFIX_PATH=${CMAKE_PREFIX_PATH}:/home/berkay/ros2_ws/install/my_package_python:/opt/ros/humble /usr/bin/cmake /home/berkay/Desktop/custom_robot/src/camera_driver -DAMENT_CMAKE_SYMLINK_INSTALL=1 -DCMAKE_INSTALL_PREFIX=/home/berkay/Desktop/custom_robot/install/camera_driver
[0.783s] Invoking command in '/home/berkay/Desktop/custom_robot/build/camera_driver': CMAKE_PREFIX_PATH=${CMAKE_PREFIX_PATH}:/home/berkay/ros2_ws/install/my_package_python:/opt/ros/humble /usr/bin/cmake --build /home/berkay/Desktop/custom_robot/build/camera_driver -- -j16 -l16
[0.825s] [35m[1mConsolidate compiler generated dependencies of target camera_subscriber[0m
[0.854s] [ 50%] [32m[1mLinking CXX executable camera_subscriber[0m
[1.452s] [100%] Built target camera_subscriber
[1.464s] Invoked command in '/home/berkay/Desktop/custom_robot/build/camera_driver' returned '0': CMAKE_PREFIX_PATH=${CMAKE_PREFIX_PATH}:/home/berkay/ros2_ws/install/my_package_python:/opt/ros/humble /usr/bin/cmake --build /home/berkay/Desktop/custom_robot/build/camera_driver -- -j16 -l16
[1.493s] Invoking command in '/home/berkay/Desktop/custom_robot/build/camera_driver': CMAKE_PREFIX_PATH=${CMAKE_PREFIX_PATH}:/home/berkay/ros2_ws/install/my_package_python:/opt/ros/humble /usr/bin/cmake --install /home/berkay/Desktop/custom_robot/build/camera_driver
[1.500s] -- Install configuration: ""
[1.501s] -- Execute custom install script
[1.501s] -- Symlinking: /home/berkay/Desktop/custom_robot/install/camera_driver/lib/camera_driver/camera_subscriber
[1.511s] -- Symlinking: /home/berkay/Desktop/custom_robot/install/camera_driver/share/ament_index/resource_index/package_run_dependencies/camera_driver
[1.519s] -- Symlinking: /home/berkay/Desktop/custom_robot/install/camera_driver/share/ament_index/resource_index/parent_prefix_path/camera_driver
[1.528s] -- Symlinking: /home/berkay/Desktop/custom_robot/install/camera_driver/share/camera_driver/environment/ament_prefix_path.sh
[1.538s] -- Symlinking: /home/berkay/Desktop/custom_robot/install/camera_driver/share/camera_driver/environment/ament_prefix_path.dsv
[1.546s] -- Symlinking: /home/berkay/Desktop/custom_robot/install/camera_driver/share/camera_driver/environment/path.sh
[1.556s] -- Symlinking: /home/berkay/Desktop/custom_robot/install/camera_driver/share/camera_driver/environment/path.dsv
[1.565s] -- Symlinking: /home/berkay/Desktop/custom_robot/install/camera_driver/share/camera_driver/local_setup.bash
[1.576s] -- Symlinking: /home/berkay/Desktop/custom_robot/install/camera_driver/share/camera_driver/local_setup.sh
[1.587s] -- Symlinking: /home/berkay/Desktop/custom_robot/install/camera_driver/share/camera_driver/local_setup.zsh
[1.596s] -- Symlinking: /home/berkay/Desktop/custom_robot/install/camera_driver/share/camera_driver/local_setup.dsv
[1.606s] -- Symlinking: /home/berkay/Desktop/custom_robot/install/camera_driver/share/camera_driver/package.dsv
[1.615s] -- Symlinking: /home/berkay/Desktop/custom_robot/install/camera_driver/share/ament_index/resource_index/packages/camera_driver
[1.624s] -- Symlinking: /home/berkay/Desktop/custom_robot/install/camera_driver/share/camera_driver/cmake/camera_driverConfig.cmake
[1.633s] -- Symlinking: /home/berkay/Desktop/custom_robot/install/camera_driver/share/camera_driver/cmake/camera_driverConfig-version.cmake
[1.642s] -- Symlinking: /home/berkay/Desktop/custom_robot/install/camera_driver/share/camera_driver/package.xml
[1.653s] Invoked command in '/home/berkay/Desktop/custom_robot/build/camera_driver' returned '0': CMAKE_PREFIX_PATH=${CMAKE_PREFIX_PATH}:/home/berkay/ros2_ws/install/my_package_python:/opt/ros/humble /usr/bin/cmake --install /home/berkay/Desktop/custom_robot/build/camera_driver
