[0.138s] Invoking command in '/home/berkay/Desktop/custom_robot/build/custom_robot_description': CMAKE_PREFIX_PATH=${CMAKE_PREFIX_PATH}:/home/berkay/ros2_ws/install/my_package_python:/opt/ros/humble /usr/bin/cmake /home/berkay/Desktop/custom_robot/src/custom_robot_description -DCMAKE_INSTALL_PREFIX=/home/berkay/Desktop/custom_robot/install/custom_robot_description
[0.228s] -- The C compiler identification is GNU 11.4.0
[0.299s] -- The CXX compiler identification is GNU 11.4.0
[0.307s] -- Detecting C compiler ABI info
[0.374s] -- Detecting C compiler ABI info - done
[0.380s] -- Check for working C compiler: /usr/bin/cc - skipped
[0.380s] -- Detecting C compile features
[0.381s] -- Detecting C compile features - done
[0.384s] -- Detecting CXX compiler ABI info
[0.458s] -- Detecting CXX compiler ABI info - done
[0.464s] -- Check for working CXX compiler: /usr/bin/c++ - skipped
[0.464s] -- Detecting CXX compile features
[0.464s] -- Detecting CXX compile features - done
[0.469s] -- Found ament_cmake: 1.3.8 (/opt/ros/humble/share/ament_cmake/cmake)
[0.598s] -- Found Python3: /usr/bin/python3 (found version "3.10.12") found components: Interpreter 
[0.746s] -- Configuring done
[0.749s] -- Generating done
[0.749s] -- Build files have been written to: /home/berkay/Desktop/custom_robot/build/custom_robot_description
[0.753s] Invoked command in '/home/berkay/Desktop/custom_robot/build/custom_robot_description' returned '0': CMAKE_PREFIX_PATH=${CMAKE_PREFIX_PATH}:/home/berkay/ros2_ws/install/my_package_python:/opt/ros/humble /usr/bin/cmake /home/berkay/Desktop/custom_robot/src/custom_robot_description -DCMAKE_INSTALL_PREFIX=/home/berkay/Desktop/custom_robot/install/custom_robot_description
[0.755s] Invoking command in '/home/berkay/Desktop/custom_robot/build/custom_robot_description': CMAKE_PREFIX_PATH=${CMAKE_PREFIX_PATH}:/home/berkay/ros2_ws/install/my_package_python:/opt/ros/humble /usr/bin/cmake --build /home/berkay/Desktop/custom_robot/build/custom_robot_description -- -j16 -l16
[0.793s] Invoked command in '/home/berkay/Desktop/custom_robot/build/custom_robot_description' returned '0': CMAKE_PREFIX_PATH=${CMAKE_PREFIX_PATH}:/home/berkay/ros2_ws/install/my_package_python:/opt/ros/humble /usr/bin/cmake --build /home/berkay/Desktop/custom_robot/build/custom_robot_description -- -j16 -l16
[0.827s] Invoking command in '/home/berkay/Desktop/custom_robot/build/custom_robot_description': CMAKE_PREFIX_PATH=${CMAKE_PREFIX_PATH}:/home/berkay/ros2_ws/install/my_package_python:/opt/ros/humble /usr/bin/cmake --install /home/berkay/Desktop/custom_robot/build/custom_robot_description
[0.835s] -- Install configuration: ""
[0.835s] -- Installing: /home/berkay/Desktop/custom_robot/install/custom_robot_description/share/custom_robot_description//urdf
[0.835s] -- Installing: /home/berkay/Desktop/custom_robot/install/custom_robot_description/share/custom_robot_description//urdf/lidar.xacro
[0.835s] -- Installing: /home/berkay/Desktop/custom_robot/install/custom_robot_description/share/custom_robot_description//urdf/mobile_base_gazebo.xacro
[0.836s] -- Installing: /home/berkay/Desktop/custom_robot/install/custom_robot_description/share/custom_robot_description//urdf/common_properties.xacro
[0.836s] -- Installing: /home/berkay/Desktop/custom_robot/install/custom_robot_description/share/custom_robot_description//urdf/mobile_base.xacro
[0.836s] -- Installing: /home/berkay/Desktop/custom_robot/install/custom_robot_description/share/custom_robot_description//urdf/camera.xacro
[0.836s] -- Installing: /home/berkay/Desktop/custom_robot/install/custom_robot_description/share/custom_robot_description//urdf/my_robot.urdf.xacro
[0.837s] -- Installing: /home/berkay/Desktop/custom_robot/install/custom_robot_description/share/custom_robot_description//launch
[0.837s] -- Installing: /home/berkay/Desktop/custom_robot/install/custom_robot_description/share/custom_robot_description//launch/display.launch.xml
[0.837s] -- Installing: /home/berkay/Desktop/custom_robot/install/custom_robot_description/share/custom_robot_description//rviz
[0.837s] -- Installing: /home/berkay/Desktop/custom_robot/install/custom_robot_description/share/custom_robot_description//rviz/urdf_config.rviz
[0.838s] -- Installing: /home/berkay/Desktop/custom_robot/install/custom_robot_description/share/ament_index/resource_index/package_run_dependencies/custom_robot_description
[0.838s] -- Installing: /home/berkay/Desktop/custom_robot/install/custom_robot_description/share/ament_index/resource_index/parent_prefix_path/custom_robot_description
[0.838s] -- Installing: /home/berkay/Desktop/custom_robot/install/custom_robot_description/share/custom_robot_description/environment/ament_prefix_path.sh
[0.838s] -- Installing: /home/berkay/Desktop/custom_robot/install/custom_robot_description/share/custom_robot_description/environment/ament_prefix_path.dsv
[0.838s] -- Installing: /home/berkay/Desktop/custom_robot/install/custom_robot_description/share/custom_robot_description/environment/path.sh
[0.838s] -- Installing: /home/berkay/Desktop/custom_robot/install/custom_robot_description/share/custom_robot_description/environment/path.dsv
[0.838s] -- Installing: /home/berkay/Desktop/custom_robot/install/custom_robot_description/share/custom_robot_description/local_setup.bash
[0.839s] -- Installing: /home/berkay/Desktop/custom_robot/install/custom_robot_description/share/custom_robot_description/local_setup.sh
[0.839s] -- Installing: /home/berkay/Desktop/custom_robot/install/custom_robot_description/share/custom_robot_description/local_setup.zsh
[0.839s] -- Installing: /home/berkay/Desktop/custom_robot/install/custom_robot_description/share/custom_robot_description/local_setup.dsv
[0.839s] -- Installing: /home/berkay/Desktop/custom_robot/install/custom_robot_description/share/custom_robot_description/package.dsv
[0.839s] -- Installing: /home/berkay/Desktop/custom_robot/install/custom_robot_description/share/ament_index/resource_index/packages/custom_robot_description
[0.839s] -- Installing: /home/berkay/Desktop/custom_robot/install/custom_robot_description/share/custom_robot_description/cmake/custom_robot_descriptionConfig.cmake
[0.839s] -- Installing: /home/berkay/Desktop/custom_robot/install/custom_robot_description/share/custom_robot_description/cmake/custom_robot_descriptionConfig-version.cmake
[0.840s] -- Installing: /home/berkay/Desktop/custom_robot/install/custom_robot_description/share/custom_robot_description/package.xml
[0.841s] Invoked command in '/home/berkay/Desktop/custom_robot/build/custom_robot_description' returned '0': CMAKE_PREFIX_PATH=${CMAKE_PREFIX_PATH}:/home/berkay/ros2_ws/install/my_package_python:/opt/ros/humble /usr/bin/cmake --install /home/berkay/Desktop/custom_robot/build/custom_robot_description
