[0.800s] DEBUG:colcon:Command line arguments: ['/usr/bin/colcon', 'build']
[0.800s] DEBUG:colcon:Parsed command line arguments: Namespace(log_base=None, log_level=None, verb_name='build', build_base='build', install_base='install', merge_install=False, symlink_install=False, test_result_base=None, continue_on_error=False, executor='parallel', parallel_workers=16, event_handlers=None, ignore_user_meta=False, metas=['./colcon.meta'], base_paths=['.'], packages_ignore=None, packages_ignore_regex=None, paths=None, packages_up_to=None, packages_up_to_regex=None, packages_above=None, packages_above_and_dependencies=None, packages_above_depth=None, packages_select_by_dep=None, packages_skip_by_dep=None, packages_skip_up_to=None, packages_select_build_failed=False, packages_skip_build_finished=False, packages_select_test_failures=False, packages_skip_test_passed=False, packages_select=None, packages_skip=None, packages_select_regex=None, packages_skip_regex=None, packages_start=None, packages_end=None, allow_overriding=[], cmake_args=None, cmake_target=None, cmake_target_skip_unavailable=False, cmake_clean_cache=False, cmake_clean_first=False, cmake_force_configure=False, ament_cmake_args=None, catkin_cmake_args=None, catkin_skip_building_tests=False, verb_parser=<colcon_defaults.argument_parser.defaults.DefaultArgumentsDecorator object at 0x742b316a5b10>, verb_extension=<colcon_core.verb.build.BuildVerb object at 0x742b3167f970>, main=<bound method BuildVerb.main of <colcon_core.verb.build.BuildVerb object at 0x742b3167f970>>)
[0.844s] Level 1:colcon.colcon_core.package_discovery:discover_packages(colcon_meta) check parameters
[0.844s] Level 1:colcon.colcon_core.package_discovery:discover_packages(recursive) check parameters
[0.844s] Level 1:colcon.colcon_core.package_discovery:discover_packages(ignore) check parameters
[0.844s] Level 1:colcon.colcon_core.package_discovery:discover_packages(path) check parameters
[0.844s] Level 1:colcon.colcon_core.package_discovery:discover_packages(colcon_meta) discover
[0.844s] Level 1:colcon.colcon_core.package_discovery:discover_packages(recursive) discover
[0.844s] INFO:colcon.colcon_core.package_discovery:Crawling recursively for packages in '/home/berkay/Desktop/custom_robot'
[0.844s] Level 1:colcon.colcon_core.package_identification:_identify(.) by extensions ['ignore', 'ignore_ament_install']
[0.844s] Level 1:colcon.colcon_core.package_identification:_identify(.) by extension 'ignore'
[0.844s] Level 1:colcon.colcon_core.package_identification:_identify(.) by extension 'ignore_ament_install'
[0.844s] Level 1:colcon.colcon_core.package_identification:_identify(.) by extensions ['colcon_pkg']
[0.844s] Level 1:colcon.colcon_core.package_identification:_identify(.) by extension 'colcon_pkg'
[0.845s] Level 1:colcon.colcon_core.package_identification:_identify(.) by extensions ['colcon_meta']
[0.845s] Level 1:colcon.colcon_core.package_identification:_identify(.) by extension 'colcon_meta'
[0.845s] Level 1:colcon.colcon_core.package_identification:_identify(.) by extensions ['ros']
[0.845s] Level 1:colcon.colcon_core.package_identification:_identify(.) by extension 'ros'
[0.853s] Level 1:colcon.colcon_core.package_identification:_identify(.) by extensions ['cmake', 'python']
[0.853s] Level 1:colcon.colcon_core.package_identification:_identify(.) by extension 'cmake'
[0.853s] Level 1:colcon.colcon_core.package_identification:_identify(.) by extension 'python'
[0.854s] Level 1:colcon.colcon_core.package_identification:_identify(.) by extensions ['python_setup_py']
[0.854s] Level 1:colcon.colcon_core.package_identification:_identify(.) by extension 'python_setup_py'
[0.854s] Level 1:colcon.colcon_core.package_identification:_identify(build) by extensions ['ignore', 'ignore_ament_install']
[0.854s] Level 1:colcon.colcon_core.package_identification:_identify(build) by extension 'ignore'
[0.854s] Level 1:colcon.colcon_core.package_identification:_identify(build) ignored
[0.854s] Level 1:colcon.colcon_core.package_identification:_identify(install) by extensions ['ignore', 'ignore_ament_install']
[0.854s] Level 1:colcon.colcon_core.package_identification:_identify(install) by extension 'ignore'
[0.854s] Level 1:colcon.colcon_core.package_identification:_identify(install) ignored
[0.854s] Level 1:colcon.colcon_core.package_identification:_identify(log) by extensions ['ignore', 'ignore_ament_install']
[0.854s] Level 1:colcon.colcon_core.package_identification:_identify(log) by extension 'ignore'
[0.854s] Level 1:colcon.colcon_core.package_identification:_identify(log) ignored
[0.854s] Level 1:colcon.colcon_core.package_identification:_identify(src) by extensions ['ignore', 'ignore_ament_install']
[0.854s] Level 1:colcon.colcon_core.package_identification:_identify(src) by extension 'ignore'
[0.854s] Level 1:colcon.colcon_core.package_identification:_identify(src) by extension 'ignore_ament_install'
[0.854s] Level 1:colcon.colcon_core.package_identification:_identify(src) by extensions ['colcon_pkg']
[0.854s] Level 1:colcon.colcon_core.package_identification:_identify(src) by extension 'colcon_pkg'
[0.855s] Level 1:colcon.colcon_core.package_identification:_identify(src) by extensions ['colcon_meta']
[0.855s] Level 1:colcon.colcon_core.package_identification:_identify(src) by extension 'colcon_meta'
[0.855s] Level 1:colcon.colcon_core.package_identification:_identify(src) by extensions ['ros']
[0.855s] Level 1:colcon.colcon_core.package_identification:_identify(src) by extension 'ros'
[0.855s] Level 1:colcon.colcon_core.package_identification:_identify(src) by extensions ['cmake', 'python']
[0.855s] Level 1:colcon.colcon_core.package_identification:_identify(src) by extension 'cmake'
[0.855s] Level 1:colcon.colcon_core.package_identification:_identify(src) by extension 'python'
[0.855s] Level 1:colcon.colcon_core.package_identification:_identify(src) by extensions ['python_setup_py']
[0.855s] Level 1:colcon.colcon_core.package_identification:_identify(src) by extension 'python_setup_py'
[0.855s] Level 1:colcon.colcon_core.package_identification:_identify(src/camera_driver) by extensions ['ignore', 'ignore_ament_install']
[0.855s] Level 1:colcon.colcon_core.package_identification:_identify(src/camera_driver) by extension 'ignore'
[0.855s] Level 1:colcon.colcon_core.package_identification:_identify(src/camera_driver) by extension 'ignore_ament_install'
[0.855s] Level 1:colcon.colcon_core.package_identification:_identify(src/camera_driver) by extensions ['colcon_pkg']
[0.855s] Level 1:colcon.colcon_core.package_identification:_identify(src/camera_driver) by extension 'colcon_pkg'
[0.855s] Level 1:colcon.colcon_core.package_identification:_identify(src/camera_driver) by extensions ['colcon_meta']
[0.855s] Level 1:colcon.colcon_core.package_identification:_identify(src/camera_driver) by extension 'colcon_meta'
[0.855s] Level 1:colcon.colcon_core.package_identification:_identify(src/camera_driver) by extensions ['ros']
[0.855s] Level 1:colcon.colcon_core.package_identification:_identify(src/camera_driver) by extension 'ros'
[0.857s] DEBUG:colcon.colcon_core.package_identification:Package 'src/camera_driver' with type 'ros.ament_cmake' and name 'camera_driver'
[0.857s] Level 1:colcon.colcon_core.package_identification:_identify(src/custom_robot_bringup) by extensions ['ignore', 'ignore_ament_install']
[0.857s] Level 1:colcon.colcon_core.package_identification:_identify(src/custom_robot_bringup) by extension 'ignore'
[0.857s] Level 1:colcon.colcon_core.package_identification:_identify(src/custom_robot_bringup) by extension 'ignore_ament_install'
[0.857s] Level 1:colcon.colcon_core.package_identification:_identify(src/custom_robot_bringup) by extensions ['colcon_pkg']
[0.858s] Level 1:colcon.colcon_core.package_identification:_identify(src/custom_robot_bringup) by extension 'colcon_pkg'
[0.858s] Level 1:colcon.colcon_core.package_identification:_identify(src/custom_robot_bringup) by extensions ['colcon_meta']
[0.858s] Level 1:colcon.colcon_core.package_identification:_identify(src/custom_robot_bringup) by extension 'colcon_meta'
[0.858s] Level 1:colcon.colcon_core.package_identification:_identify(src/custom_robot_bringup) by extensions ['ros']
[0.858s] Level 1:colcon.colcon_core.package_identification:_identify(src/custom_robot_bringup) by extension 'ros'
[0.858s] DEBUG:colcon.colcon_core.package_identification:Package 'src/custom_robot_bringup' with type 'ros.ament_cmake' and name 'custom_robot_bringup'
[0.858s] Level 1:colcon.colcon_core.package_identification:_identify(src/custom_robot_description) by extensions ['ignore', 'ignore_ament_install']
[0.858s] Level 1:colcon.colcon_core.package_identification:_identify(src/custom_robot_description) by extension 'ignore'
[0.858s] Level 1:colcon.colcon_core.package_identification:_identify(src/custom_robot_description) by extension 'ignore_ament_install'
[0.858s] Level 1:colcon.colcon_core.package_identification:_identify(src/custom_robot_description) by extensions ['colcon_pkg']
[0.858s] Level 1:colcon.colcon_core.package_identification:_identify(src/custom_robot_description) by extension 'colcon_pkg'
[0.858s] Level 1:colcon.colcon_core.package_identification:_identify(src/custom_robot_description) by extensions ['colcon_meta']
[0.858s] Level 1:colcon.colcon_core.package_identification:_identify(src/custom_robot_description) by extension 'colcon_meta'
[0.858s] Level 1:colcon.colcon_core.package_identification:_identify(src/custom_robot_description) by extensions ['ros']
[0.858s] Level 1:colcon.colcon_core.package_identification:_identify(src/custom_robot_description) by extension 'ros'
[0.859s] DEBUG:colcon.colcon_core.package_identification:Package 'src/custom_robot_description' with type 'ros.ament_cmake' and name 'custom_robot_description'
[0.859s] Level 1:colcon.colcon_core.package_discovery:discover_packages(recursive) using defaults
[0.859s] Level 1:colcon.colcon_core.package_discovery:discover_packages(ignore) discover
[0.859s] Level 1:colcon.colcon_core.package_discovery:discover_packages(ignore) using defaults
[0.859s] Level 1:colcon.colcon_core.package_discovery:discover_packages(path) discover
[0.859s] Level 1:colcon.colcon_core.package_discovery:discover_packages(path) using defaults
[0.938s] Level 1:colcon.colcon_core.package_discovery:discover_packages(prefix_path) check parameters
[0.938s] Level 1:colcon.colcon_core.package_discovery:discover_packages(prefix_path) discover
[0.963s] DEBUG:colcon.colcon_installed_package_information.package_discovery:Found 3 installed packages in /home/berkay/Desktop/my_turtle_catcher/install
[0.975s] DEBUG:colcon.colcon_installed_package_information.package_discovery:Found 3 installed packages in /home/berkay/Desktop/custom_robot/install
[0.987s] DEBUG:colcon.colcon_installed_package_information.package_discovery:Found 2 installed packages in /home/berkay/ros2_ws/install
[1.001s] DEBUG:colcon.colcon_installed_package_information.package_discovery:Found 399 installed packages in /opt/ros/humble
[1.002s] Level 1:colcon.colcon_core.package_discovery:discover_packages(prefix_path) using defaults
[1.098s] Level 5:colcon.colcon_core.verb:set package 'camera_driver' build argument 'cmake_args' from command line to 'None'
[1.098s] Level 5:colcon.colcon_core.verb:set package 'camera_driver' build argument 'cmake_target' from command line to 'None'
[1.098s] Level 5:colcon.colcon_core.verb:set package 'camera_driver' build argument 'cmake_target_skip_unavailable' from command line to 'False'
[1.098s] Level 5:colcon.colcon_core.verb:set package 'camera_driver' build argument 'cmake_clean_cache' from command line to 'False'
[1.098s] Level 5:colcon.colcon_core.verb:set package 'camera_driver' build argument 'cmake_clean_first' from command line to 'False'
[1.098s] Level 5:colcon.colcon_core.verb:set package 'camera_driver' build argument 'cmake_force_configure' from command line to 'False'
[1.098s] Level 5:colcon.colcon_core.verb:set package 'camera_driver' build argument 'ament_cmake_args' from command line to 'None'
[1.098s] Level 5:colcon.colcon_core.verb:set package 'camera_driver' build argument 'catkin_cmake_args' from command line to 'None'
[1.098s] Level 5:colcon.colcon_core.verb:set package 'camera_driver' build argument 'catkin_skip_building_tests' from command line to 'False'
[1.098s] DEBUG:colcon.colcon_core.verb:Building package 'camera_driver' with the following arguments: {'ament_cmake_args': None, 'build_base': '/home/berkay/Desktop/custom_robot/build/camera_driver', 'catkin_cmake_args': None, 'catkin_skip_building_tests': False, 'cmake_args': None, 'cmake_clean_cache': False, 'cmake_clean_first': False, 'cmake_force_configure': False, 'cmake_target': None, 'cmake_target_skip_unavailable': False, 'install_base': '/home/berkay/Desktop/custom_robot/install/camera_driver', 'merge_install': False, 'path': '/home/berkay/Desktop/custom_robot/src/camera_driver', 'symlink_install': False, 'test_result_base': None}
[1.110s] Level 5:colcon.colcon_core.verb:set package 'custom_robot_description' build argument 'cmake_args' from command line to 'None'
[1.110s] Level 5:colcon.colcon_core.verb:set package 'custom_robot_description' build argument 'cmake_target' from command line to 'None'
[1.110s] Level 5:colcon.colcon_core.verb:set package 'custom_robot_description' build argument 'cmake_target_skip_unavailable' from command line to 'False'
[1.110s] Level 5:colcon.colcon_core.verb:set package 'custom_robot_description' build argument 'cmake_clean_cache' from command line to 'False'
[1.110s] Level 5:colcon.colcon_core.verb:set package 'custom_robot_description' build argument 'cmake_clean_first' from command line to 'False'
[1.110s] Level 5:colcon.colcon_core.verb:set package 'custom_robot_description' build argument 'cmake_force_configure' from command line to 'False'
[1.110s] Level 5:colcon.colcon_core.verb:set package 'custom_robot_description' build argument 'ament_cmake_args' from command line to 'None'
[1.110s] Level 5:colcon.colcon_core.verb:set package 'custom_robot_description' build argument 'catkin_cmake_args' from command line to 'None'
[1.110s] Level 5:colcon.colcon_core.verb:set package 'custom_robot_description' build argument 'catkin_skip_building_tests' from command line to 'False'
[1.110s] DEBUG:colcon.colcon_core.verb:Building package 'custom_robot_description' with the following arguments: {'ament_cmake_args': None, 'build_base': '/home/berkay/Desktop/custom_robot/build/custom_robot_description', 'catkin_cmake_args': None, 'catkin_skip_building_tests': False, 'cmake_args': None, 'cmake_clean_cache': False, 'cmake_clean_first': False, 'cmake_force_configure': False, 'cmake_target': None, 'cmake_target_skip_unavailable': False, 'install_base': '/home/berkay/Desktop/custom_robot/install/custom_robot_description', 'merge_install': False, 'path': '/home/berkay/Desktop/custom_robot/src/custom_robot_description', 'symlink_install': False, 'test_result_base': None}
[1.123s] Level 5:colcon.colcon_core.verb:set package 'custom_robot_bringup' build argument 'cmake_args' from command line to 'None'
[1.123s] Level 5:colcon.colcon_core.verb:set package 'custom_robot_bringup' build argument 'cmake_target' from command line to 'None'
[1.123s] Level 5:colcon.colcon_core.verb:set package 'custom_robot_bringup' build argument 'cmake_target_skip_unavailable' from command line to 'False'
[1.123s] Level 5:colcon.colcon_core.verb:set package 'custom_robot_bringup' build argument 'cmake_clean_cache' from command line to 'False'
[1.123s] Level 5:colcon.colcon_core.verb:set package 'custom_robot_bringup' build argument 'cmake_clean_first' from command line to 'False'
[1.123s] Level 5:colcon.colcon_core.verb:set package 'custom_robot_bringup' build argument 'cmake_force_configure' from command line to 'False'
[1.123s] Level 5:colcon.colcon_core.verb:set package 'custom_robot_bringup' build argument 'ament_cmake_args' from command line to 'None'
[1.123s] Level 5:colcon.colcon_core.verb:set package 'custom_robot_bringup' build argument 'catkin_cmake_args' from command line to 'None'
[1.123s] Level 5:colcon.colcon_core.verb:set package 'custom_robot_bringup' build argument 'catkin_skip_building_tests' from command line to 'False'
[1.123s] DEBUG:colcon.colcon_core.verb:Building package 'custom_robot_bringup' with the following arguments: {'ament_cmake_args': None, 'build_base': '/home/berkay/Desktop/custom_robot/build/custom_robot_bringup', 'catkin_cmake_args': None, 'catkin_skip_building_tests': False, 'cmake_args': None, 'cmake_clean_cache': False, 'cmake_clean_first': False, 'cmake_force_configure': False, 'cmake_target': None, 'cmake_target_skip_unavailable': False, 'install_base': '/home/berkay/Desktop/custom_robot/install/custom_robot_bringup', 'merge_install': False, 'path': '/home/berkay/Desktop/custom_robot/src/custom_robot_bringup', 'symlink_install': False, 'test_result_base': None}
[1.135s] INFO:colcon.colcon_core.executor:Executing jobs using 'parallel' executor
[1.147s] DEBUG:colcon.colcon_parallel_executor.executor.parallel:run_until_complete
[1.148s] INFO:colcon.colcon_ros.task.ament_cmake.build:Building ROS package in '/home/berkay/Desktop/custom_robot/src/custom_robot_description' with build type 'ament_cmake'
[1.148s] INFO:colcon.colcon_cmake.task.cmake.build:Building CMake package in '/home/berkay/Desktop/custom_robot/src/custom_robot_description'
[1.161s] INFO:colcon.colcon_core.plugin_system:Skipping extension 'colcon_core.shell.bat': Not used on non-Windows systems
[1.161s] INFO:colcon.colcon_core.shell:Skip shell extension 'powershell' for command environment: Not usable outside of PowerShell
[1.161s] DEBUG:colcon.colcon_core.shell:Skip shell extension 'dsv' for command environment
[1.222s] INFO:colcon.colcon_ros.task.ament_cmake.build:Building ROS package in '/home/berkay/Desktop/custom_robot/src/camera_driver' with build type 'ament_cmake'
[1.222s] INFO:colcon.colcon_cmake.task.cmake.build:Building CMake package in '/home/berkay/Desktop/custom_robot/src/camera_driver'
[1.234s] INFO:colcon.colcon_core.shell:Skip shell extension 'powershell' for command environment: Not usable outside of PowerShell
[1.234s] DEBUG:colcon.colcon_core.shell:Skip shell extension 'dsv' for command environment
[1.302s] DEBUG:colcon.colcon_core.event_handler.log_command:Invoking command in '/home/berkay/Desktop/custom_robot/build/custom_robot_description': CMAKE_PREFIX_PATH=${CMAKE_PREFIX_PATH}:/home/berkay/ros2_ws/install/my_package_python:/opt/ros/humble /usr/bin/cmake --build /home/berkay/Desktop/custom_robot/build/custom_robot_description -- -j16 -l16
[1.305s] DEBUG:colcon.colcon_core.event_handler.log_command:Invoking command in '/home/berkay/Desktop/custom_robot/build/camera_driver': CMAKE_PREFIX_PATH=${CMAKE_PREFIX_PATH}:/home/berkay/ros2_ws/install/my_package_python:/opt/ros/humble /usr/bin/cmake --build /home/berkay/Desktop/custom_robot/build/camera_driver -- -j16 -l16
[1.342s] DEBUG:colcon.colcon_core.event_handler.log_command:Invoked command in '/home/berkay/Desktop/custom_robot/build/custom_robot_description' returned '0': CMAKE_PREFIX_PATH=${CMAKE_PREFIX_PATH}:/home/berkay/ros2_ws/install/my_package_python:/opt/ros/humble /usr/bin/cmake --build /home/berkay/Desktop/custom_robot/build/custom_robot_description -- -j16 -l16
[1.376s] DEBUG:colcon.colcon_core.event_handler.log_command:Invoking command in '/home/berkay/Desktop/custom_robot/build/custom_robot_description': CMAKE_PREFIX_PATH=${CMAKE_PREFIX_PATH}:/home/berkay/ros2_ws/install/my_package_python:/opt/ros/humble /usr/bin/cmake --install /home/berkay/Desktop/custom_robot/build/custom_robot_description
[1.377s] DEBUG:colcon.colcon_core.event_handler.log_command:Invoked command in '/home/berkay/Desktop/custom_robot/build/camera_driver' returned '0': CMAKE_PREFIX_PATH=${CMAKE_PREFIX_PATH}:/home/berkay/ros2_ws/install/my_package_python:/opt/ros/humble /usr/bin/cmake --build /home/berkay/Desktop/custom_robot/build/camera_driver -- -j16 -l16
[1.402s] Level 1:colcon.colcon_core.environment:create_environment_scripts_only(custom_robot_description)
[1.402s] DEBUG:colcon.colcon_core.event_handler.log_command:Invoked command in '/home/berkay/Desktop/custom_robot/build/custom_robot_description' returned '0': CMAKE_PREFIX_PATH=${CMAKE_PREFIX_PATH}:/home/berkay/ros2_ws/install/my_package_python:/opt/ros/humble /usr/bin/cmake --install /home/berkay/Desktop/custom_robot/build/custom_robot_description
[1.416s] Level 1:colcon.colcon_core.environment:checking '/home/berkay/Desktop/custom_robot/install/custom_robot_description' for CMake module files
[1.417s] Level 1:colcon.colcon_core.environment:checking '/home/berkay/Desktop/custom_robot/install/custom_robot_description' for CMake config files
[1.417s] Level 1:colcon.colcon_core.shell:create_environment_hook('custom_robot_description', 'cmake_prefix_path')
[1.429s] INFO:colcon.colcon_core.shell:Creating environment hook '/home/berkay/Desktop/custom_robot/install/custom_robot_description/share/custom_robot_description/hook/cmake_prefix_path.ps1'
[1.430s] INFO:colcon.colcon_core.shell:Creating environment descriptor '/home/berkay/Desktop/custom_robot/install/custom_robot_description/share/custom_robot_description/hook/cmake_prefix_path.dsv'
[1.430s] INFO:colcon.colcon_core.shell:Creating environment hook '/home/berkay/Desktop/custom_robot/install/custom_robot_description/share/custom_robot_description/hook/cmake_prefix_path.sh'
[1.431s] Level 1:colcon.colcon_core.environment:checking '/home/berkay/Desktop/custom_robot/install/custom_robot_description/bin'
[1.431s] Level 1:colcon.colcon_core.environment:checking '/home/berkay/Desktop/custom_robot/install/custom_robot_description/lib/pkgconfig/custom_robot_description.pc'
[1.431s] Level 1:colcon.colcon_core.environment:checking '/home/berkay/Desktop/custom_robot/install/custom_robot_description/lib/python3.10/site-packages'
[1.432s] Level 1:colcon.colcon_core.environment:checking '/home/berkay/Desktop/custom_robot/install/custom_robot_description/bin'
[1.444s] INFO:colcon.colcon_core.shell:Creating package script '/home/berkay/Desktop/custom_robot/install/custom_robot_description/share/custom_robot_description/package.ps1'
[1.445s] INFO:colcon.colcon_core.shell:Creating package descriptor '/home/berkay/Desktop/custom_robot/install/custom_robot_description/share/custom_robot_description/package.dsv'
[1.445s] INFO:colcon.colcon_core.shell:Creating package script '/home/berkay/Desktop/custom_robot/install/custom_robot_description/share/custom_robot_description/package.sh'
[1.446s] INFO:colcon.colcon_core.shell:Creating package script '/home/berkay/Desktop/custom_robot/install/custom_robot_description/share/custom_robot_description/package.bash'
[1.446s] INFO:colcon.colcon_core.shell:Creating package script '/home/berkay/Desktop/custom_robot/install/custom_robot_description/share/custom_robot_description/package.zsh'
[1.447s] Level 1:colcon.colcon_core.environment:create_file_with_runtime_dependencies(/home/berkay/Desktop/custom_robot/install/custom_robot_description/share/colcon-core/packages/custom_robot_description)
[1.449s] DEBUG:colcon.colcon_core.event_handler.log_command:Invoking command in '/home/berkay/Desktop/custom_robot/build/camera_driver': CMAKE_PREFIX_PATH=${CMAKE_PREFIX_PATH}:/home/berkay/ros2_ws/install/my_package_python:/opt/ros/humble /usr/bin/cmake --install /home/berkay/Desktop/custom_robot/build/camera_driver
[1.483s] Level 1:colcon.colcon_core.environment:create_environment_scripts_only(custom_robot_description)
[1.496s] Level 1:colcon.colcon_core.environment:checking '/home/berkay/Desktop/custom_robot/install/custom_robot_description' for CMake module files
[1.496s] Level 1:colcon.colcon_core.environment:checking '/home/berkay/Desktop/custom_robot/install/custom_robot_description' for CMake config files
[1.496s] Level 1:colcon.colcon_core.shell:create_environment_hook('custom_robot_description', 'cmake_prefix_path')
[1.509s] INFO:colcon.colcon_core.shell:Creating environment hook '/home/berkay/Desktop/custom_robot/install/custom_robot_description/share/custom_robot_description/hook/cmake_prefix_path.ps1'
[1.510s] INFO:colcon.colcon_core.shell:Creating environment descriptor '/home/berkay/Desktop/custom_robot/install/custom_robot_description/share/custom_robot_description/hook/cmake_prefix_path.dsv'
[1.510s] INFO:colcon.colcon_core.shell:Creating environment hook '/home/berkay/Desktop/custom_robot/install/custom_robot_description/share/custom_robot_description/hook/cmake_prefix_path.sh'
[1.511s] Level 1:colcon.colcon_core.environment:checking '/home/berkay/Desktop/custom_robot/install/custom_robot_description/bin'
[1.511s] Level 1:colcon.colcon_core.environment:checking '/home/berkay/Desktop/custom_robot/install/custom_robot_description/lib/pkgconfig/custom_robot_description.pc'
[1.511s] Level 1:colcon.colcon_core.environment:checking '/home/berkay/Desktop/custom_robot/install/custom_robot_description/lib/python3.10/site-packages'
[1.511s] Level 1:colcon.colcon_core.environment:checking '/home/berkay/Desktop/custom_robot/install/custom_robot_description/bin'
[1.524s] INFO:colcon.colcon_core.shell:Creating package script '/home/berkay/Desktop/custom_robot/install/custom_robot_description/share/custom_robot_description/package.ps1'
[1.524s] INFO:colcon.colcon_core.shell:Creating package descriptor '/home/berkay/Desktop/custom_robot/install/custom_robot_description/share/custom_robot_description/package.dsv'
[1.525s] INFO:colcon.colcon_core.shell:Creating package script '/home/berkay/Desktop/custom_robot/install/custom_robot_description/share/custom_robot_description/package.sh'
[1.525s] INFO:colcon.colcon_core.shell:Creating package script '/home/berkay/Desktop/custom_robot/install/custom_robot_description/share/custom_robot_description/package.bash'
[1.525s] INFO:colcon.colcon_core.shell:Creating package script '/home/berkay/Desktop/custom_robot/install/custom_robot_description/share/custom_robot_description/package.zsh'
[1.526s] Level 1:colcon.colcon_core.environment:create_file_with_runtime_dependencies(/home/berkay/Desktop/custom_robot/install/custom_robot_description/share/colcon-core/packages/custom_robot_description)
[1.526s] INFO:colcon.colcon_ros.task.ament_cmake.build:Building ROS package in '/home/berkay/Desktop/custom_robot/src/custom_robot_bringup' with build type 'ament_cmake'
[1.526s] INFO:colcon.colcon_cmake.task.cmake.build:Building CMake package in '/home/berkay/Desktop/custom_robot/src/custom_robot_bringup'
[1.538s] INFO:colcon.colcon_core.shell:Skip shell extension 'powershell' for command environment: Not usable outside of PowerShell
[1.538s] DEBUG:colcon.colcon_core.shell:Skip shell extension 'dsv' for command environment
[1.602s] Level 1:colcon.colcon_core.environment:create_environment_scripts_only(camera_driver)
[1.602s] DEBUG:colcon.colcon_core.event_handler.log_command:Invoked command in '/home/berkay/Desktop/custom_robot/build/camera_driver' returned '0': CMAKE_PREFIX_PATH=${CMAKE_PREFIX_PATH}:/home/berkay/ros2_ws/install/my_package_python:/opt/ros/humble /usr/bin/cmake --install /home/berkay/Desktop/custom_robot/build/camera_driver
[1.614s] Level 1:colcon.colcon_core.environment:checking '/home/berkay/Desktop/custom_robot/install/camera_driver' for CMake module files
[1.615s] Level 1:colcon.colcon_core.environment:checking '/home/berkay/Desktop/custom_robot/install/camera_driver' for CMake config files
[1.615s] Level 1:colcon.colcon_core.shell:create_environment_hook('camera_driver', 'cmake_prefix_path')
[1.627s] INFO:colcon.colcon_core.shell:Creating environment hook '/home/berkay/Desktop/custom_robot/install/camera_driver/share/camera_driver/hook/cmake_prefix_path.ps1'
[1.627s] INFO:colcon.colcon_core.shell:Creating environment descriptor '/home/berkay/Desktop/custom_robot/install/camera_driver/share/camera_driver/hook/cmake_prefix_path.dsv'
[1.628s] INFO:colcon.colcon_core.shell:Creating environment hook '/home/berkay/Desktop/custom_robot/install/camera_driver/share/camera_driver/hook/cmake_prefix_path.sh'
[1.628s] Level 1:colcon.colcon_core.environment:checking '/home/berkay/Desktop/custom_robot/install/camera_driver/lib'
[1.628s] Level 1:colcon.colcon_core.environment:checking '/home/berkay/Desktop/custom_robot/install/camera_driver/bin'
[1.628s] Level 1:colcon.colcon_core.environment:checking '/home/berkay/Desktop/custom_robot/install/camera_driver/lib/pkgconfig/camera_driver.pc'
[1.628s] Level 1:colcon.colcon_core.environment:checking '/home/berkay/Desktop/custom_robot/install/camera_driver/lib/python3.10/site-packages'
[1.629s] Level 1:colcon.colcon_core.environment:checking '/home/berkay/Desktop/custom_robot/install/camera_driver/bin'
[1.640s] INFO:colcon.colcon_core.shell:Creating package script '/home/berkay/Desktop/custom_robot/install/camera_driver/share/camera_driver/package.ps1'
[1.641s] INFO:colcon.colcon_core.shell:Creating package descriptor '/home/berkay/Desktop/custom_robot/install/camera_driver/share/camera_driver/package.dsv'
[1.641s] INFO:colcon.colcon_core.shell:Creating package script '/home/berkay/Desktop/custom_robot/install/camera_driver/share/camera_driver/package.sh'
[1.641s] INFO:colcon.colcon_core.shell:Creating package script '/home/berkay/Desktop/custom_robot/install/camera_driver/share/camera_driver/package.bash'
[1.642s] INFO:colcon.colcon_core.shell:Creating package script '/home/berkay/Desktop/custom_robot/install/camera_driver/share/camera_driver/package.zsh'
[1.642s] Level 1:colcon.colcon_core.environment:create_file_with_runtime_dependencies(/home/berkay/Desktop/custom_robot/install/camera_driver/share/colcon-core/packages/camera_driver)
[1.646s] DEBUG:colcon.colcon_core.event_handler.log_command:Invoking command in '/home/berkay/Desktop/custom_robot/build/custom_robot_bringup': AMENT_PREFIX_PATH=/home/berkay/Desktop/custom_robot/install/custom_robot_description:${AMENT_PREFIX_PATH} CMAKE_PREFIX_PATH=/home/berkay/Desktop/custom_robot/install/custom_robot_description:/home/berkay/Desktop/my_turtle_catcher/install/my_turtle_catcher_launcher:/home/berkay/Desktop/my_turtle_catcher/install/my_turtle_catch_them:/home/berkay/Desktop/my_turtle_catcher/install/my_turtle_catcher_data_types:/home/berkay/ros2_ws/install/my_package:/home/berkay/ros2_ws/install/my_package_python:/opt/ros/humble /usr/bin/cmake --build /home/berkay/Desktop/custom_robot/build/custom_robot_bringup -- -j16 -l16
[1.682s] Level 1:colcon.colcon_core.environment:create_environment_scripts_only(camera_driver)
[1.694s] Level 1:colcon.colcon_core.environment:checking '/home/berkay/Desktop/custom_robot/install/camera_driver' for CMake module files
[1.695s] Level 1:colcon.colcon_core.environment:checking '/home/berkay/Desktop/custom_robot/install/camera_driver' for CMake config files
[1.695s] Level 1:colcon.colcon_core.shell:create_environment_hook('camera_driver', 'cmake_prefix_path')
[1.707s] INFO:colcon.colcon_core.shell:Creating environment hook '/home/berkay/Desktop/custom_robot/install/camera_driver/share/camera_driver/hook/cmake_prefix_path.ps1'
[1.708s] INFO:colcon.colcon_core.shell:Creating environment descriptor '/home/berkay/Desktop/custom_robot/install/camera_driver/share/camera_driver/hook/cmake_prefix_path.dsv'
[1.708s] INFO:colcon.colcon_core.shell:Creating environment hook '/home/berkay/Desktop/custom_robot/install/camera_driver/share/camera_driver/hook/cmake_prefix_path.sh'
[1.708s] Level 1:colcon.colcon_core.environment:checking '/home/berkay/Desktop/custom_robot/install/camera_driver/lib'
[1.708s] Level 1:colcon.colcon_core.environment:checking '/home/berkay/Desktop/custom_robot/install/camera_driver/bin'
[1.709s] Level 1:colcon.colcon_core.environment:checking '/home/berkay/Desktop/custom_robot/install/camera_driver/lib/pkgconfig/camera_driver.pc'
[1.709s] Level 1:colcon.colcon_core.environment:checking '/home/berkay/Desktop/custom_robot/install/camera_driver/lib/python3.10/site-packages'
[1.709s] Level 1:colcon.colcon_core.environment:checking '/home/berkay/Desktop/custom_robot/install/camera_driver/bin'
[1.721s] INFO:colcon.colcon_core.shell:Creating package script '/home/berkay/Desktop/custom_robot/install/camera_driver/share/camera_driver/package.ps1'
[1.722s] INFO:colcon.colcon_core.shell:Creating package descriptor '/home/berkay/Desktop/custom_robot/install/camera_driver/share/camera_driver/package.dsv'
[1.722s] INFO:colcon.colcon_core.shell:Creating package script '/home/berkay/Desktop/custom_robot/install/camera_driver/share/camera_driver/package.sh'
[1.723s] INFO:colcon.colcon_core.shell:Creating package script '/home/berkay/Desktop/custom_robot/install/camera_driver/share/camera_driver/package.bash'
[1.723s] INFO:colcon.colcon_core.shell:Creating package script '/home/berkay/Desktop/custom_robot/install/camera_driver/share/camera_driver/package.zsh'
[1.723s] Level 1:colcon.colcon_core.environment:create_file_with_runtime_dependencies(/home/berkay/Desktop/custom_robot/install/camera_driver/share/colcon-core/packages/camera_driver)
[1.725s] DEBUG:colcon.colcon_core.event_handler.log_command:Invoked command in '/home/berkay/Desktop/custom_robot/build/custom_robot_bringup' returned '0': AMENT_PREFIX_PATH=/home/berkay/Desktop/custom_robot/install/custom_robot_description:${AMENT_PREFIX_PATH} CMAKE_PREFIX_PATH=/home/berkay/Desktop/custom_robot/install/custom_robot_description:/home/berkay/Desktop/my_turtle_catcher/install/my_turtle_catcher_launcher:/home/berkay/Desktop/my_turtle_catcher/install/my_turtle_catch_them:/home/berkay/Desktop/my_turtle_catcher/install/my_turtle_catcher_data_types:/home/berkay/ros2_ws/install/my_package:/home/berkay/ros2_ws/install/my_package_python:/opt/ros/humble /usr/bin/cmake --build /home/berkay/Desktop/custom_robot/build/custom_robot_bringup -- -j16 -l16
[1.750s] DEBUG:colcon.colcon_core.event_handler.log_command:Invoking command in '/home/berkay/Desktop/custom_robot/build/custom_robot_bringup': AMENT_PREFIX_PATH=/home/berkay/Desktop/custom_robot/install/custom_robot_description:${AMENT_PREFIX_PATH} CMAKE_PREFIX_PATH=/home/berkay/Desktop/custom_robot/install/custom_robot_description:/home/berkay/Desktop/my_turtle_catcher/install/my_turtle_catcher_launcher:/home/berkay/Desktop/my_turtle_catcher/install/my_turtle_catch_them:/home/berkay/Desktop/my_turtle_catcher/install/my_turtle_catcher_data_types:/home/berkay/ros2_ws/install/my_package:/home/berkay/ros2_ws/install/my_package_python:/opt/ros/humble /usr/bin/cmake --install /home/berkay/Desktop/custom_robot/build/custom_robot_bringup
[1.771s] Level 1:colcon.colcon_core.environment:create_environment_scripts_only(custom_robot_bringup)
[1.772s] DEBUG:colcon.colcon_core.event_handler.log_command:Invoked command in '/home/berkay/Desktop/custom_robot/build/custom_robot_bringup' returned '0': AMENT_PREFIX_PATH=/home/berkay/Desktop/custom_robot/install/custom_robot_description:${AMENT_PREFIX_PATH} CMAKE_PREFIX_PATH=/home/berkay/Desktop/custom_robot/install/custom_robot_description:/home/berkay/Desktop/my_turtle_catcher/install/my_turtle_catcher_launcher:/home/berkay/Desktop/my_turtle_catcher/install/my_turtle_catch_them:/home/berkay/Desktop/my_turtle_catcher/install/my_turtle_catcher_data_types:/home/berkay/ros2_ws/install/my_package:/home/berkay/ros2_ws/install/my_package_python:/opt/ros/humble /usr/bin/cmake --install /home/berkay/Desktop/custom_robot/build/custom_robot_bringup
[1.784s] Level 1:colcon.colcon_core.environment:checking '/home/berkay/Desktop/custom_robot/install/custom_robot_bringup' for CMake module files
[1.784s] Level 1:colcon.colcon_core.environment:checking '/home/berkay/Desktop/custom_robot/install/custom_robot_bringup' for CMake config files
[1.784s] Level 1:colcon.colcon_core.shell:create_environment_hook('custom_robot_bringup', 'cmake_prefix_path')
[1.795s] INFO:colcon.colcon_core.shell:Creating environment hook '/home/berkay/Desktop/custom_robot/install/custom_robot_bringup/share/custom_robot_bringup/hook/cmake_prefix_path.ps1'
[1.796s] INFO:colcon.colcon_core.shell:Creating environment descriptor '/home/berkay/Desktop/custom_robot/install/custom_robot_bringup/share/custom_robot_bringup/hook/cmake_prefix_path.dsv'
[1.796s] INFO:colcon.colcon_core.shell:Creating environment hook '/home/berkay/Desktop/custom_robot/install/custom_robot_bringup/share/custom_robot_bringup/hook/cmake_prefix_path.sh'
[1.797s] Level 1:colcon.colcon_core.environment:checking '/home/berkay/Desktop/custom_robot/install/custom_robot_bringup/bin'
[1.797s] Level 1:colcon.colcon_core.environment:checking '/home/berkay/Desktop/custom_robot/install/custom_robot_bringup/lib/pkgconfig/custom_robot_bringup.pc'
[1.797s] Level 1:colcon.colcon_core.environment:checking '/home/berkay/Desktop/custom_robot/install/custom_robot_bringup/lib/python3.10/site-packages'
[1.797s] Level 1:colcon.colcon_core.environment:checking '/home/berkay/Desktop/custom_robot/install/custom_robot_bringup/bin'
[1.808s] INFO:colcon.colcon_core.shell:Creating package script '/home/berkay/Desktop/custom_robot/install/custom_robot_bringup/share/custom_robot_bringup/package.ps1'
[1.809s] INFO:colcon.colcon_core.shell:Creating package descriptor '/home/berkay/Desktop/custom_robot/install/custom_robot_bringup/share/custom_robot_bringup/package.dsv'
[1.809s] INFO:colcon.colcon_core.shell:Creating package script '/home/berkay/Desktop/custom_robot/install/custom_robot_bringup/share/custom_robot_bringup/package.sh'
[1.810s] INFO:colcon.colcon_core.shell:Creating package script '/home/berkay/Desktop/custom_robot/install/custom_robot_bringup/share/custom_robot_bringup/package.bash'
[1.810s] INFO:colcon.colcon_core.shell:Creating package script '/home/berkay/Desktop/custom_robot/install/custom_robot_bringup/share/custom_robot_bringup/package.zsh'
[1.810s] Level 1:colcon.colcon_core.environment:create_file_with_runtime_dependencies(/home/berkay/Desktop/custom_robot/install/custom_robot_bringup/share/colcon-core/packages/custom_robot_bringup)
[1.846s] Level 1:colcon.colcon_core.environment:create_environment_scripts_only(custom_robot_bringup)
[1.858s] Level 1:colcon.colcon_core.environment:checking '/home/berkay/Desktop/custom_robot/install/custom_robot_bringup' for CMake module files
[1.859s] Level 1:colcon.colcon_core.environment:checking '/home/berkay/Desktop/custom_robot/install/custom_robot_bringup' for CMake config files
[1.859s] Level 1:colcon.colcon_core.shell:create_environment_hook('custom_robot_bringup', 'cmake_prefix_path')
[1.870s] INFO:colcon.colcon_core.shell:Creating environment hook '/home/berkay/Desktop/custom_robot/install/custom_robot_bringup/share/custom_robot_bringup/hook/cmake_prefix_path.ps1'
[1.871s] INFO:colcon.colcon_core.shell:Creating environment descriptor '/home/berkay/Desktop/custom_robot/install/custom_robot_bringup/share/custom_robot_bringup/hook/cmake_prefix_path.dsv'
[1.871s] INFO:colcon.colcon_core.shell:Creating environment hook '/home/berkay/Desktop/custom_robot/install/custom_robot_bringup/share/custom_robot_bringup/hook/cmake_prefix_path.sh'
[1.871s] Level 1:colcon.colcon_core.environment:checking '/home/berkay/Desktop/custom_robot/install/custom_robot_bringup/bin'
[1.872s] Level 1:colcon.colcon_core.environment:checking '/home/berkay/Desktop/custom_robot/install/custom_robot_bringup/lib/pkgconfig/custom_robot_bringup.pc'
[1.872s] Level 1:colcon.colcon_core.environment:checking '/home/berkay/Desktop/custom_robot/install/custom_robot_bringup/lib/python3.10/site-packages'
[1.872s] Level 1:colcon.colcon_core.environment:checking '/home/berkay/Desktop/custom_robot/install/custom_robot_bringup/bin'
[1.883s] INFO:colcon.colcon_core.shell:Creating package script '/home/berkay/Desktop/custom_robot/install/custom_robot_bringup/share/custom_robot_bringup/package.ps1'
[1.884s] INFO:colcon.colcon_core.shell:Creating package descriptor '/home/berkay/Desktop/custom_robot/install/custom_robot_bringup/share/custom_robot_bringup/package.dsv'
[1.884s] INFO:colcon.colcon_core.shell:Creating package script '/home/berkay/Desktop/custom_robot/install/custom_robot_bringup/share/custom_robot_bringup/package.sh'
[1.884s] INFO:colcon.colcon_core.shell:Creating package script '/home/berkay/Desktop/custom_robot/install/custom_robot_bringup/share/custom_robot_bringup/package.bash'
[1.885s] INFO:colcon.colcon_core.shell:Creating package script '/home/berkay/Desktop/custom_robot/install/custom_robot_bringup/share/custom_robot_bringup/package.zsh'
[1.885s] Level 1:colcon.colcon_core.environment:create_file_with_runtime_dependencies(/home/berkay/Desktop/custom_robot/install/custom_robot_bringup/share/colcon-core/packages/custom_robot_bringup)
[1.885s] DEBUG:colcon.colcon_parallel_executor.executor.parallel:closing loop
[1.885s] DEBUG:colcon.colcon_parallel_executor.executor.parallel:loop closed
[1.885s] DEBUG:colcon.colcon_parallel_executor.executor.parallel:run_until_complete finished with '0'
[1.886s] DEBUG:colcon.colcon_core.event_reactor:joining thread
[1.901s] INFO:colcon.colcon_core.plugin_system:Skipping extension 'colcon_notification.desktop_notification.terminal_notifier': Not used on non-Darwin systems
[1.901s] INFO:colcon.colcon_core.plugin_system:Skipping extension 'colcon_notification.desktop_notification.win32': Not used on non-Windows systems
[1.901s] INFO:colcon.colcon_notification.desktop_notification:Sending desktop notification using 'notify2'
[1.910s] DEBUG:colcon.colcon_core.event_reactor:joined thread
[1.922s] INFO:colcon.colcon_core.shell:Creating prefix script '/home/berkay/Desktop/custom_robot/install/local_setup.ps1'
[1.923s] INFO:colcon.colcon_core.shell:Creating prefix util module '/home/berkay/Desktop/custom_robot/install/_local_setup_util_ps1.py'
[1.924s] INFO:colcon.colcon_core.shell:Creating prefix chain script '/home/berkay/Desktop/custom_robot/install/setup.ps1'
[1.938s] INFO:colcon.colcon_core.shell:Creating prefix script '/home/berkay/Desktop/custom_robot/install/local_setup.sh'
[1.938s] INFO:colcon.colcon_core.shell:Creating prefix util module '/home/berkay/Desktop/custom_robot/install/_local_setup_util_sh.py'
[1.938s] INFO:colcon.colcon_core.shell:Creating prefix chain script '/home/berkay/Desktop/custom_robot/install/setup.sh'
[1.952s] INFO:colcon.colcon_core.shell:Creating prefix script '/home/berkay/Desktop/custom_robot/install/local_setup.bash'
[1.952s] INFO:colcon.colcon_core.shell:Creating prefix chain script '/home/berkay/Desktop/custom_robot/install/setup.bash'
[1.965s] INFO:colcon.colcon_core.shell:Creating prefix script '/home/berkay/Desktop/custom_robot/install/local_setup.zsh'
[1.966s] INFO:colcon.colcon_core.shell:Creating prefix chain script '/home/berkay/Desktop/custom_robot/install/setup.zsh'
