-- Install configuration: ""
-- Up-to-date: /home/berkay/Desktop/custom_robot/install/custom_robot_bringup/share/custom_robot_bringup//launch
-- Up-to-date: /home/berkay/Desktop/custom_robot/install/custom_robot_bringup/share/custom_robot_bringup//launch/custom_robot_gazebo.launch.xml
-- Up-to-date: /home/berkay/Desktop/custom_robot/install/custom_robot_bringup/share/custom_robot_bringup//rviz
-- Up-to-date: /home/berkay/Desktop/custom_robot/install/custom_robot_bringup/share/custom_robot_bringup//rviz/urdf_config.rviz
-- Up-to-date: /home/berkay/Desktop/custom_robot/install/custom_robot_bringup/share/custom_robot_bringup//worlds
-- Up-to-date: /home/berkay/Desktop/custom_robot/install/custom_robot_bringup/share/custom_robot_bringup//worlds/test_world.world
-- Up-to-date: /home/berkay/Desktop/custom_robot/install/custom_robot_bringup/share/ament_index/resource_index/package_run_dependencies/custom_robot_bringup
-- Up-to-date: /home/berkay/Desktop/custom_robot/install/custom_robot_bringup/share/ament_index/resource_index/parent_prefix_path/custom_robot_bringup
-- Up-to-date: /home/berkay/Desktop/custom_robot/install/custom_robot_bringup/share/custom_robot_bringup/environment/ament_prefix_path.sh
-- Up-to-date: /home/berkay/Desktop/custom_robot/install/custom_robot_bringup/share/custom_robot_bringup/environment/ament_prefix_path.dsv
-- Up-to-date: /home/berkay/Desktop/custom_robot/install/custom_robot_bringup/share/custom_robot_bringup/environment/path.sh
-- Up-to-date: /home/berkay/Desktop/custom_robot/install/custom_robot_bringup/share/custom_robot_bringup/environment/path.dsv
-- Up-to-date: /home/berkay/Desktop/custom_robot/install/custom_robot_bringup/share/custom_robot_bringup/local_setup.bash
-- Up-to-date: /home/berkay/Desktop/custom_robot/install/custom_robot_bringup/share/custom_robot_bringup/local_setup.sh
-- Up-to-date: /home/berkay/Desktop/custom_robot/install/custom_robot_bringup/share/custom_robot_bringup/local_setup.zsh
-- Up-to-date: /home/berkay/Desktop/custom_robot/install/custom_robot_bringup/share/custom_robot_bringup/local_setup.dsv
-- Up-to-date: /home/berkay/Desktop/custom_robot/install/custom_robot_bringup/share/custom_robot_bringup/package.dsv
-- Up-to-date: /home/berkay/Desktop/custom_robot/install/custom_robot_bringup/share/ament_index/resource_index/packages/custom_robot_bringup
-- Up-to-date: /home/berkay/Desktop/custom_robot/install/custom_robot_bringup/share/custom_robot_bringup/cmake/custom_robot_bringupConfig.cmake
-- Up-to-date: /home/berkay/Desktop/custom_robot/install/custom_robot_bringup/share/custom_robot_bringup/cmake/custom_robot_bringupConfig-version.cmake
-- Up-to-date: /home/berkay/Desktop/custom_robot/install/custom_robot_bringup/share/custom_robot_bringup/package.xml
