[0.166s] Invoking command in '/home/berkay/Desktop/custom_robot/build/custom_robot_description': CMAKE_PREFIX_PATH=${CMAKE_PREFIX_PATH}:/home/berkay/ros2_ws/install/my_package_python:/opt/ros/humble /usr/bin/cmake /home/berkay/Desktop/custom_robot/src/custom_robot_description -DCMAKE_INSTALL_PREFIX=/home/berkay/Desktop/custom_robot/install/custom_robot_description
[0.178s] -- Found ament_cmake: 1.3.8 (/opt/ros/humble/share/ament_cmake/cmake)
[0.279s] -- Override CMake install command with custom implementation using symlinks instead of copying resources
[0.341s] -- Configuring done
[0.344s] -- Generating done
[0.345s] -- Build files have been written to: /home/berkay/Desktop/custom_robot/build/custom_robot_description
[0.347s] Invoked command in '/home/berkay/Desktop/custom_robot/build/custom_robot_description' returned '0': CMAKE_PREFIX_PATH=${CMAKE_PREFIX_PATH}:/home/berkay/ros2_ws/install/my_package_python:/opt/ros/humble /usr/bin/cmake /home/berkay/Desktop/custom_robot/src/custom_robot_description -DCMAKE_INSTALL_PREFIX=/home/berkay/Desktop/custom_robot/install/custom_robot_description
[0.349s] Invoking command in '/home/berkay/Desktop/custom_robot/build/custom_robot_description': CMAKE_PREFIX_PATH=${CMAKE_PREFIX_PATH}:/home/berkay/ros2_ws/install/my_package_python:/opt/ros/humble /usr/bin/cmake --build /home/berkay/Desktop/custom_robot/build/custom_robot_description -- -j16 -l16
[0.390s] Invoked command in '/home/berkay/Desktop/custom_robot/build/custom_robot_description' returned '0': CMAKE_PREFIX_PATH=${CMAKE_PREFIX_PATH}:/home/berkay/ros2_ws/install/my_package_python:/opt/ros/humble /usr/bin/cmake --build /home/berkay/Desktop/custom_robot/build/custom_robot_description -- -j16 -l16
[0.425s] Invoking command in '/home/berkay/Desktop/custom_robot/build/custom_robot_description': CMAKE_PREFIX_PATH=${CMAKE_PREFIX_PATH}:/home/berkay/ros2_ws/install/my_package_python:/opt/ros/humble /usr/bin/cmake --install /home/berkay/Desktop/custom_robot/build/custom_robot_description
[0.433s] -- Install configuration: ""
[0.434s] -- Execute custom install script
[0.434s] -- Up-to-date symlink: /home/berkay/Desktop/custom_robot/install/custom_robot_description/share/custom_robot_description//urdf/camera.xacro
[0.434s] -- Up-to-date symlink: /home/berkay/Desktop/custom_robot/install/custom_robot_description/share/custom_robot_description//urdf/common_properties.xacro
[0.434s] -- Up-to-date symlink: /home/berkay/Desktop/custom_robot/install/custom_robot_description/share/custom_robot_description//urdf/lidar.xacro
[0.435s] -- Up-to-date symlink: /home/berkay/Desktop/custom_robot/install/custom_robot_description/share/custom_robot_description//urdf/mobile_base.xacro
[0.435s] -- Up-to-date symlink: /home/berkay/Desktop/custom_robot/install/custom_robot_description/share/custom_robot_description//urdf/mobile_base_gazebo.xacro
[0.435s] -- Up-to-date symlink: /home/berkay/Desktop/custom_robot/install/custom_robot_description/share/custom_robot_description//urdf/my_robot.urdf.xacro
[0.435s] -- Up-to-date symlink: /home/berkay/Desktop/custom_robot/install/custom_robot_description/share/custom_robot_description//launch/display.launch.xml
[0.435s] -- Up-to-date symlink: /home/berkay/Desktop/custom_robot/install/custom_robot_description/share/custom_robot_description//rviz/urdf_config.rviz
[0.436s] -- Up-to-date symlink: /home/berkay/Desktop/custom_robot/install/custom_robot_description/share/ament_index/resource_index/package_run_dependencies/custom_robot_description
[0.436s] -- Up-to-date symlink: /home/berkay/Desktop/custom_robot/install/custom_robot_description/share/ament_index/resource_index/parent_prefix_path/custom_robot_description
[0.436s] -- Up-to-date symlink: /home/berkay/Desktop/custom_robot/install/custom_robot_description/share/custom_robot_description/environment/ament_prefix_path.sh
[0.436s] -- Up-to-date symlink: /home/berkay/Desktop/custom_robot/install/custom_robot_description/share/custom_robot_description/environment/ament_prefix_path.dsv
[0.436s] -- Up-to-date symlink: /home/berkay/Desktop/custom_robot/install/custom_robot_description/share/custom_robot_description/environment/path.sh
[0.436s] -- Up-to-date symlink: /home/berkay/Desktop/custom_robot/install/custom_robot_description/share/custom_robot_description/environment/path.dsv
[0.436s] -- Up-to-date symlink: /home/berkay/Desktop/custom_robot/install/custom_robot_description/share/custom_robot_description/local_setup.bash
[0.437s] -- Up-to-date symlink: /home/berkay/Desktop/custom_robot/install/custom_robot_description/share/custom_robot_description/local_setup.sh
[0.437s] -- Up-to-date symlink: /home/berkay/Desktop/custom_robot/install/custom_robot_description/share/custom_robot_description/local_setup.zsh
[0.437s] -- Up-to-date symlink: /home/berkay/Desktop/custom_robot/install/custom_robot_description/share/custom_robot_description/local_setup.dsv
[0.437s] -- Symlinking: /home/berkay/Desktop/custom_robot/install/custom_robot_description/share/custom_robot_description/package.dsv
[0.446s] -- Up-to-date symlink: /home/berkay/Desktop/custom_robot/install/custom_robot_description/share/ament_index/resource_index/packages/custom_robot_description
[0.447s] -- Up-to-date symlink: /home/berkay/Desktop/custom_robot/install/custom_robot_description/share/custom_robot_description/cmake/custom_robot_descriptionConfig.cmake
[0.447s] -- Up-to-date symlink: /home/berkay/Desktop/custom_robot/install/custom_robot_description/share/custom_robot_description/cmake/custom_robot_descriptionConfig-version.cmake
[0.447s] -- Up-to-date symlink: /home/berkay/Desktop/custom_robot/install/custom_robot_description/share/custom_robot_description/package.xml
[0.449s] Invoked command in '/home/berkay/Desktop/custom_robot/build/custom_robot_description' returned '0': CMAKE_PREFIX_PATH=${CMAKE_PREFIX_PATH}:/home/berkay/ros2_ws/install/my_package_python:/opt/ros/humble /usr/bin/cmake --install /home/berkay/Desktop/custom_robot/build/custom_robot_description
