[0.086s] Invoking command in '/home/berkay/Desktop/custom_robot/build/lidar_driver': CMAKE_PREFIX_PATH=${CMAKE_PREFIX_PATH}:/home/berkay/ros2_ws/install/my_package_python:/opt/ros/humble /usr/bin/cmake --build /home/berkay/Desktop/custom_robot/build/lidar_driver -- -j16 -l16
[0.132s] [35m[1mConsolidate compiler generated dependencies of target lidar_subscriber_node[0m
[0.157s] [100%] Built target lidar_subscriber_node
[0.170s] Invoked command in '/home/berkay/Desktop/custom_robot/build/lidar_driver' returned '0': CMAKE_PREFIX_PATH=${CMAKE_PREFIX_PATH}:/home/berkay/ros2_ws/install/my_package_python:/opt/ros/humble /usr/bin/cmake --build /home/berkay/Desktop/custom_robot/build/lidar_driver -- -j16 -l16
[0.210s] Invoking command in '/home/berkay/Desktop/custom_robot/build/lidar_driver': CMAKE_PREFIX_PATH=${CMAKE_PREFIX_PATH}:/home/berkay/ros2_ws/install/my_package_python:/opt/ros/humble /usr/bin/cmake --install /home/berkay/Desktop/custom_robot/build/lidar_driver
[0.218s] -- Install configuration: ""
[0.219s] -- Up-to-date: /home/berkay/Desktop/custom_robot/install/lidar_driver/lib/lidar_driver/lidar_subscriber_node
[0.219s] -- Up-to-date: /home/berkay/Desktop/custom_robot/install/lidar_driver/share/ament_index/resource_index/package_run_dependencies/lidar_driver
[0.219s] -- Up-to-date: /home/berkay/Desktop/custom_robot/install/lidar_driver/share/ament_index/resource_index/parent_prefix_path/lidar_driver
[0.219s] -- Up-to-date: /home/berkay/Desktop/custom_robot/install/lidar_driver/share/lidar_driver/environment/ament_prefix_path.sh
[0.219s] -- Up-to-date: /home/berkay/Desktop/custom_robot/install/lidar_driver/share/lidar_driver/environment/ament_prefix_path.dsv
[0.219s] -- Up-to-date: /home/berkay/Desktop/custom_robot/install/lidar_driver/share/lidar_driver/environment/path.sh
[0.219s] -- Up-to-date: /home/berkay/Desktop/custom_robot/install/lidar_driver/share/lidar_driver/environment/path.dsv
[0.219s] -- Up-to-date: /home/berkay/Desktop/custom_robot/install/lidar_driver/share/lidar_driver/local_setup.bash
[0.219s] -- Up-to-date: /home/berkay/Desktop/custom_robot/install/lidar_driver/share/lidar_driver/local_setup.sh
[0.219s] -- Up-to-date: /home/berkay/Desktop/custom_robot/install/lidar_driver/share/lidar_driver/local_setup.zsh
[0.219s] -- Up-to-date: /home/berkay/Desktop/custom_robot/install/lidar_driver/share/lidar_driver/local_setup.dsv
[0.219s] -- Installing: /home/berkay/Desktop/custom_robot/install/lidar_driver/share/lidar_driver/package.dsv
[0.219s] -- Up-to-date: /home/berkay/Desktop/custom_robot/install/lidar_driver/share/ament_index/resource_index/packages/lidar_driver
[0.220s] -- Up-to-date: /home/berkay/Desktop/custom_robot/install/lidar_driver/share/lidar_driver/cmake/lidar_driverConfig.cmake
[0.220s] -- Up-to-date: /home/berkay/Desktop/custom_robot/install/lidar_driver/share/lidar_driver/cmake/lidar_driverConfig-version.cmake
[0.220s] -- Up-to-date: /home/berkay/Desktop/custom_robot/install/lidar_driver/share/lidar_driver/package.xml
[0.221s] Invoked command in '/home/berkay/Desktop/custom_robot/build/lidar_driver' returned '0': CMAKE_PREFIX_PATH=${CMAKE_PREFIX_PATH}:/home/berkay/ros2_ws/install/my_package_python:/opt/ros/humble /usr/bin/cmake --install /home/berkay/Desktop/custom_robot/build/lidar_driver
