[0.857s] DEBUG:colcon:Command line arguments: ['/usr/bin/colcon', 'build']
[0.857s] DEBUG:colcon:Parsed command line arguments: Namespace(log_base=None, log_level=None, verb_name='build', build_base='build', install_base='install', merge_install=False, symlink_install=False, test_result_base=None, continue_on_error=False, executor='parallel', parallel_workers=16, event_handlers=None, ignore_user_meta=False, metas=['./colcon.meta'], base_paths=['.'], packages_ignore=None, packages_ignore_regex=None, paths=None, packages_up_to=None, packages_up_to_regex=None, packages_above=None, packages_above_and_dependencies=None, packages_above_depth=None, packages_select_by_dep=None, packages_skip_by_dep=None, packages_skip_up_to=None, packages_select_build_failed=False, packages_skip_build_finished=False, packages_select_test_failures=False, packages_skip_test_passed=False, packages_select=None, packages_skip=None, packages_select_regex=None, packages_skip_regex=None, packages_start=None, packages_end=None, allow_overriding=[], cmake_args=None, cmake_target=None, cmake_target_skip_unavailable=False, cmake_clean_cache=False, cmake_clean_first=False, cmake_force_configure=False, ament_cmake_args=None, catkin_cmake_args=None, catkin_skip_building_tests=False, verb_parser=<colcon_defaults.argument_parser.defaults.DefaultArgumentsDecorator object at 0x78bd757acca0>, verb_extension=<colcon_core.verb.build.BuildVerb object at 0x78bd757837c0>, main=<bound method BuildVerb.main of <colcon_core.verb.build.BuildVerb object at 0x78bd757837c0>>)
[0.897s] Level 1:colcon.colcon_core.package_discovery:discover_packages(colcon_meta) check parameters
[0.897s] Level 1:colcon.colcon_core.package_discovery:discover_packages(recursive) check parameters
[0.897s] Level 1:colcon.colcon_core.package_discovery:discover_packages(ignore) check parameters
[0.897s] Level 1:colcon.colcon_core.package_discovery:discover_packages(path) check parameters
[0.898s] Level 1:colcon.colcon_core.package_discovery:discover_packages(colcon_meta) discover
[0.898s] Level 1:colcon.colcon_core.package_discovery:discover_packages(recursive) discover
[0.898s] INFO:colcon.colcon_core.package_discovery:Crawling recursively for packages in '/home/berkay/Desktop/custom_robot'
[0.898s] Level 1:colcon.colcon_core.package_identification:_identify(.) by extensions ['ignore', 'ignore_ament_install']
[0.898s] Level 1:colcon.colcon_core.package_identification:_identify(.) by extension 'ignore'
[0.898s] Level 1:colcon.colcon_core.package_identification:_identify(.) by extension 'ignore_ament_install'
[0.898s] Level 1:colcon.colcon_core.package_identification:_identify(.) by extensions ['colcon_pkg']
[0.898s] Level 1:colcon.colcon_core.package_identification:_identify(.) by extension 'colcon_pkg'
[0.898s] Level 1:colcon.colcon_core.package_identification:_identify(.) by extensions ['colcon_meta']
[0.898s] Level 1:colcon.colcon_core.package_identification:_identify(.) by extension 'colcon_meta'
[0.898s] Level 1:colcon.colcon_core.package_identification:_identify(.) by extensions ['ros']
[0.898s] Level 1:colcon.colcon_core.package_identification:_identify(.) by extension 'ros'
[0.907s] Level 1:colcon.colcon_core.package_identification:_identify(.) by extensions ['cmake', 'python']
[0.907s] Level 1:colcon.colcon_core.package_identification:_identify(.) by extension 'cmake'
[0.907s] Level 1:colcon.colcon_core.package_identification:_identify(.) by extension 'python'
[0.907s] Level 1:colcon.colcon_core.package_identification:_identify(.) by extensions ['python_setup_py']
[0.907s] Level 1:colcon.colcon_core.package_identification:_identify(.) by extension 'python_setup_py'
[0.907s] Level 1:colcon.colcon_core.package_identification:_identify(build) by extensions ['ignore', 'ignore_ament_install']
[0.907s] Level 1:colcon.colcon_core.package_identification:_identify(build) by extension 'ignore'
[0.907s] Level 1:colcon.colcon_core.package_identification:_identify(build) ignored
[0.907s] Level 1:colcon.colcon_core.package_identification:_identify(install) by extensions ['ignore', 'ignore_ament_install']
[0.908s] Level 1:colcon.colcon_core.package_identification:_identify(install) by extension 'ignore'
[0.908s] Level 1:colcon.colcon_core.package_identification:_identify(install) ignored
[0.908s] Level 1:colcon.colcon_core.package_identification:_identify(log) by extensions ['ignore', 'ignore_ament_install']
[0.908s] Level 1:colcon.colcon_core.package_identification:_identify(log) by extension 'ignore'
[0.908s] Level 1:colcon.colcon_core.package_identification:_identify(log) ignored
[0.908s] Level 1:colcon.colcon_core.package_identification:_identify(src) by extensions ['ignore', 'ignore_ament_install']
[0.908s] Level 1:colcon.colcon_core.package_identification:_identify(src) by extension 'ignore'
[0.908s] Level 1:colcon.colcon_core.package_identification:_identify(src) by extension 'ignore_ament_install'
[0.908s] Level 1:colcon.colcon_core.package_identification:_identify(src) by extensions ['colcon_pkg']
[0.908s] Level 1:colcon.colcon_core.package_identification:_identify(src) by extension 'colcon_pkg'
[0.908s] Level 1:colcon.colcon_core.package_identification:_identify(src) by extensions ['colcon_meta']
[0.908s] Level 1:colcon.colcon_core.package_identification:_identify(src) by extension 'colcon_meta'
[0.908s] Level 1:colcon.colcon_core.package_identification:_identify(src) by extensions ['ros']
[0.908s] Level 1:colcon.colcon_core.package_identification:_identify(src) by extension 'ros'
[0.908s] Level 1:colcon.colcon_core.package_identification:_identify(src) by extensions ['cmake', 'python']
[0.908s] Level 1:colcon.colcon_core.package_identification:_identify(src) by extension 'cmake'
[0.909s] Level 1:colcon.colcon_core.package_identification:_identify(src) by extension 'python'
[0.909s] Level 1:colcon.colcon_core.package_identification:_identify(src) by extensions ['python_setup_py']
[0.909s] Level 1:colcon.colcon_core.package_identification:_identify(src) by extension 'python_setup_py'
[0.909s] Level 1:colcon.colcon_core.package_identification:_identify(src/camera_driver) by extensions ['ignore', 'ignore_ament_install']
[0.909s] Level 1:colcon.colcon_core.package_identification:_identify(src/camera_driver) by extension 'ignore'
[0.909s] Level 1:colcon.colcon_core.package_identification:_identify(src/camera_driver) by extension 'ignore_ament_install'
[0.909s] Level 1:colcon.colcon_core.package_identification:_identify(src/camera_driver) by extensions ['colcon_pkg']
[0.909s] Level 1:colcon.colcon_core.package_identification:_identify(src/camera_driver) by extension 'colcon_pkg'
[0.909s] Level 1:colcon.colcon_core.package_identification:_identify(src/camera_driver) by extensions ['colcon_meta']
[0.909s] Level 1:colcon.colcon_core.package_identification:_identify(src/camera_driver) by extension 'colcon_meta'
[0.909s] Level 1:colcon.colcon_core.package_identification:_identify(src/camera_driver) by extensions ['ros']
[0.909s] Level 1:colcon.colcon_core.package_identification:_identify(src/camera_driver) by extension 'ros'
[0.911s] DEBUG:colcon.colcon_core.package_identification:Package 'src/camera_driver' with type 'ros.ament_cmake' and name 'camera_driver'
[0.911s] Level 1:colcon.colcon_core.package_identification:_identify(src/custom_robot_bringup) by extensions ['ignore', 'ignore_ament_install']
[0.911s] Level 1:colcon.colcon_core.package_identification:_identify(src/custom_robot_bringup) by extension 'ignore'
[0.911s] Level 1:colcon.colcon_core.package_identification:_identify(src/custom_robot_bringup) by extension 'ignore_ament_install'
[0.911s] Level 1:colcon.colcon_core.package_identification:_identify(src/custom_robot_bringup) by extensions ['colcon_pkg']
[0.911s] Level 1:colcon.colcon_core.package_identification:_identify(src/custom_robot_bringup) by extension 'colcon_pkg'
[0.911s] Level 1:colcon.colcon_core.package_identification:_identify(src/custom_robot_bringup) by extensions ['colcon_meta']
[0.911s] Level 1:colcon.colcon_core.package_identification:_identify(src/custom_robot_bringup) by extension 'colcon_meta'
[0.911s] Level 1:colcon.colcon_core.package_identification:_identify(src/custom_robot_bringup) by extensions ['ros']
[0.911s] Level 1:colcon.colcon_core.package_identification:_identify(src/custom_robot_bringup) by extension 'ros'
[0.912s] DEBUG:colcon.colcon_core.package_identification:Package 'src/custom_robot_bringup' with type 'ros.ament_cmake' and name 'custom_robot_bringup'
[0.912s] Level 1:colcon.colcon_core.package_identification:_identify(src/custom_robot_description) by extensions ['ignore', 'ignore_ament_install']
[0.912s] Level 1:colcon.colcon_core.package_identification:_identify(src/custom_robot_description) by extension 'ignore'
[0.912s] Level 1:colcon.colcon_core.package_identification:_identify(src/custom_robot_description) by extension 'ignore_ament_install'
[0.912s] Level 1:colcon.colcon_core.package_identification:_identify(src/custom_robot_description) by extensions ['colcon_pkg']
[0.912s] Level 1:colcon.colcon_core.package_identification:_identify(src/custom_robot_description) by extension 'colcon_pkg'
[0.912s] Level 1:colcon.colcon_core.package_identification:_identify(src/custom_robot_description) by extensions ['colcon_meta']
[0.912s] Level 1:colcon.colcon_core.package_identification:_identify(src/custom_robot_description) by extension 'colcon_meta'
[0.912s] Level 1:colcon.colcon_core.package_identification:_identify(src/custom_robot_description) by extensions ['ros']
[0.912s] Level 1:colcon.colcon_core.package_identification:_identify(src/custom_robot_description) by extension 'ros'
[0.913s] DEBUG:colcon.colcon_core.package_identification:Package 'src/custom_robot_description' with type 'ros.ament_cmake' and name 'custom_robot_description'
[0.913s] Level 1:colcon.colcon_core.package_discovery:discover_packages(recursive) using defaults
[0.913s] Level 1:colcon.colcon_core.package_discovery:discover_packages(ignore) discover
[0.913s] Level 1:colcon.colcon_core.package_discovery:discover_packages(ignore) using defaults
[0.913s] Level 1:colcon.colcon_core.package_discovery:discover_packages(path) discover
[0.913s] Level 1:colcon.colcon_core.package_discovery:discover_packages(path) using defaults
[0.991s] Level 1:colcon.colcon_core.package_discovery:discover_packages(prefix_path) check parameters
[0.991s] Level 1:colcon.colcon_core.package_discovery:discover_packages(prefix_path) discover
[1.017s] DEBUG:colcon.colcon_installed_package_information.package_discovery:Found 3 installed packages in /home/berkay/Desktop/my_turtle_catcher/install
[1.030s] DEBUG:colcon.colcon_installed_package_information.package_discovery:Found 3 installed packages in /home/berkay/Desktop/custom_robot/install
[1.042s] DEBUG:colcon.colcon_installed_package_information.package_discovery:Found 2 installed packages in /home/berkay/ros2_ws/install
[1.056s] DEBUG:colcon.colcon_installed_package_information.package_discovery:Found 399 installed packages in /opt/ros/humble
[1.058s] Level 1:colcon.colcon_core.package_discovery:discover_packages(prefix_path) using defaults
[1.160s] Level 5:colcon.colcon_core.verb:set package 'camera_driver' build argument 'cmake_args' from command line to 'None'
[1.160s] Level 5:colcon.colcon_core.verb:set package 'camera_driver' build argument 'cmake_target' from command line to 'None'
[1.160s] Level 5:colcon.colcon_core.verb:set package 'camera_driver' build argument 'cmake_target_skip_unavailable' from command line to 'False'
[1.160s] Level 5:colcon.colcon_core.verb:set package 'camera_driver' build argument 'cmake_clean_cache' from command line to 'False'
[1.160s] Level 5:colcon.colcon_core.verb:set package 'camera_driver' build argument 'cmake_clean_first' from command line to 'False'
[1.160s] Level 5:colcon.colcon_core.verb:set package 'camera_driver' build argument 'cmake_force_configure' from command line to 'False'
[1.160s] Level 5:colcon.colcon_core.verb:set package 'camera_driver' build argument 'ament_cmake_args' from command line to 'None'
[1.160s] Level 5:colcon.colcon_core.verb:set package 'camera_driver' build argument 'catkin_cmake_args' from command line to 'None'
[1.160s] Level 5:colcon.colcon_core.verb:set package 'camera_driver' build argument 'catkin_skip_building_tests' from command line to 'False'
[1.160s] DEBUG:colcon.colcon_core.verb:Building package 'camera_driver' with the following arguments: {'ament_cmake_args': None, 'build_base': '/home/berkay/Desktop/custom_robot/build/camera_driver', 'catkin_cmake_args': None, 'catkin_skip_building_tests': False, 'cmake_args': None, 'cmake_clean_cache': False, 'cmake_clean_first': False, 'cmake_force_configure': False, 'cmake_target': None, 'cmake_target_skip_unavailable': False, 'install_base': '/home/berkay/Desktop/custom_robot/install/camera_driver', 'merge_install': False, 'path': '/home/berkay/Desktop/custom_robot/src/camera_driver', 'symlink_install': False, 'test_result_base': None}
[1.173s] Level 5:colcon.colcon_core.verb:set package 'custom_robot_description' build argument 'cmake_args' from command line to 'None'
[1.173s] Level 5:colcon.colcon_core.verb:set package 'custom_robot_description' build argument 'cmake_target' from command line to 'None'
[1.173s] Level 5:colcon.colcon_core.verb:set package 'custom_robot_description' build argument 'cmake_target_skip_unavailable' from command line to 'False'
[1.173s] Level 5:colcon.colcon_core.verb:set package 'custom_robot_description' build argument 'cmake_clean_cache' from command line to 'False'
[1.173s] Level 5:colcon.colcon_core.verb:set package 'custom_robot_description' build argument 'cmake_clean_first' from command line to 'False'
[1.173s] Level 5:colcon.colcon_core.verb:set package 'custom_robot_description' build argument 'cmake_force_configure' from command line to 'False'
[1.173s] Level 5:colcon.colcon_core.verb:set package 'custom_robot_description' build argument 'ament_cmake_args' from command line to 'None'
[1.173s] Level 5:colcon.colcon_core.verb:set package 'custom_robot_description' build argument 'catkin_cmake_args' from command line to 'None'
[1.173s] Level 5:colcon.colcon_core.verb:set package 'custom_robot_description' build argument 'catkin_skip_building_tests' from command line to 'False'
[1.173s] DEBUG:colcon.colcon_core.verb:Building package 'custom_robot_description' with the following arguments: {'ament_cmake_args': None, 'build_base': '/home/berkay/Desktop/custom_robot/build/custom_robot_description', 'catkin_cmake_args': None, 'catkin_skip_building_tests': False, 'cmake_args': None, 'cmake_clean_cache': False, 'cmake_clean_first': False, 'cmake_force_configure': False, 'cmake_target': None, 'cmake_target_skip_unavailable': False, 'install_base': '/home/berkay/Desktop/custom_robot/install/custom_robot_description', 'merge_install': False, 'path': '/home/berkay/Desktop/custom_robot/src/custom_robot_description', 'symlink_install': False, 'test_result_base': None}
[1.186s] Level 5:colcon.colcon_core.verb:set package 'custom_robot_bringup' build argument 'cmake_args' from command line to 'None'
[1.186s] Level 5:colcon.colcon_core.verb:set package 'custom_robot_bringup' build argument 'cmake_target' from command line to 'None'
[1.186s] Level 5:colcon.colcon_core.verb:set package 'custom_robot_bringup' build argument 'cmake_target_skip_unavailable' from command line to 'False'
[1.186s] Level 5:colcon.colcon_core.verb:set package 'custom_robot_bringup' build argument 'cmake_clean_cache' from command line to 'False'
[1.186s] Level 5:colcon.colcon_core.verb:set package 'custom_robot_bringup' build argument 'cmake_clean_first' from command line to 'False'
[1.186s] Level 5:colcon.colcon_core.verb:set package 'custom_robot_bringup' build argument 'cmake_force_configure' from command line to 'False'
[1.186s] Level 5:colcon.colcon_core.verb:set package 'custom_robot_bringup' build argument 'ament_cmake_args' from command line to 'None'
[1.186s] Level 5:colcon.colcon_core.verb:set package 'custom_robot_bringup' build argument 'catkin_cmake_args' from command line to 'None'
[1.186s] Level 5:colcon.colcon_core.verb:set package 'custom_robot_bringup' build argument 'catkin_skip_building_tests' from command line to 'False'
[1.186s] DEBUG:colcon.colcon_core.verb:Building package 'custom_robot_bringup' with the following arguments: {'ament_cmake_args': None, 'build_base': '/home/berkay/Desktop/custom_robot/build/custom_robot_bringup', 'catkin_cmake_args': None, 'catkin_skip_building_tests': False, 'cmake_args': None, 'cmake_clean_cache': False, 'cmake_clean_first': False, 'cmake_force_configure': False, 'cmake_target': None, 'cmake_target_skip_unavailable': False, 'install_base': '/home/berkay/Desktop/custom_robot/install/custom_robot_bringup', 'merge_install': False, 'path': '/home/berkay/Desktop/custom_robot/src/custom_robot_bringup', 'symlink_install': False, 'test_result_base': None}
[1.198s] INFO:colcon.colcon_core.executor:Executing jobs using 'parallel' executor
[1.211s] DEBUG:colcon.colcon_parallel_executor.executor.parallel:run_until_complete
[1.212s] INFO:colcon.colcon_ros.task.ament_cmake.build:Building ROS package in '/home/berkay/Desktop/custom_robot/src/custom_robot_description' with build type 'ament_cmake'
[1.212s] INFO:colcon.colcon_cmake.task.cmake.build:Building CMake package in '/home/berkay/Desktop/custom_robot/src/custom_robot_description'
[1.225s] INFO:colcon.colcon_core.plugin_system:Skipping extension 'colcon_core.shell.bat': Not used on non-Windows systems
[1.226s] INFO:colcon.colcon_core.shell:Skip shell extension 'powershell' for command environment: Not usable outside of PowerShell
[1.226s] DEBUG:colcon.colcon_core.shell:Skip shell extension 'dsv' for command environment
[1.289s] INFO:colcon.colcon_ros.task.ament_cmake.build:Building ROS package in '/home/berkay/Desktop/custom_robot/src/camera_driver' with build type 'ament_cmake'
[1.290s] INFO:colcon.colcon_cmake.task.cmake.build:Building CMake package in '/home/berkay/Desktop/custom_robot/src/camera_driver'
[1.302s] INFO:colcon.colcon_core.shell:Skip shell extension 'powershell' for command environment: Not usable outside of PowerShell
[1.302s] DEBUG:colcon.colcon_core.shell:Skip shell extension 'dsv' for command environment
[1.371s] DEBUG:colcon.colcon_core.event_handler.log_command:Invoking command in '/home/berkay/Desktop/custom_robot/build/custom_robot_description': CMAKE_PREFIX_PATH=${CMAKE_PREFIX_PATH}:/home/berkay/ros2_ws/install/my_package_python:/opt/ros/humble /usr/bin/cmake --build /home/berkay/Desktop/custom_robot/build/custom_robot_description -- -j16 -l16
[1.375s] DEBUG:colcon.colcon_core.event_handler.log_command:Invoking command in '/home/berkay/Desktop/custom_robot/build/camera_driver': CMAKE_PREFIX_PATH=${CMAKE_PREFIX_PATH}:/home/berkay/ros2_ws/install/my_package_python:/opt/ros/humble /usr/bin/cmake --build /home/berkay/Desktop/custom_robot/build/camera_driver -- -j16 -l16
[1.412s] DEBUG:colcon.colcon_core.event_handler.log_command:Invoked command in '/home/berkay/Desktop/custom_robot/build/custom_robot_description' returned '0': CMAKE_PREFIX_PATH=${CMAKE_PREFIX_PATH}:/home/berkay/ros2_ws/install/my_package_python:/opt/ros/humble /usr/bin/cmake --build /home/berkay/Desktop/custom_robot/build/custom_robot_description -- -j16 -l16
[1.449s] DEBUG:colcon.colcon_core.event_handler.log_command:Invoking command in '/home/berkay/Desktop/custom_robot/build/custom_robot_description': CMAKE_PREFIX_PATH=${CMAKE_PREFIX_PATH}:/home/berkay/ros2_ws/install/my_package_python:/opt/ros/humble /usr/bin/cmake --install /home/berkay/Desktop/custom_robot/build/custom_robot_description
[1.450s] DEBUG:colcon.colcon_core.event_handler.log_command:Invoked command in '/home/berkay/Desktop/custom_robot/build/camera_driver' returned '0': CMAKE_PREFIX_PATH=${CMAKE_PREFIX_PATH}:/home/berkay/ros2_ws/install/my_package_python:/opt/ros/humble /usr/bin/cmake --build /home/berkay/Desktop/custom_robot/build/camera_driver -- -j16 -l16
[1.475s] Level 1:colcon.colcon_core.environment:create_environment_scripts_only(custom_robot_description)
[1.476s] DEBUG:colcon.colcon_core.event_handler.log_command:Invoked command in '/home/berkay/Desktop/custom_robot/build/custom_robot_description' returned '0': CMAKE_PREFIX_PATH=${CMAKE_PREFIX_PATH}:/home/berkay/ros2_ws/install/my_package_python:/opt/ros/humble /usr/bin/cmake --install /home/berkay/Desktop/custom_robot/build/custom_robot_description
[1.491s] Level 1:colcon.colcon_core.environment:checking '/home/berkay/Desktop/custom_robot/install/custom_robot_description' for CMake module files
[1.491s] Level 1:colcon.colcon_core.environment:checking '/home/berkay/Desktop/custom_robot/install/custom_robot_description' for CMake config files
[1.491s] Level 1:colcon.colcon_core.shell:create_environment_hook('custom_robot_description', 'cmake_prefix_path')
[1.505s] INFO:colcon.colcon_core.shell:Creating environment hook '/home/berkay/Desktop/custom_robot/install/custom_robot_description/share/custom_robot_description/hook/cmake_prefix_path.ps1'
[1.505s] INFO:colcon.colcon_core.shell:Creating environment descriptor '/home/berkay/Desktop/custom_robot/install/custom_robot_description/share/custom_robot_description/hook/cmake_prefix_path.dsv'
[1.506s] INFO:colcon.colcon_core.shell:Creating environment hook '/home/berkay/Desktop/custom_robot/install/custom_robot_description/share/custom_robot_description/hook/cmake_prefix_path.sh'
[1.506s] Level 1:colcon.colcon_core.environment:checking '/home/berkay/Desktop/custom_robot/install/custom_robot_description/bin'
[1.506s] Level 1:colcon.colcon_core.environment:checking '/home/berkay/Desktop/custom_robot/install/custom_robot_description/lib/pkgconfig/custom_robot_description.pc'
[1.507s] Level 1:colcon.colcon_core.environment:checking '/home/berkay/Desktop/custom_robot/install/custom_robot_description/lib/python3.10/site-packages'
[1.507s] Level 1:colcon.colcon_core.environment:checking '/home/berkay/Desktop/custom_robot/install/custom_robot_description/bin'
[1.521s] INFO:colcon.colcon_core.shell:Creating package script '/home/berkay/Desktop/custom_robot/install/custom_robot_description/share/custom_robot_description/package.ps1'
[1.521s] INFO:colcon.colcon_core.shell:Creating package descriptor '/home/berkay/Desktop/custom_robot/install/custom_robot_description/share/custom_robot_description/package.dsv'
[1.522s] INFO:colcon.colcon_core.shell:Creating package script '/home/berkay/Desktop/custom_robot/install/custom_robot_description/share/custom_robot_description/package.sh'
[1.522s] INFO:colcon.colcon_core.shell:Creating package script '/home/berkay/Desktop/custom_robot/install/custom_robot_description/share/custom_robot_description/package.bash'
[1.523s] INFO:colcon.colcon_core.shell:Creating package script '/home/berkay/Desktop/custom_robot/install/custom_robot_description/share/custom_robot_description/package.zsh'
[1.524s] Level 1:colcon.colcon_core.environment:create_file_with_runtime_dependencies(/home/berkay/Desktop/custom_robot/install/custom_robot_description/share/colcon-core/packages/custom_robot_description)
[1.526s] DEBUG:colcon.colcon_core.event_handler.log_command:Invoking command in '/home/berkay/Desktop/custom_robot/build/camera_driver': CMAKE_PREFIX_PATH=${CMAKE_PREFIX_PATH}:/home/berkay/ros2_ws/install/my_package_python:/opt/ros/humble /usr/bin/cmake --install /home/berkay/Desktop/custom_robot/build/camera_driver
[1.547s] Level 1:colcon.colcon_core.environment:create_environment_scripts_only(camera_driver)
[1.547s] DEBUG:colcon.colcon_core.event_handler.log_command:Invoked command in '/home/berkay/Desktop/custom_robot/build/camera_driver' returned '0': CMAKE_PREFIX_PATH=${CMAKE_PREFIX_PATH}:/home/berkay/ros2_ws/install/my_package_python:/opt/ros/humble /usr/bin/cmake --install /home/berkay/Desktop/custom_robot/build/camera_driver
[1.560s] Level 1:colcon.colcon_core.environment:checking '/home/berkay/Desktop/custom_robot/install/camera_driver' for CMake module files
[1.561s] Level 1:colcon.colcon_core.environment:checking '/home/berkay/Desktop/custom_robot/install/camera_driver' for CMake config files
[1.561s] Level 1:colcon.colcon_core.shell:create_environment_hook('camera_driver', 'cmake_prefix_path')
[1.574s] INFO:colcon.colcon_core.shell:Creating environment hook '/home/berkay/Desktop/custom_robot/install/camera_driver/share/camera_driver/hook/cmake_prefix_path.ps1'
[1.574s] INFO:colcon.colcon_core.shell:Creating environment descriptor '/home/berkay/Desktop/custom_robot/install/camera_driver/share/camera_driver/hook/cmake_prefix_path.dsv'
[1.575s] INFO:colcon.colcon_core.shell:Creating environment hook '/home/berkay/Desktop/custom_robot/install/camera_driver/share/camera_driver/hook/cmake_prefix_path.sh'
[1.575s] Level 1:colcon.colcon_core.environment:checking '/home/berkay/Desktop/custom_robot/install/camera_driver/lib'
[1.575s] Level 1:colcon.colcon_core.environment:checking '/home/berkay/Desktop/custom_robot/install/camera_driver/bin'
[1.575s] Level 1:colcon.colcon_core.environment:checking '/home/berkay/Desktop/custom_robot/install/camera_driver/lib/pkgconfig/camera_driver.pc'
[1.575s] Level 1:colcon.colcon_core.environment:checking '/home/berkay/Desktop/custom_robot/install/camera_driver/lib/python3.10/site-packages'
[1.576s] Level 1:colcon.colcon_core.environment:checking '/home/berkay/Desktop/custom_robot/install/camera_driver/bin'
[1.588s] INFO:colcon.colcon_core.shell:Creating package script '/home/berkay/Desktop/custom_robot/install/camera_driver/share/camera_driver/package.ps1'
[1.588s] INFO:colcon.colcon_core.shell:Creating package descriptor '/home/berkay/Desktop/custom_robot/install/camera_driver/share/camera_driver/package.dsv'
[1.589s] INFO:colcon.colcon_core.shell:Creating package script '/home/berkay/Desktop/custom_robot/install/camera_driver/share/camera_driver/package.sh'
[1.589s] INFO:colcon.colcon_core.shell:Creating package script '/home/berkay/Desktop/custom_robot/install/camera_driver/share/camera_driver/package.bash'
[1.589s] INFO:colcon.colcon_core.shell:Creating package script '/home/berkay/Desktop/custom_robot/install/camera_driver/share/camera_driver/package.zsh'
[1.590s] Level 1:colcon.colcon_core.environment:create_file_with_runtime_dependencies(/home/berkay/Desktop/custom_robot/install/camera_driver/share/colcon-core/packages/camera_driver)
[1.604s] Level 1:colcon.colcon_core.environment:create_environment_scripts_only(custom_robot_description)
[1.617s] Level 1:colcon.colcon_core.environment:checking '/home/berkay/Desktop/custom_robot/install/custom_robot_description' for CMake module files
[1.617s] Level 1:colcon.colcon_core.environment:checking '/home/berkay/Desktop/custom_robot/install/custom_robot_description' for CMake config files
[1.617s] Level 1:colcon.colcon_core.shell:create_environment_hook('custom_robot_description', 'cmake_prefix_path')
[1.630s] INFO:colcon.colcon_core.shell:Creating environment hook '/home/berkay/Desktop/custom_robot/install/custom_robot_description/share/custom_robot_description/hook/cmake_prefix_path.ps1'
[1.631s] INFO:colcon.colcon_core.shell:Creating environment descriptor '/home/berkay/Desktop/custom_robot/install/custom_robot_description/share/custom_robot_description/hook/cmake_prefix_path.dsv'
[1.631s] INFO:colcon.colcon_core.shell:Creating environment hook '/home/berkay/Desktop/custom_robot/install/custom_robot_description/share/custom_robot_description/hook/cmake_prefix_path.sh'
[1.631s] Level 1:colcon.colcon_core.environment:checking '/home/berkay/Desktop/custom_robot/install/custom_robot_description/bin'
[1.632s] Level 1:colcon.colcon_core.environment:checking '/home/berkay/Desktop/custom_robot/install/custom_robot_description/lib/pkgconfig/custom_robot_description.pc'
[1.632s] Level 1:colcon.colcon_core.environment:checking '/home/berkay/Desktop/custom_robot/install/custom_robot_description/lib/python3.10/site-packages'
[1.632s] Level 1:colcon.colcon_core.environment:checking '/home/berkay/Desktop/custom_robot/install/custom_robot_description/bin'
[1.644s] INFO:colcon.colcon_core.shell:Creating package script '/home/berkay/Desktop/custom_robot/install/custom_robot_description/share/custom_robot_description/package.ps1'
[1.645s] INFO:colcon.colcon_core.shell:Creating package descriptor '/home/berkay/Desktop/custom_robot/install/custom_robot_description/share/custom_robot_description/package.dsv'
[1.645s] INFO:colcon.colcon_core.shell:Creating package script '/home/berkay/Desktop/custom_robot/install/custom_robot_description/share/custom_robot_description/package.sh'
[1.646s] INFO:colcon.colcon_core.shell:Creating package script '/home/berkay/Desktop/custom_robot/install/custom_robot_description/share/custom_robot_description/package.bash'
[1.646s] INFO:colcon.colcon_core.shell:Creating package script '/home/berkay/Desktop/custom_robot/install/custom_robot_description/share/custom_robot_description/package.zsh'
[1.646s] Level 1:colcon.colcon_core.environment:create_file_with_runtime_dependencies(/home/berkay/Desktop/custom_robot/install/custom_robot_description/share/colcon-core/packages/custom_robot_description)
[1.647s] INFO:colcon.colcon_ros.task.ament_cmake.build:Building ROS package in '/home/berkay/Desktop/custom_robot/src/custom_robot_bringup' with build type 'ament_cmake'
[1.647s] INFO:colcon.colcon_cmake.task.cmake.build:Building CMake package in '/home/berkay/Desktop/custom_robot/src/custom_robot_bringup'
[1.660s] INFO:colcon.colcon_core.shell:Skip shell extension 'powershell' for command environment: Not usable outside of PowerShell
[1.660s] DEBUG:colcon.colcon_core.shell:Skip shell extension 'dsv' for command environment
[1.740s] Level 1:colcon.colcon_core.environment:create_environment_scripts_only(camera_driver)
[1.753s] Level 1:colcon.colcon_core.environment:checking '/home/berkay/Desktop/custom_robot/install/camera_driver' for CMake module files
[1.754s] Level 1:colcon.colcon_core.environment:checking '/home/berkay/Desktop/custom_robot/install/camera_driver' for CMake config files
[1.754s] Level 1:colcon.colcon_core.shell:create_environment_hook('camera_driver', 'cmake_prefix_path')
[1.767s] INFO:colcon.colcon_core.shell:Creating environment hook '/home/berkay/Desktop/custom_robot/install/camera_driver/share/camera_driver/hook/cmake_prefix_path.ps1'
[1.767s] INFO:colcon.colcon_core.shell:Creating environment descriptor '/home/berkay/Desktop/custom_robot/install/camera_driver/share/camera_driver/hook/cmake_prefix_path.dsv'
[1.768s] INFO:colcon.colcon_core.shell:Creating environment hook '/home/berkay/Desktop/custom_robot/install/camera_driver/share/camera_driver/hook/cmake_prefix_path.sh'
[1.768s] Level 1:colcon.colcon_core.environment:checking '/home/berkay/Desktop/custom_robot/install/camera_driver/lib'
[1.768s] Level 1:colcon.colcon_core.environment:checking '/home/berkay/Desktop/custom_robot/install/camera_driver/bin'
[1.769s] Level 1:colcon.colcon_core.environment:checking '/home/berkay/Desktop/custom_robot/install/camera_driver/lib/pkgconfig/camera_driver.pc'
[1.769s] Level 1:colcon.colcon_core.environment:checking '/home/berkay/Desktop/custom_robot/install/camera_driver/lib/python3.10/site-packages'
[1.769s] Level 1:colcon.colcon_core.environment:checking '/home/berkay/Desktop/custom_robot/install/camera_driver/bin'
[1.782s] INFO:colcon.colcon_core.shell:Creating package script '/home/berkay/Desktop/custom_robot/install/camera_driver/share/camera_driver/package.ps1'
[1.782s] INFO:colcon.colcon_core.shell:Creating package descriptor '/home/berkay/Desktop/custom_robot/install/camera_driver/share/camera_driver/package.dsv'
[1.783s] INFO:colcon.colcon_core.shell:Creating package script '/home/berkay/Desktop/custom_robot/install/camera_driver/share/camera_driver/package.sh'
[1.783s] INFO:colcon.colcon_core.shell:Creating package script '/home/berkay/Desktop/custom_robot/install/camera_driver/share/camera_driver/package.bash'
[1.783s] INFO:colcon.colcon_core.shell:Creating package script '/home/berkay/Desktop/custom_robot/install/camera_driver/share/camera_driver/package.zsh'
[1.784s] Level 1:colcon.colcon_core.environment:create_file_with_runtime_dependencies(/home/berkay/Desktop/custom_robot/install/camera_driver/share/colcon-core/packages/camera_driver)
[1.787s] DEBUG:colcon.colcon_core.event_handler.log_command:Invoking command in '/home/berkay/Desktop/custom_robot/build/custom_robot_bringup': AMENT_PREFIX_PATH=/home/berkay/Desktop/custom_robot/install/custom_robot_description:${AMENT_PREFIX_PATH} CMAKE_PREFIX_PATH=/home/berkay/Desktop/custom_robot/install/custom_robot_description:/home/berkay/Desktop/my_turtle_catcher/install/my_turtle_catcher_launcher:/home/berkay/Desktop/my_turtle_catcher/install/my_turtle_catch_them:/home/berkay/Desktop/my_turtle_catcher/install/my_turtle_catcher_data_types:/home/berkay/ros2_ws/install/my_package:/home/berkay/ros2_ws/install/my_package_python:/opt/ros/humble /usr/bin/cmake --build /home/berkay/Desktop/custom_robot/build/custom_robot_bringup -- -j16 -l16
[1.827s] DEBUG:colcon.colcon_core.event_handler.log_command:Invoked command in '/home/berkay/Desktop/custom_robot/build/custom_robot_bringup' returned '0': AMENT_PREFIX_PATH=/home/berkay/Desktop/custom_robot/install/custom_robot_description:${AMENT_PREFIX_PATH} CMAKE_PREFIX_PATH=/home/berkay/Desktop/custom_robot/install/custom_robot_description:/home/berkay/Desktop/my_turtle_catcher/install/my_turtle_catcher_launcher:/home/berkay/Desktop/my_turtle_catcher/install/my_turtle_catch_them:/home/berkay/Desktop/my_turtle_catcher/install/my_turtle_catcher_data_types:/home/berkay/ros2_ws/install/my_package:/home/berkay/ros2_ws/install/my_package_python:/opt/ros/humble /usr/bin/cmake --build /home/berkay/Desktop/custom_robot/build/custom_robot_bringup -- -j16 -l16
[1.853s] DEBUG:colcon.colcon_core.event_handler.log_command:Invoking command in '/home/berkay/Desktop/custom_robot/build/custom_robot_bringup': AMENT_PREFIX_PATH=/home/berkay/Desktop/custom_robot/install/custom_robot_description:${AMENT_PREFIX_PATH} CMAKE_PREFIX_PATH=/home/berkay/Desktop/custom_robot/install/custom_robot_description:/home/berkay/Desktop/my_turtle_catcher/install/my_turtle_catcher_launcher:/home/berkay/Desktop/my_turtle_catcher/install/my_turtle_catch_them:/home/berkay/Desktop/my_turtle_catcher/install/my_turtle_catcher_data_types:/home/berkay/ros2_ws/install/my_package:/home/berkay/ros2_ws/install/my_package_python:/opt/ros/humble /usr/bin/cmake --install /home/berkay/Desktop/custom_robot/build/custom_robot_bringup
[1.875s] Level 1:colcon.colcon_core.environment:create_environment_scripts_only(custom_robot_bringup)
[1.875s] DEBUG:colcon.colcon_core.event_handler.log_command:Invoked command in '/home/berkay/Desktop/custom_robot/build/custom_robot_bringup' returned '0': AMENT_PREFIX_PATH=/home/berkay/Desktop/custom_robot/install/custom_robot_description:${AMENT_PREFIX_PATH} CMAKE_PREFIX_PATH=/home/berkay/Desktop/custom_robot/install/custom_robot_description:/home/berkay/Desktop/my_turtle_catcher/install/my_turtle_catcher_launcher:/home/berkay/Desktop/my_turtle_catcher/install/my_turtle_catch_them:/home/berkay/Desktop/my_turtle_catcher/install/my_turtle_catcher_data_types:/home/berkay/ros2_ws/install/my_package:/home/berkay/ros2_ws/install/my_package_python:/opt/ros/humble /usr/bin/cmake --install /home/berkay/Desktop/custom_robot/build/custom_robot_bringup
[1.889s] Level 1:colcon.colcon_core.environment:checking '/home/berkay/Desktop/custom_robot/install/custom_robot_bringup' for CMake module files
[1.890s] Level 1:colcon.colcon_core.environment:checking '/home/berkay/Desktop/custom_robot/install/custom_robot_bringup' for CMake config files
[1.890s] Level 1:colcon.colcon_core.shell:create_environment_hook('custom_robot_bringup', 'cmake_prefix_path')
[1.903s] INFO:colcon.colcon_core.shell:Creating environment hook '/home/berkay/Desktop/custom_robot/install/custom_robot_bringup/share/custom_robot_bringup/hook/cmake_prefix_path.ps1'
[1.903s] INFO:colcon.colcon_core.shell:Creating environment descriptor '/home/berkay/Desktop/custom_robot/install/custom_robot_bringup/share/custom_robot_bringup/hook/cmake_prefix_path.dsv'
[1.903s] INFO:colcon.colcon_core.shell:Creating environment hook '/home/berkay/Desktop/custom_robot/install/custom_robot_bringup/share/custom_robot_bringup/hook/cmake_prefix_path.sh'
[1.904s] Level 1:colcon.colcon_core.environment:checking '/home/berkay/Desktop/custom_robot/install/custom_robot_bringup/bin'
[1.904s] Level 1:colcon.colcon_core.environment:checking '/home/berkay/Desktop/custom_robot/install/custom_robot_bringup/lib/pkgconfig/custom_robot_bringup.pc'
[1.904s] Level 1:colcon.colcon_core.environment:checking '/home/berkay/Desktop/custom_robot/install/custom_robot_bringup/lib/python3.10/site-packages'
[1.904s] Level 1:colcon.colcon_core.environment:checking '/home/berkay/Desktop/custom_robot/install/custom_robot_bringup/bin'
[1.918s] INFO:colcon.colcon_core.shell:Creating package script '/home/berkay/Desktop/custom_robot/install/custom_robot_bringup/share/custom_robot_bringup/package.ps1'
[1.918s] INFO:colcon.colcon_core.shell:Creating package descriptor '/home/berkay/Desktop/custom_robot/install/custom_robot_bringup/share/custom_robot_bringup/package.dsv'
[1.918s] INFO:colcon.colcon_core.shell:Creating package script '/home/berkay/Desktop/custom_robot/install/custom_robot_bringup/share/custom_robot_bringup/package.sh'
[1.919s] INFO:colcon.colcon_core.shell:Creating package script '/home/berkay/Desktop/custom_robot/install/custom_robot_bringup/share/custom_robot_bringup/package.bash'
[1.919s] INFO:colcon.colcon_core.shell:Creating package script '/home/berkay/Desktop/custom_robot/install/custom_robot_bringup/share/custom_robot_bringup/package.zsh'
[1.919s] Level 1:colcon.colcon_core.environment:create_file_with_runtime_dependencies(/home/berkay/Desktop/custom_robot/install/custom_robot_bringup/share/colcon-core/packages/custom_robot_bringup)
[1.959s] Level 1:colcon.colcon_core.environment:create_environment_scripts_only(custom_robot_bringup)
[1.973s] Level 1:colcon.colcon_core.environment:checking '/home/berkay/Desktop/custom_robot/install/custom_robot_bringup' for CMake module files
[1.973s] Level 1:colcon.colcon_core.environment:checking '/home/berkay/Desktop/custom_robot/install/custom_robot_bringup' for CMake config files
[1.973s] Level 1:colcon.colcon_core.shell:create_environment_hook('custom_robot_bringup', 'cmake_prefix_path')
[1.987s] INFO:colcon.colcon_core.shell:Creating environment hook '/home/berkay/Desktop/custom_robot/install/custom_robot_bringup/share/custom_robot_bringup/hook/cmake_prefix_path.ps1'
[1.987s] INFO:colcon.colcon_core.shell:Creating environment descriptor '/home/berkay/Desktop/custom_robot/install/custom_robot_bringup/share/custom_robot_bringup/hook/cmake_prefix_path.dsv'
[1.987s] INFO:colcon.colcon_core.shell:Creating environment hook '/home/berkay/Desktop/custom_robot/install/custom_robot_bringup/share/custom_robot_bringup/hook/cmake_prefix_path.sh'
[1.988s] Level 1:colcon.colcon_core.environment:checking '/home/berkay/Desktop/custom_robot/install/custom_robot_bringup/bin'
[1.988s] Level 1:colcon.colcon_core.environment:checking '/home/berkay/Desktop/custom_robot/install/custom_robot_bringup/lib/pkgconfig/custom_robot_bringup.pc'
[1.988s] Level 1:colcon.colcon_core.environment:checking '/home/berkay/Desktop/custom_robot/install/custom_robot_bringup/lib/python3.10/site-packages'
[1.988s] Level 1:colcon.colcon_core.environment:checking '/home/berkay/Desktop/custom_robot/install/custom_robot_bringup/bin'
[2.001s] INFO:colcon.colcon_core.shell:Creating package script '/home/berkay/Desktop/custom_robot/install/custom_robot_bringup/share/custom_robot_bringup/package.ps1'
[2.002s] INFO:colcon.colcon_core.shell:Creating package descriptor '/home/berkay/Desktop/custom_robot/install/custom_robot_bringup/share/custom_robot_bringup/package.dsv'
[2.002s] INFO:colcon.colcon_core.shell:Creating package script '/home/berkay/Desktop/custom_robot/install/custom_robot_bringup/share/custom_robot_bringup/package.sh'
[2.002s] INFO:colcon.colcon_core.shell:Creating package script '/home/berkay/Desktop/custom_robot/install/custom_robot_bringup/share/custom_robot_bringup/package.bash'
[2.003s] INFO:colcon.colcon_core.shell:Creating package script '/home/berkay/Desktop/custom_robot/install/custom_robot_bringup/share/custom_robot_bringup/package.zsh'
[2.003s] Level 1:colcon.colcon_core.environment:create_file_with_runtime_dependencies(/home/berkay/Desktop/custom_robot/install/custom_robot_bringup/share/colcon-core/packages/custom_robot_bringup)
[2.003s] DEBUG:colcon.colcon_parallel_executor.executor.parallel:closing loop
[2.003s] DEBUG:colcon.colcon_parallel_executor.executor.parallel:loop closed
[2.003s] DEBUG:colcon.colcon_parallel_executor.executor.parallel:run_until_complete finished with '0'
[2.003s] DEBUG:colcon.colcon_core.event_reactor:joining thread
[2.021s] INFO:colcon.colcon_core.plugin_system:Skipping extension 'colcon_notification.desktop_notification.terminal_notifier': Not used on non-Darwin systems
[2.021s] INFO:colcon.colcon_core.plugin_system:Skipping extension 'colcon_notification.desktop_notification.win32': Not used on non-Windows systems
[2.021s] INFO:colcon.colcon_notification.desktop_notification:Sending desktop notification using 'notify2'
[2.030s] DEBUG:colcon.colcon_core.event_reactor:joined thread
[2.047s] INFO:colcon.colcon_core.shell:Creating prefix script '/home/berkay/Desktop/custom_robot/install/local_setup.ps1'
[2.048s] INFO:colcon.colcon_core.shell:Creating prefix util module '/home/berkay/Desktop/custom_robot/install/_local_setup_util_ps1.py'
[2.049s] INFO:colcon.colcon_core.shell:Creating prefix chain script '/home/berkay/Desktop/custom_robot/install/setup.ps1'
[2.063s] INFO:colcon.colcon_core.shell:Creating prefix script '/home/berkay/Desktop/custom_robot/install/local_setup.sh'
[2.064s] INFO:colcon.colcon_core.shell:Creating prefix util module '/home/berkay/Desktop/custom_robot/install/_local_setup_util_sh.py'
[2.064s] INFO:colcon.colcon_core.shell:Creating prefix chain script '/home/berkay/Desktop/custom_robot/install/setup.sh'
[2.079s] INFO:colcon.colcon_core.shell:Creating prefix script '/home/berkay/Desktop/custom_robot/install/local_setup.bash'
[2.079s] INFO:colcon.colcon_core.shell:Creating prefix chain script '/home/berkay/Desktop/custom_robot/install/setup.bash'
[2.093s] INFO:colcon.colcon_core.shell:Creating prefix script '/home/berkay/Desktop/custom_robot/install/local_setup.zsh'
[2.094s] INFO:colcon.colcon_core.shell:Creating prefix chain script '/home/berkay/Desktop/custom_robot/install/setup.zsh'
