[0.089s] Invoking command in '/home/berkay/Desktop/custom_robot/build/lidar_driver': CMAKE_PREFIX_PATH=${CMAKE_PREFIX_PATH}:/home/berkay/ros2_ws/install/my_package_python:/opt/ros/humble /usr/bin/cmake --build /home/berkay/Desktop/custom_robot/build/lidar_driver -- -j16 -l16
[0.115s] -- Found ament_cmake: 1.3.8 (/opt/ros/humble/share/ament_cmake/cmake)
[0.223s] -- Found rclcpp: 16.0.8 (/opt/ros/humble/share/rclcpp/cmake)
[0.249s] -- Found rosidl_generator_c: 3.1.5 (/opt/ros/humble/share/rosidl_generator_c/cmake)
[0.251s] -- Found rosidl_adapter: 3.1.5 (/opt/ros/humble/share/rosidl_adapter/cmake)
[0.257s] -- Found rosidl_generator_cpp: 3.1.5 (/opt/ros/humble/share/rosidl_generator_cpp/cmake)
[0.267s] -- Using all available rosidl_typesupport_c: rosidl_typesupport_fastrtps_c;rosidl_typesupport_introspection_c
[0.281s] -- Using all available rosidl_typesupport_cpp: rosidl_typesupport_fastrtps_cpp;rosidl_typesupport_introspection_cpp
[0.335s] -- Found rmw_implementation_cmake: 6.1.1 (/opt/ros/humble/share/rmw_implementation_cmake/cmake)
[0.337s] -- Found rmw_fastrtps_cpp: 6.2.6 (/opt/ros/humble/share/rmw_fastrtps_cpp/cmake)
[0.467s] -- Using RMW implementation 'rmw_fastrtps_cpp' as default
[0.594s] -- Found sensor_msgs: 4.2.3 (/opt/ros/humble/share/sensor_msgs/cmake)
[0.747s] -- Configuring done
[0.756s] -- Generating done
[0.757s] -- Build files have been written to: /home/berkay/Desktop/custom_robot/build/lidar_driver
[0.787s] [35m[1mConsolidate compiler generated dependencies of target lidar_subscriber_node[0m
[0.810s] [ 50%] [32mBuilding CXX object CMakeFiles/lidar_subscriber_node.dir/src/lidar_subscriber.cpp.o[0m
[2.871s] [01m[K/home/berkay/Desktop/custom_robot/src/lidar_driver/src/lidar_subscriber.cpp:[m[K In member function ‘[01m[Kvoid LidarSubscriber::callbackLidarData(sensor_msgs::msg::LaserScan_<std::allocator<void> >::SharedPtr)[m[K’:
[2.871s] [01m[K/home/berkay/Desktop/custom_robot/src/lidar_driver/src/lidar_subscriber.cpp:19:13:[m[K [01;35m[Kwarning: [m[Kunused variable ‘[01m[Ki[m[K’ [[01;35m[K]8;;https://gcc.gnu.org/onlinedocs/gcc/Warning-Options.html#index-Wunused-variable-Wunused-variable]8;;[m[K]
[2.871s]    19 |         int [01;35m[Ki[m[K = 0;
[2.871s]       |             [01;35m[K^[m[K
[7.608s] [100%] [32m[1mLinking CXX executable lidar_subscriber_node[0m
[7.934s] [100%] Built target lidar_subscriber_node
[7.946s] Invoked command in '/home/berkay/Desktop/custom_robot/build/lidar_driver' returned '0': CMAKE_PREFIX_PATH=${CMAKE_PREFIX_PATH}:/home/berkay/ros2_ws/install/my_package_python:/opt/ros/humble /usr/bin/cmake --build /home/berkay/Desktop/custom_robot/build/lidar_driver -- -j16 -l16
[7.986s] Invoking command in '/home/berkay/Desktop/custom_robot/build/lidar_driver': CMAKE_PREFIX_PATH=${CMAKE_PREFIX_PATH}:/home/berkay/ros2_ws/install/my_package_python:/opt/ros/humble /usr/bin/cmake --install /home/berkay/Desktop/custom_robot/build/lidar_driver
[7.994s] -- Install configuration: ""
[7.994s] -- Installing: /home/berkay/Desktop/custom_robot/install/lidar_driver/lib/lidar_driver/lidar_subscriber_node
[8.000s] -- Set runtime path of "/home/berkay/Desktop/custom_robot/install/lidar_driver/lib/lidar_driver/lidar_subscriber_node" to ""
[8.000s] -- Installing: /home/berkay/Desktop/custom_robot/install/lidar_driver/share/ament_index/resource_index/package_run_dependencies/lidar_driver
[8.000s] -- Installing: /home/berkay/Desktop/custom_robot/install/lidar_driver/share/ament_index/resource_index/parent_prefix_path/lidar_driver
[8.000s] -- Up-to-date: /home/berkay/Desktop/custom_robot/install/lidar_driver/share/lidar_driver/environment/ament_prefix_path.sh
[8.000s] -- Installing: /home/berkay/Desktop/custom_robot/install/lidar_driver/share/lidar_driver/environment/ament_prefix_path.dsv
[8.000s] -- Up-to-date: /home/berkay/Desktop/custom_robot/install/lidar_driver/share/lidar_driver/environment/path.sh
[8.000s] -- Installing: /home/berkay/Desktop/custom_robot/install/lidar_driver/share/lidar_driver/environment/path.dsv
[8.000s] -- Up-to-date: /home/berkay/Desktop/custom_robot/install/lidar_driver/share/lidar_driver/local_setup.bash
[8.000s] -- Up-to-date: /home/berkay/Desktop/custom_robot/install/lidar_driver/share/lidar_driver/local_setup.sh
[8.001s] -- Up-to-date: /home/berkay/Desktop/custom_robot/install/lidar_driver/share/lidar_driver/local_setup.zsh
[8.001s] -- Installing: /home/berkay/Desktop/custom_robot/install/lidar_driver/share/lidar_driver/local_setup.dsv
[8.001s] -- Installing: /home/berkay/Desktop/custom_robot/install/lidar_driver/share/lidar_driver/package.dsv
[8.001s] -- Up-to-date: /home/berkay/Desktop/custom_robot/install/lidar_driver/share/ament_index/resource_index/packages/lidar_driver
[8.001s] -- Up-to-date: /home/berkay/Desktop/custom_robot/install/lidar_driver/share/lidar_driver/cmake/lidar_driverConfig.cmake
[8.001s] -- Up-to-date: /home/berkay/Desktop/custom_robot/install/lidar_driver/share/lidar_driver/cmake/lidar_driverConfig-version.cmake
[8.001s] -- Installing: /home/berkay/Desktop/custom_robot/install/lidar_driver/share/lidar_driver/package.xml
[8.003s] Invoked command in '/home/berkay/Desktop/custom_robot/build/lidar_driver' returned '0': CMAKE_PREFIX_PATH=${CMAKE_PREFIX_PATH}:/home/berkay/ros2_ws/install/my_package_python:/opt/ros/humble /usr/bin/cmake --install /home/berkay/Desktop/custom_robot/build/lidar_driver
