-- Found ament_cmake: 1.3.8 (/opt/ros/humble/share/ament_cmake/cmake)
-- Override CMake install command with custom implementation using symlinks instead of copying resources
-- Configuring done
-- Generating done
-- Build files have been written to: /home/berkay/Desktop/custom_robot/build/custom_robot_description
-- Install configuration: ""
-- Execute custom install script
-- Symlinking: /home/berkay/Desktop/custom_robot/install/custom_robot_description/share/custom_robot_description//urdf/camera.xacro
-- Symlinking: /home/berkay/Desktop/custom_robot/install/custom_robot_description/share/custom_robot_description//urdf/common_properties.xacro
-- Symlinking: /home/berkay/Desktop/custom_robot/install/custom_robot_description/share/custom_robot_description//urdf/lidar.xacro
-- Symlinking: /home/berkay/Desktop/custom_robot/install/custom_robot_description/share/custom_robot_description//urdf/mobile_base.xacro
-- Symlinking: /home/berkay/Desktop/custom_robot/install/custom_robot_description/share/custom_robot_description//urdf/mobile_base_gazebo.xacro
-- Symlinking: /home/berkay/Desktop/custom_robot/install/custom_robot_description/share/custom_robot_description//urdf/my_robot.urdf.xacro
-- Symlinking: /home/berkay/Desktop/custom_robot/install/custom_robot_description/share/custom_robot_description//launch/display.launch.xml
-- Symlinking: /home/berkay/Desktop/custom_robot/install/custom_robot_description/share/custom_robot_description//rviz/urdf_config.rviz
-- Symlinking: /home/berkay/Desktop/custom_robot/install/custom_robot_description/share/ament_index/resource_index/package_run_dependencies/custom_robot_description
-- Symlinking: /home/berkay/Desktop/custom_robot/install/custom_robot_description/share/ament_index/resource_index/parent_prefix_path/custom_robot_description
-- Symlinking: /home/berkay/Desktop/custom_robot/install/custom_robot_description/share/custom_robot_description/environment/ament_prefix_path.sh
-- Symlinking: /home/berkay/Desktop/custom_robot/install/custom_robot_description/share/custom_robot_description/environment/ament_prefix_path.dsv
-- Symlinking: /home/berkay/Desktop/custom_robot/install/custom_robot_description/share/custom_robot_description/environment/path.sh
-- Symlinking: /home/berkay/Desktop/custom_robot/install/custom_robot_description/share/custom_robot_description/environment/path.dsv
-- Symlinking: /home/berkay/Desktop/custom_robot/install/custom_robot_description/share/custom_robot_description/local_setup.bash
-- Symlinking: /home/berkay/Desktop/custom_robot/install/custom_robot_description/share/custom_robot_description/local_setup.sh
-- Symlinking: /home/berkay/Desktop/custom_robot/install/custom_robot_description/share/custom_robot_description/local_setup.zsh
-- Symlinking: /home/berkay/Desktop/custom_robot/install/custom_robot_description/share/custom_robot_description/local_setup.dsv
-- Symlinking: /home/berkay/Desktop/custom_robot/install/custom_robot_description/share/custom_robot_description/package.dsv
-- Symlinking: /home/berkay/Desktop/custom_robot/install/custom_robot_description/share/ament_index/resource_index/packages/custom_robot_description
-- Symlinking: /home/berkay/Desktop/custom_robot/install/custom_robot_description/share/custom_robot_description/cmake/custom_robot_descriptionConfig.cmake
-- Symlinking: /home/berkay/Desktop/custom_robot/install/custom_robot_description/share/custom_robot_description/cmake/custom_robot_descriptionConfig-version.cmake
-- Symlinking: /home/berkay/Desktop/custom_robot/install/custom_robot_description/share/custom_robot_description/package.xml
