[0.157s] Invoking command in '/home/berkay/Desktop/custom_robot/build/custom_robot_description': CMAKE_PREFIX_PATH=${CMAKE_PREFIX_PATH}:/home/berkay/ros2_ws/install/my_package_python:/opt/ros/humble /usr/bin/cmake /home/berkay/Desktop/custom_robot/src/custom_robot_description -DAMENT_CMAKE_SYMLINK_INSTALL=1 -DCMAKE_INSTALL_PREFIX=/home/berkay/Desktop/custom_robot/install/custom_robot_description
[0.168s] -- Found ament_cmake: 1.3.8 (/opt/ros/humble/share/ament_cmake/cmake)
[0.268s] -- Override CMake install command with custom implementation using symlinks instead of copying resources
[0.330s] -- Configuring done
[0.333s] -- Generating done
[0.334s] -- Build files have been written to: /home/berkay/Desktop/custom_robot/build/custom_robot_description
[0.337s] Invoked command in '/home/berkay/Desktop/custom_robot/build/custom_robot_description' returned '0': CMAKE_PREFIX_PATH=${CMAKE_PREFIX_PATH}:/home/berkay/ros2_ws/install/my_package_python:/opt/ros/humble /usr/bin/cmake /home/berkay/Desktop/custom_robot/src/custom_robot_description -DAMENT_CMAKE_SYMLINK_INSTALL=1 -DCMAKE_INSTALL_PREFIX=/home/berkay/Desktop/custom_robot/install/custom_robot_description
[0.339s] Invoking command in '/home/berkay/Desktop/custom_robot/build/custom_robot_description': CMAKE_PREFIX_PATH=${CMAKE_PREFIX_PATH}:/home/berkay/ros2_ws/install/my_package_python:/opt/ros/humble /usr/bin/cmake --build /home/berkay/Desktop/custom_robot/build/custom_robot_description -- -j16 -l16
[0.380s] Invoked command in '/home/berkay/Desktop/custom_robot/build/custom_robot_description' returned '0': CMAKE_PREFIX_PATH=${CMAKE_PREFIX_PATH}:/home/berkay/ros2_ws/install/my_package_python:/opt/ros/humble /usr/bin/cmake --build /home/berkay/Desktop/custom_robot/build/custom_robot_description -- -j16 -l16
[0.414s] Invoking command in '/home/berkay/Desktop/custom_robot/build/custom_robot_description': CMAKE_PREFIX_PATH=${CMAKE_PREFIX_PATH}:/home/berkay/ros2_ws/install/my_package_python:/opt/ros/humble /usr/bin/cmake --install /home/berkay/Desktop/custom_robot/build/custom_robot_description
[0.422s] -- Install configuration: ""
[0.422s] -- Execute custom install script
[0.422s] -- Symlinking: /home/berkay/Desktop/custom_robot/install/custom_robot_description/share/custom_robot_description//urdf/camera.xacro
[0.432s] -- Symlinking: /home/berkay/Desktop/custom_robot/install/custom_robot_description/share/custom_robot_description//urdf/common_properties.xacro
[0.442s] -- Symlinking: /home/berkay/Desktop/custom_robot/install/custom_robot_description/share/custom_robot_description//urdf/lidar.xacro
[0.451s] -- Symlinking: /home/berkay/Desktop/custom_robot/install/custom_robot_description/share/custom_robot_description//urdf/mobile_base.xacro
[0.460s] -- Symlinking: /home/berkay/Desktop/custom_robot/install/custom_robot_description/share/custom_robot_description//urdf/mobile_base_gazebo.xacro
[0.469s] -- Symlinking: /home/berkay/Desktop/custom_robot/install/custom_robot_description/share/custom_robot_description//urdf/my_robot.urdf.xacro
[0.478s] -- Symlinking: /home/berkay/Desktop/custom_robot/install/custom_robot_description/share/custom_robot_description//launch/display.launch.xml
[0.488s] -- Symlinking: /home/berkay/Desktop/custom_robot/install/custom_robot_description/share/custom_robot_description//rviz/urdf_config.rviz
[0.497s] -- Symlinking: /home/berkay/Desktop/custom_robot/install/custom_robot_description/share/ament_index/resource_index/package_run_dependencies/custom_robot_description
[0.507s] -- Symlinking: /home/berkay/Desktop/custom_robot/install/custom_robot_description/share/ament_index/resource_index/parent_prefix_path/custom_robot_description
[0.516s] -- Symlinking: /home/berkay/Desktop/custom_robot/install/custom_robot_description/share/custom_robot_description/environment/ament_prefix_path.sh
[0.526s] -- Symlinking: /home/berkay/Desktop/custom_robot/install/custom_robot_description/share/custom_robot_description/environment/ament_prefix_path.dsv
[0.535s] -- Symlinking: /home/berkay/Desktop/custom_robot/install/custom_robot_description/share/custom_robot_description/environment/path.sh
[0.544s] -- Symlinking: /home/berkay/Desktop/custom_robot/install/custom_robot_description/share/custom_robot_description/environment/path.dsv
[0.554s] -- Symlinking: /home/berkay/Desktop/custom_robot/install/custom_robot_description/share/custom_robot_description/local_setup.bash
[0.563s] -- Symlinking: /home/berkay/Desktop/custom_robot/install/custom_robot_description/share/custom_robot_description/local_setup.sh
[0.572s] -- Symlinking: /home/berkay/Desktop/custom_robot/install/custom_robot_description/share/custom_robot_description/local_setup.zsh
[0.581s] -- Symlinking: /home/berkay/Desktop/custom_robot/install/custom_robot_description/share/custom_robot_description/local_setup.dsv
[0.590s] -- Symlinking: /home/berkay/Desktop/custom_robot/install/custom_robot_description/share/custom_robot_description/package.dsv
[0.600s] -- Symlinking: /home/berkay/Desktop/custom_robot/install/custom_robot_description/share/ament_index/resource_index/packages/custom_robot_description
[0.609s] -- Symlinking: /home/berkay/Desktop/custom_robot/install/custom_robot_description/share/custom_robot_description/cmake/custom_robot_descriptionConfig.cmake
[0.619s] -- Symlinking: /home/berkay/Desktop/custom_robot/install/custom_robot_description/share/custom_robot_description/cmake/custom_robot_descriptionConfig-version.cmake
[0.629s] -- Symlinking: /home/berkay/Desktop/custom_robot/install/custom_robot_description/share/custom_robot_description/package.xml
[0.641s] Invoked command in '/home/berkay/Desktop/custom_robot/build/custom_robot_description' returned '0': CMAKE_PREFIX_PATH=${CMAKE_PREFIX_PATH}:/home/berkay/ros2_ws/install/my_package_python:/opt/ros/humble /usr/bin/cmake --install /home/berkay/Desktop/custom_robot/build/custom_robot_description
