-- Found ament_cmake: 1.3.8 (/opt/ros/humble/share/ament_cmake/cmake)
-- Override CMake install command with custom implementation using symlinks instead of copying resources
-- Configuring done
-- Generating done
-- Build files have been written to: /home/berkay/Desktop/custom_robot/build/custom_robot_bringup
-- Install configuration: ""
-- Execute custom install script
-- Symlinking: /home/berkay/Desktop/custom_robot/install/custom_robot_bringup/share/custom_robot_bringup//launch/custom_robot_gazebo.launch.xml
-- Symlinking: /home/berkay/Desktop/custom_robot/install/custom_robot_bringup/share/custom_robot_bringup//rviz/urdf_config.rviz
-- Symlinking: /home/berkay/Desktop/custom_robot/install/custom_robot_bringup/share/custom_robot_bringup//worlds/test_world.world
-- Symlinking: /home/berkay/Desktop/custom_robot/install/custom_robot_bringup/share/ament_index/resource_index/package_run_dependencies/custom_robot_bringup
-- Symlinking: /home/berkay/Desktop/custom_robot/install/custom_robot_bringup/share/ament_index/resource_index/parent_prefix_path/custom_robot_bringup
-- Symlinking: /home/berkay/Desktop/custom_robot/install/custom_robot_bringup/share/custom_robot_bringup/environment/ament_prefix_path.sh
-- Symlinking: /home/berkay/Desktop/custom_robot/install/custom_robot_bringup/share/custom_robot_bringup/environment/ament_prefix_path.dsv
-- Symlinking: /home/berkay/Desktop/custom_robot/install/custom_robot_bringup/share/custom_robot_bringup/environment/path.sh
-- Symlinking: /home/berkay/Desktop/custom_robot/install/custom_robot_bringup/share/custom_robot_bringup/environment/path.dsv
-- Symlinking: /home/berkay/Desktop/custom_robot/install/custom_robot_bringup/share/custom_robot_bringup/local_setup.bash
-- Symlinking: /home/berkay/Desktop/custom_robot/install/custom_robot_bringup/share/custom_robot_bringup/local_setup.sh
-- Symlinking: /home/berkay/Desktop/custom_robot/install/custom_robot_bringup/share/custom_robot_bringup/local_setup.zsh
-- Symlinking: /home/berkay/Desktop/custom_robot/install/custom_robot_bringup/share/custom_robot_bringup/local_setup.dsv
-- Symlinking: /home/berkay/Desktop/custom_robot/install/custom_robot_bringup/share/custom_robot_bringup/package.dsv
-- Symlinking: /home/berkay/Desktop/custom_robot/install/custom_robot_bringup/share/ament_index/resource_index/packages/custom_robot_bringup
-- Symlinking: /home/berkay/Desktop/custom_robot/install/custom_robot_bringup/share/custom_robot_bringup/cmake/custom_robot_bringupConfig.cmake
-- Symlinking: /home/berkay/Desktop/custom_robot/install/custom_robot_bringup/share/custom_robot_bringup/cmake/custom_robot_bringupConfig-version.cmake
-- Symlinking: /home/berkay/Desktop/custom_robot/install/custom_robot_bringup/share/custom_robot_bringup/package.xml
