[0.088s] Invoking command in '/home/berkay/Desktop/custom_robot/build/custom_robot_bringup': AMENT_PREFIX_PATH=/home/berkay/Desktop/custom_robot/install/custom_robot_description:${AMENT_PREFIX_PATH} CMAKE_PREFIX_PATH=/home/berkay/Desktop/custom_robot/install/custom_robot_description:/home/berkay/Desktop/my_turtle_catcher/install/my_turtle_catcher_launcher:/home/berkay/Desktop/my_turtle_catcher/install/my_turtle_catch_them:/home/berkay/Desktop/my_turtle_catcher/install/my_turtle_catcher_data_types:/home/berkay/ros2_ws/install/my_package:/home/berkay/ros2_ws/install/my_package_python:/opt/ros/humble /usr/bin/cmake /home/berkay/Desktop/custom_robot/src/custom_robot_bringup -DAMENT_CMAKE_SYMLINK_INSTALL=1 -DCMAKE_INSTALL_PREFIX=/home/berkay/Desktop/custom_robot/install/custom_robot_bringup
[0.100s] -- Found ament_cmake: 1.3.8 (/opt/ros/humble/share/ament_cmake/cmake)
[0.201s] -- Override CMake install command with custom implementation using symlinks instead of copying resources
[0.264s] -- Configuring done
[0.267s] -- Generating done
[0.269s] -- Build files have been written to: /home/berkay/Desktop/custom_robot/build/custom_robot_bringup
[0.272s] Invoked command in '/home/berkay/Desktop/custom_robot/build/custom_robot_bringup' returned '0': AMENT_PREFIX_PATH=/home/berkay/Desktop/custom_robot/install/custom_robot_description:${AMENT_PREFIX_PATH} CMAKE_PREFIX_PATH=/home/berkay/Desktop/custom_robot/install/custom_robot_description:/home/berkay/Desktop/my_turtle_catcher/install/my_turtle_catcher_launcher:/home/berkay/Desktop/my_turtle_catcher/install/my_turtle_catch_them:/home/berkay/Desktop/my_turtle_catcher/install/my_turtle_catcher_data_types:/home/berkay/ros2_ws/install/my_package:/home/berkay/ros2_ws/install/my_package_python:/opt/ros/humble /usr/bin/cmake /home/berkay/Desktop/custom_robot/src/custom_robot_bringup -DAMENT_CMAKE_SYMLINK_INSTALL=1 -DCMAKE_INSTALL_PREFIX=/home/berkay/Desktop/custom_robot/install/custom_robot_bringup
[0.274s] Invoking command in '/home/berkay/Desktop/custom_robot/build/custom_robot_bringup': AMENT_PREFIX_PATH=/home/berkay/Desktop/custom_robot/install/custom_robot_description:${AMENT_PREFIX_PATH} CMAKE_PREFIX_PATH=/home/berkay/Desktop/custom_robot/install/custom_robot_description:/home/berkay/Desktop/my_turtle_catcher/install/my_turtle_catcher_launcher:/home/berkay/Desktop/my_turtle_catcher/install/my_turtle_catch_them:/home/berkay/Desktop/my_turtle_catcher/install/my_turtle_catcher_data_types:/home/berkay/ros2_ws/install/my_package:/home/berkay/ros2_ws/install/my_package_python:/opt/ros/humble /usr/bin/cmake --build /home/berkay/Desktop/custom_robot/build/custom_robot_bringup -- -j16 -l16
[0.315s] Invoked command in '/home/berkay/Desktop/custom_robot/build/custom_robot_bringup' returned '0': AMENT_PREFIX_PATH=/home/berkay/Desktop/custom_robot/install/custom_robot_description:${AMENT_PREFIX_PATH} CMAKE_PREFIX_PATH=/home/berkay/Desktop/custom_robot/install/custom_robot_description:/home/berkay/Desktop/my_turtle_catcher/install/my_turtle_catcher_launcher:/home/berkay/Desktop/my_turtle_catcher/install/my_turtle_catch_them:/home/berkay/Desktop/my_turtle_catcher/install/my_turtle_catcher_data_types:/home/berkay/ros2_ws/install/my_package:/home/berkay/ros2_ws/install/my_package_python:/opt/ros/humble /usr/bin/cmake --build /home/berkay/Desktop/custom_robot/build/custom_robot_bringup -- -j16 -l16
[0.343s] Invoking command in '/home/berkay/Desktop/custom_robot/build/custom_robot_bringup': AMENT_PREFIX_PATH=/home/berkay/Desktop/custom_robot/install/custom_robot_description:${AMENT_PREFIX_PATH} CMAKE_PREFIX_PATH=/home/berkay/Desktop/custom_robot/install/custom_robot_description:/home/berkay/Desktop/my_turtle_catcher/install/my_turtle_catcher_launcher:/home/berkay/Desktop/my_turtle_catcher/install/my_turtle_catch_them:/home/berkay/Desktop/my_turtle_catcher/install/my_turtle_catcher_data_types:/home/berkay/ros2_ws/install/my_package:/home/berkay/ros2_ws/install/my_package_python:/opt/ros/humble /usr/bin/cmake --install /home/berkay/Desktop/custom_robot/build/custom_robot_bringup
[0.351s] -- Install configuration: ""
[0.352s] -- Execute custom install script
[0.352s] -- Symlinking: /home/berkay/Desktop/custom_robot/install/custom_robot_bringup/share/custom_robot_bringup//launch/custom_robot_gazebo.launch.xml
[0.363s] -- Symlinking: /home/berkay/Desktop/custom_robot/install/custom_robot_bringup/share/custom_robot_bringup//rviz/urdf_config.rviz
[0.373s] -- Symlinking: /home/berkay/Desktop/custom_robot/install/custom_robot_bringup/share/custom_robot_bringup//worlds/test_world.world
[0.383s] -- Symlinking: /home/berkay/Desktop/custom_robot/install/custom_robot_bringup/share/ament_index/resource_index/package_run_dependencies/custom_robot_bringup
[0.392s] -- Symlinking: /home/berkay/Desktop/custom_robot/install/custom_robot_bringup/share/ament_index/resource_index/parent_prefix_path/custom_robot_bringup
[0.403s] -- Symlinking: /home/berkay/Desktop/custom_robot/install/custom_robot_bringup/share/custom_robot_bringup/environment/ament_prefix_path.sh
[0.412s] -- Symlinking: /home/berkay/Desktop/custom_robot/install/custom_robot_bringup/share/custom_robot_bringup/environment/ament_prefix_path.dsv
[0.423s] -- Symlinking: /home/berkay/Desktop/custom_robot/install/custom_robot_bringup/share/custom_robot_bringup/environment/path.sh
[0.434s] -- Symlinking: /home/berkay/Desktop/custom_robot/install/custom_robot_bringup/share/custom_robot_bringup/environment/path.dsv
[0.444s] -- Symlinking: /home/berkay/Desktop/custom_robot/install/custom_robot_bringup/share/custom_robot_bringup/local_setup.bash
[0.453s] -- Symlinking: /home/berkay/Desktop/custom_robot/install/custom_robot_bringup/share/custom_robot_bringup/local_setup.sh
[0.464s] -- Symlinking: /home/berkay/Desktop/custom_robot/install/custom_robot_bringup/share/custom_robot_bringup/local_setup.zsh
[0.473s] -- Symlinking: /home/berkay/Desktop/custom_robot/install/custom_robot_bringup/share/custom_robot_bringup/local_setup.dsv
[0.483s] -- Symlinking: /home/berkay/Desktop/custom_robot/install/custom_robot_bringup/share/custom_robot_bringup/package.dsv
[0.493s] -- Symlinking: /home/berkay/Desktop/custom_robot/install/custom_robot_bringup/share/ament_index/resource_index/packages/custom_robot_bringup
[0.503s] -- Symlinking: /home/berkay/Desktop/custom_robot/install/custom_robot_bringup/share/custom_robot_bringup/cmake/custom_robot_bringupConfig.cmake
[0.513s] -- Symlinking: /home/berkay/Desktop/custom_robot/install/custom_robot_bringup/share/custom_robot_bringup/cmake/custom_robot_bringupConfig-version.cmake
[0.522s] -- Symlinking: /home/berkay/Desktop/custom_robot/install/custom_robot_bringup/share/custom_robot_bringup/package.xml
[0.535s] Invoked command in '/home/berkay/Desktop/custom_robot/build/custom_robot_bringup' returned '0': AMENT_PREFIX_PATH=/home/berkay/Desktop/custom_robot/install/custom_robot_description:${AMENT_PREFIX_PATH} CMAKE_PREFIX_PATH=/home/berkay/Desktop/custom_robot/install/custom_robot_description:/home/berkay/Desktop/my_turtle_catcher/install/my_turtle_catcher_launcher:/home/berkay/Desktop/my_turtle_catcher/install/my_turtle_catch_them:/home/berkay/Desktop/my_turtle_catcher/install/my_turtle_catcher_data_types:/home/berkay/ros2_ws/install/my_package:/home/berkay/ros2_ws/install/my_package_python:/opt/ros/humble /usr/bin/cmake --install /home/berkay/Desktop/custom_robot/build/custom_robot_bringup
